[0.482s] Invoking command in '/home/kiara/final_ws/build/tutorial_interfaces': CMAKE_PREFIX_PATH=${CMAKE_PREFIX_PATH}:/home/kiara/final_ws/install/py_srvcli:/home/kiara/final_ws/install/my_robot_controller:/home/kiara/ros2_ws/install/py_pubsub:/home/kiara/ros2_ws/install/launch_testing_examples:/home/kiara/ros2_ws/install/examples_rclpy_pointcloud_publisher:/home/kiara/ros2_ws/install/examples_rclpy_minimal_subscriber:/home/kiara/ros2_ws/install/examples_rclpy_minimal_service:/home/kiara/ros2_ws/install/examples_rclpy_minimal_publisher:/home/kiara/ros2_ws/install/examples_rclpy_minimal_client:/home/kiara/ros2_ws/install/examples_rclpy_minimal_action_server:/home/kiara/ros2_ws/install/examples_rclpy_minimal_action_client:/home/kiara/ros2_ws/install/examples_rclpy_guard_conditions:/home/kiara/ros2_ws/install/examples_rclpy_executors:/opt/ros/humble /usr/bin/cmake --build /home/kiara/final_ws/build/tutorial_interfaces -- -j12 -l12
[0.551s] [ 10%] Built target tutorial_interfaces__rosidl_generator_c
[0.559s] [ 12%] Built target tutorial_interfaces__cpp
[0.565s] [ 12%] Built target ament_cmake_python_copy_tutorial_interfaces
[0.572s] [ 23%] Built target tutorial_interfaces__rosidl_typesupport_fastrtps_c
[0.574s] [ 34%] Built target tutorial_interfaces__rosidl_typesupport_introspection_c
[0.577s] [ 44%] Built target tutorial_interfaces__rosidl_typesupport_c
[0.583s] [ 55%] Built target tutorial_interfaces__rosidl_typesupport_fastrtps_cpp
[0.584s] [ 65%] Built target tutorial_interfaces__rosidl_typesupport_introspection_cpp
[0.585s] [ 76%] Built target tutorial_interfaces__rosidl_typesupport_cpp
[0.609s] [ 76%] Built target tutorial_interfaces
[0.634s] [ 78%] Built target tutorial_interfaces__py
[0.661s] [ 87%] Built target tutorial_interfaces__rosidl_generator_py
[0.682s] [ 91%] Built target tutorial_interfaces__rosidl_typesupport_introspection_c__pyext
[0.685s] [ 95%] Built target tutorial_interfaces__rosidl_typesupport_fastrtps_c__pyext
[0.685s] [100%] Built target tutorial_interfaces__rosidl_typesupport_c__pyext
[0.749s] running egg_info
[0.749s] writing tutorial_interfaces.egg-info/PKG-INFO
[0.749s] writing dependency_links to tutorial_interfaces.egg-info/dependency_links.txt
[0.749s] writing top-level names to tutorial_interfaces.egg-info/top_level.txt
[0.751s] reading manifest file 'tutorial_interfaces.egg-info/SOURCES.txt'
[0.751s] writing manifest file 'tutorial_interfaces.egg-info/SOURCES.txt'
[0.773s] [100%] Built target ament_cmake_python_build_tutorial_interfaces_egg
[0.783s] Invoked command in '/home/kiara/final_ws/build/tutorial_interfaces' returned '0': CMAKE_PREFIX_PATH=${CMAKE_PREFIX_PATH}:/home/kiara/final_ws/install/py_srvcli:/home/kiara/final_ws/install/my_robot_controller:/home/kiara/ros2_ws/install/py_pubsub:/home/kiara/ros2_ws/install/launch_testing_examples:/home/kiara/ros2_ws/install/examples_rclpy_pointcloud_publisher:/home/kiara/ros2_ws/install/examples_rclpy_minimal_subscriber:/home/kiara/ros2_ws/install/examples_rclpy_minimal_service:/home/kiara/ros2_ws/install/examples_rclpy_minimal_publisher:/home/kiara/ros2_ws/install/examples_rclpy_minimal_client:/home/kiara/ros2_ws/install/examples_rclpy_minimal_action_server:/home/kiara/ros2_ws/install/examples_rclpy_minimal_action_client:/home/kiara/ros2_ws/install/examples_rclpy_guard_conditions:/home/kiara/ros2_ws/install/examples_rclpy_executors:/opt/ros/humble /usr/bin/cmake --build /home/kiara/final_ws/build/tutorial_interfaces -- -j12 -l12
[0.784s] Invoking command in '/home/kiara/final_ws/build/tutorial_interfaces': CMAKE_PREFIX_PATH=${CMAKE_PREFIX_PATH}:/home/kiara/final_ws/install/py_srvcli:/home/kiara/final_ws/install/my_robot_controller:/home/kiara/ros2_ws/install/py_pubsub:/home/kiara/ros2_ws/install/launch_testing_examples:/home/kiara/ros2_ws/install/examples_rclpy_pointcloud_publisher:/home/kiara/ros2_ws/install/examples_rclpy_minimal_subscriber:/home/kiara/ros2_ws/install/examples_rclpy_minimal_service:/home/kiara/ros2_ws/install/examples_rclpy_minimal_publisher:/home/kiara/ros2_ws/install/examples_rclpy_minimal_client:/home/kiara/ros2_ws/install/examples_rclpy_minimal_action_server:/home/kiara/ros2_ws/install/examples_rclpy_minimal_action_client:/home/kiara/ros2_ws/install/examples_rclpy_guard_conditions:/home/kiara/ros2_ws/install/examples_rclpy_executors:/opt/ros/humble /usr/bin/cmake --install /home/kiara/final_ws/build/tutorial_interfaces
[0.794s] -- Install configuration: ""
[0.794s] -- Up-to-date: /home/kiara/final_ws/install/tutorial_interfaces/share/ament_index/resource_index/rosidl_interfaces/tutorial_interfaces
[0.794s] -- Up-to-date: /home/kiara/final_ws/install/tutorial_interfaces/include/tutorial_interfaces/tutorial_interfaces
[0.794s] -- Up-to-date: /home/kiara/final_ws/install/tutorial_interfaces/include/tutorial_interfaces/tutorial_interfaces/srv
[0.795s] -- Up-to-date: /home/kiara/final_ws/install/tutorial_interfaces/include/tutorial_interfaces/tutorial_interfaces/srv/detail
[0.795s] -- Up-to-date: /home/kiara/final_ws/install/tutorial_interfaces/include/tutorial_interfaces/tutorial_interfaces/srv/detail/add_three_ints__struct.h
[0.795s] -- Up-to-date: /home/kiara/final_ws/install/tutorial_interfaces/include/tutorial_interfaces/tutorial_interfaces/srv/detail/add_three_ints__functions.h
[0.795s] -- Up-to-date: /home/kiara/final_ws/install/tutorial_interfaces/include/tutorial_interfaces/tutorial_interfaces/srv/detail/add_three_ints__functions.c
[0.795s] -- Up-to-date: /home/kiara/final_ws/install/tutorial_interfaces/include/tutorial_interfaces/tutorial_interfaces/srv/detail/add_three_ints__type_support.h
[0.795s] -- Up-to-date: /home/kiara/final_ws/install/tutorial_interfaces/include/tutorial_interfaces/tutorial_interfaces/srv/add_three_ints.h
[0.795s] -- Up-to-date: /home/kiara/final_ws/install/tutorial_interfaces/include/tutorial_interfaces/tutorial_interfaces/msg
[0.795s] -- Up-to-date: /home/kiara/final_ws/install/tutorial_interfaces/include/tutorial_interfaces/tutorial_interfaces/msg/detail
[0.795s] -- Up-to-date: /home/kiara/final_ws/install/tutorial_interfaces/include/tutorial_interfaces/tutorial_interfaces/msg/detail/sphere__functions.h
[0.795s] -- Up-to-date: /home/kiara/final_ws/install/tutorial_interfaces/include/tutorial_interfaces/tutorial_interfaces/msg/detail/num__type_support.h
[0.795s] -- Up-to-date: /home/kiara/final_ws/install/tutorial_interfaces/include/tutorial_interfaces/tutorial_interfaces/msg/detail/num__functions.c
[0.796s] -- Up-to-date: /home/kiara/final_ws/install/tutorial_interfaces/include/tutorial_interfaces/tutorial_interfaces/msg/detail/sphere__type_support.h
[0.796s] -- Up-to-date: /home/kiara/final_ws/install/tutorial_interfaces/include/tutorial_interfaces/tutorial_interfaces/msg/detail/num__struct.h
[0.796s] -- Up-to-date: /home/kiara/final_ws/install/tutorial_interfaces/include/tutorial_interfaces/tutorial_interfaces/msg/detail/num__functions.h
[0.796s] -- Up-to-date: /home/kiara/final_ws/install/tutorial_interfaces/include/tutorial_interfaces/tutorial_interfaces/msg/detail/sphere__functions.c
[0.796s] -- Up-to-date: /home/kiara/final_ws/install/tutorial_interfaces/include/tutorial_interfaces/tutorial_interfaces/msg/detail/sphere__struct.h
[0.797s] -- Up-to-date: /home/kiara/final_ws/install/tutorial_interfaces/include/tutorial_interfaces/tutorial_interfaces/msg/sphere.h
[0.797s] -- Up-to-date: /home/kiara/final_ws/install/tutorial_interfaces/include/tutorial_interfaces/tutorial_interfaces/msg/num.h
[0.797s] -- Up-to-date: /home/kiara/final_ws/install/tutorial_interfaces/include/tutorial_interfaces/tutorial_interfaces/msg/rosidl_generator_c__visibility_control.h
[0.797s] -- Up-to-date: /home/kiara/final_ws/install/tutorial_interfaces/share/tutorial_interfaces/environment/library_path.sh
[0.797s] -- Up-to-date: /home/kiara/final_ws/install/tutorial_interfaces/share/tutorial_interfaces/environment/library_path.dsv
[0.797s] -- Up-to-date: /home/kiara/final_ws/install/tutorial_interfaces/lib/libtutorial_interfaces__rosidl_generator_c.so
[0.797s] -- Up-to-date: /home/kiara/final_ws/install/tutorial_interfaces/include/tutorial_interfaces/tutorial_interfaces
[0.797s] -- Up-to-date: /home/kiara/final_ws/install/tutorial_interfaces/include/tutorial_interfaces/tutorial_interfaces/srv
[0.797s] -- Up-to-date: /home/kiara/final_ws/install/tutorial_interfaces/include/tutorial_interfaces/tutorial_interfaces/srv/detail
[0.798s] -- Up-to-date: /home/kiara/final_ws/install/tutorial_interfaces/include/tutorial_interfaces/tutorial_interfaces/srv/detail/add_three_ints__rosidl_typesupport_fastrtps_c.h
[0.798s] -- Up-to-date: /home/kiara/final_ws/install/tutorial_interfaces/include/tutorial_interfaces/tutorial_interfaces/msg
[0.798s] -- Up-to-date: /home/kiara/final_ws/install/tutorial_interfaces/include/tutorial_interfaces/tutorial_interfaces/msg/rosidl_typesupport_fastrtps_c__visibility_control.h
[0.798s] -- Up-to-date: /home/kiara/final_ws/install/tutorial_interfaces/include/tutorial_interfaces/tutorial_interfaces/msg/detail
[0.798s] -- Up-to-date: /home/kiara/final_ws/install/tutorial_interfaces/include/tutorial_interfaces/tutorial_interfaces/msg/detail/num__rosidl_typesupport_fastrtps_c.h
[0.798s] -- Up-to-date: /home/kiara/final_ws/install/tutorial_interfaces/include/tutorial_interfaces/tutorial_interfaces/msg/detail/sphere__rosidl_typesupport_fastrtps_c.h
[0.798s] -- Up-to-date: /home/kiara/final_ws/install/tutorial_interfaces/lib/libtutorial_interfaces__rosidl_typesupport_fastrtps_c.so
[0.798s] -- Up-to-date: /home/kiara/final_ws/install/tutorial_interfaces/include/tutorial_interfaces/tutorial_interfaces
[0.798s] -- Up-to-date: /home/kiara/final_ws/install/tutorial_interfaces/include/tutorial_interfaces/tutorial_interfaces/srv
[0.798s] -- Up-to-date: /home/kiara/final_ws/install/tutorial_interfaces/include/tutorial_interfaces/tutorial_interfaces/srv/add_three_ints.hpp
[0.799s] -- Up-to-date: /home/kiara/final_ws/install/tutorial_interfaces/include/tutorial_interfaces/tutorial_interfaces/srv/detail
[0.799s] -- Up-to-date: /home/kiara/final_ws/install/tutorial_interfaces/include/tutorial_interfaces/tutorial_interfaces/srv/detail/add_three_ints__struct.hpp
[0.799s] -- Up-to-date: /home/kiara/final_ws/install/tutorial_interfaces/include/tutorial_interfaces/tutorial_interfaces/srv/detail/add_three_ints__builder.hpp
[0.799s] -- Up-to-date: /home/kiara/final_ws/install/tutorial_interfaces/include/tutorial_interfaces/tutorial_interfaces/srv/detail/add_three_ints__type_support.hpp
[0.799s] -- Up-to-date: /home/kiara/final_ws/install/tutorial_interfaces/include/tutorial_interfaces/tutorial_interfaces/srv/detail/add_three_ints__traits.hpp
[0.799s] -- Up-to-date: /home/kiara/final_ws/install/tutorial_interfaces/include/tutorial_interfaces/tutorial_interfaces/msg
[0.799s] -- Up-to-date: /home/kiara/final_ws/install/tutorial_interfaces/include/tutorial_interfaces/tutorial_interfaces/msg/num.hpp
[0.799s] -- Up-to-date: /home/kiara/final_ws/install/tutorial_interfaces/include/tutorial_interfaces/tutorial_interfaces/msg/detail
[0.799s] -- Up-to-date: /home/kiara/final_ws/install/tutorial_interfaces/include/tutorial_interfaces/tutorial_interfaces/msg/detail/sphere__type_support.hpp
[0.799s] -- Up-to-date: /home/kiara/final_ws/install/tutorial_interfaces/include/tutorial_interfaces/tutorial_interfaces/msg/detail/sphere__traits.hpp
[0.799s] -- Up-to-date: /home/kiara/final_ws/install/tutorial_interfaces/include/tutorial_interfaces/tutorial_interfaces/msg/detail/num__struct.hpp
[0.800s] -- Up-to-date: /home/kiara/final_ws/install/tutorial_interfaces/include/tutorial_interfaces/tutorial_interfaces/msg/detail/num__type_support.hpp
[0.800s] -- Up-to-date: /home/kiara/final_ws/install/tutorial_interfaces/include/tutorial_interfaces/tutorial_interfaces/msg/detail/num__builder.hpp
[0.800s] -- Up-to-date: /home/kiara/final_ws/install/tutorial_interfaces/include/tutorial_interfaces/tutorial_interfaces/msg/detail/sphere__struct.hpp
[0.800s] -- Up-to-date: /home/kiara/final_ws/install/tutorial_interfaces/include/tutorial_interfaces/tutorial_interfaces/msg/detail/num__traits.hpp
[0.800s] -- Up-to-date: /home/kiara/final_ws/install/tutorial_interfaces/include/tutorial_interfaces/tutorial_interfaces/msg/detail/sphere__builder.hpp
[0.800s] -- Up-to-date: /home/kiara/final_ws/install/tutorial_interfaces/include/tutorial_interfaces/tutorial_interfaces/msg/sphere.hpp
[0.800s] -- Up-to-date: /home/kiara/final_ws/install/tutorial_interfaces/include/tutorial_interfaces/tutorial_interfaces/msg/rosidl_generator_cpp__visibility_control.hpp
[0.800s] -- Up-to-date: /home/kiara/final_ws/install/tutorial_interfaces/include/tutorial_interfaces/tutorial_interfaces
[0.800s] -- Up-to-date: /home/kiara/final_ws/install/tutorial_interfaces/include/tutorial_interfaces/tutorial_interfaces/srv
[0.800s] -- Up-to-date: /home/kiara/final_ws/install/tutorial_interfaces/include/tutorial_interfaces/tutorial_interfaces/srv/detail
[0.801s] -- Up-to-date: /home/kiara/final_ws/install/tutorial_interfaces/include/tutorial_interfaces/tutorial_interfaces/srv/detail/add_three_ints__rosidl_typesupport_fastrtps_cpp.hpp
[0.801s] -- Up-to-date: /home/kiara/final_ws/install/tutorial_interfaces/include/tutorial_interfaces/tutorial_interfaces/srv/detail/dds_fastrtps
[0.801s] -- Up-to-date: /home/kiara/final_ws/install/tutorial_interfaces/include/tutorial_interfaces/tutorial_interfaces/msg
[0.801s] -- Up-to-date: /home/kiara/final_ws/install/tutorial_interfaces/include/tutorial_interfaces/tutorial_interfaces/msg/detail
[0.801s] -- Up-to-date: /home/kiara/final_ws/install/tutorial_interfaces/include/tutorial_interfaces/tutorial_interfaces/msg/detail/num__rosidl_typesupport_fastrtps_cpp.hpp
[0.801s] -- Up-to-date: /home/kiara/final_ws/install/tutorial_interfaces/include/tutorial_interfaces/tutorial_interfaces/msg/detail/sphere__rosidl_typesupport_fastrtps_cpp.hpp
[0.801s] -- Up-to-date: /home/kiara/final_ws/install/tutorial_interfaces/include/tutorial_interfaces/tutorial_interfaces/msg/detail/dds_fastrtps
[0.801s] -- Up-to-date: /home/kiara/final_ws/install/tutorial_interfaces/include/tutorial_interfaces/tutorial_interfaces/msg/rosidl_typesupport_fastrtps_cpp__visibility_control.h
[0.801s] -- Up-to-date: /home/kiara/final_ws/install/tutorial_interfaces/lib/libtutorial_interfaces__rosidl_typesupport_fastrtps_cpp.so
[0.801s] -- Up-to-date: /home/kiara/final_ws/install/tutorial_interfaces/include/tutorial_interfaces/tutorial_interfaces
[0.801s] -- Up-to-date: /home/kiara/final_ws/install/tutorial_interfaces/include/tutorial_interfaces/tutorial_interfaces/srv
[0.801s] -- Up-to-date: /home/kiara/final_ws/install/tutorial_interfaces/include/tutorial_interfaces/tutorial_interfaces/srv/detail
[0.802s] -- Up-to-date: /home/kiara/final_ws/install/tutorial_interfaces/include/tutorial_interfaces/tutorial_interfaces/srv/detail/add_three_ints__type_support.c
[0.802s] -- Up-to-date: /home/kiara/final_ws/install/tutorial_interfaces/include/tutorial_interfaces/tutorial_interfaces/srv/detail/add_three_ints__rosidl_typesupport_introspection_c.h
[0.802s] -- Up-to-date: /home/kiara/final_ws/install/tutorial_interfaces/include/tutorial_interfaces/tutorial_interfaces/msg
[0.802s] -- Up-to-date: /home/kiara/final_ws/install/tutorial_interfaces/include/tutorial_interfaces/tutorial_interfaces/msg/detail
[0.802s] -- Up-to-date: /home/kiara/final_ws/install/tutorial_interfaces/include/tutorial_interfaces/tutorial_interfaces/msg/detail/num__rosidl_typesupport_introspection_c.h
[0.802s] -- Up-to-date: /home/kiara/final_ws/install/tutorial_interfaces/include/tutorial_interfaces/tutorial_interfaces/msg/detail/sphere__type_support.c
[0.802s] -- Up-to-date: /home/kiara/final_ws/install/tutorial_interfaces/include/tutorial_interfaces/tutorial_interfaces/msg/detail/sphere__rosidl_typesupport_introspection_c.h
[0.802s] -- Up-to-date: /home/kiara/final_ws/install/tutorial_interfaces/include/tutorial_interfaces/tutorial_interfaces/msg/detail/num__type_support.c
[0.802s] -- Up-to-date: /home/kiara/final_ws/install/tutorial_interfaces/include/tutorial_interfaces/tutorial_interfaces/msg/rosidl_typesupport_introspection_c__visibility_control.h
[0.802s] -- Up-to-date: /home/kiara/final_ws/install/tutorial_interfaces/lib/libtutorial_interfaces__rosidl_typesupport_introspection_c.so
[0.802s] -- Up-to-date: /home/kiara/final_ws/install/tutorial_interfaces/lib/libtutorial_interfaces__rosidl_typesupport_c.so
[0.802s] -- Up-to-date: /home/kiara/final_ws/install/tutorial_interfaces/include/tutorial_interfaces/tutorial_interfaces
[0.803s] -- Up-to-date: /home/kiara/final_ws/install/tutorial_interfaces/include/tutorial_interfaces/tutorial_interfaces/srv
[0.803s] -- Up-to-date: /home/kiara/final_ws/install/tutorial_interfaces/include/tutorial_interfaces/tutorial_interfaces/srv/detail
[0.803s] -- Up-to-date: /home/kiara/final_ws/install/tutorial_interfaces/include/tutorial_interfaces/tutorial_interfaces/srv/detail/add_three_ints__type_support.cpp
[0.803s] -- Up-to-date: /home/kiara/final_ws/install/tutorial_interfaces/include/tutorial_interfaces/tutorial_interfaces/srv/detail/add_three_ints__rosidl_typesupport_introspection_cpp.hpp
[0.803s] -- Up-to-date: /home/kiara/final_ws/install/tutorial_interfaces/include/tutorial_interfaces/tutorial_interfaces/msg
[0.803s] -- Up-to-date: /home/kiara/final_ws/install/tutorial_interfaces/include/tutorial_interfaces/tutorial_interfaces/msg/detail
[0.803s] -- Up-to-date: /home/kiara/final_ws/install/tutorial_interfaces/include/tutorial_interfaces/tutorial_interfaces/msg/detail/num__rosidl_typesupport_introspection_cpp.hpp
[0.803s] -- Up-to-date: /home/kiara/final_ws/install/tutorial_interfaces/include/tutorial_interfaces/tutorial_interfaces/msg/detail/num__type_support.cpp
[0.803s] -- Up-to-date: /home/kiara/final_ws/install/tutorial_interfaces/include/tutorial_interfaces/tutorial_interfaces/msg/detail/sphere__type_support.cpp
[0.803s] -- Up-to-date: /home/kiara/final_ws/install/tutorial_interfaces/include/tutorial_interfaces/tutorial_interfaces/msg/detail/sphere__rosidl_typesupport_introspection_cpp.hpp
[0.803s] -- Up-to-date: /home/kiara/final_ws/install/tutorial_interfaces/lib/libtutorial_interfaces__rosidl_typesupport_introspection_cpp.so
[0.803s] -- Up-to-date: /home/kiara/final_ws/install/tutorial_interfaces/lib/libtutorial_interfaces__rosidl_typesupport_cpp.so
[0.803s] -- Up-to-date: /home/kiara/final_ws/install/tutorial_interfaces/share/tutorial_interfaces/environment/pythonpath.sh
[0.804s] -- Up-to-date: /home/kiara/final_ws/install/tutorial_interfaces/share/tutorial_interfaces/environment/pythonpath.dsv
[0.804s] -- Up-to-date: /home/kiara/final_ws/install/tutorial_interfaces/local/lib/python3.10/dist-packages/tutorial_interfaces-0.0.0-py3.10.egg-info
[0.804s] -- Installing: /home/kiara/final_ws/install/tutorial_interfaces/local/lib/python3.10/dist-packages/tutorial_interfaces-0.0.0-py3.10.egg-info/SOURCES.txt
[0.804s] -- Installing: /home/kiara/final_ws/install/tutorial_interfaces/local/lib/python3.10/dist-packages/tutorial_interfaces-0.0.0-py3.10.egg-info/dependency_links.txt
[0.804s] -- Installing: /home/kiara/final_ws/install/tutorial_interfaces/local/lib/python3.10/dist-packages/tutorial_interfaces-0.0.0-py3.10.egg-info/top_level.txt
[0.804s] -- Installing: /home/kiara/final_ws/install/tutorial_interfaces/local/lib/python3.10/dist-packages/tutorial_interfaces-0.0.0-py3.10.egg-info/PKG-INFO
[0.804s] -- Up-to-date: /home/kiara/final_ws/install/tutorial_interfaces/local/lib/python3.10/dist-packages/tutorial_interfaces
[0.804s] -- Up-to-date: /home/kiara/final_ws/install/tutorial_interfaces/local/lib/python3.10/dist-packages/tutorial_interfaces/libtutorial_interfaces__rosidl_generator_py.so
[0.804s] -- Up-to-date: /home/kiara/final_ws/install/tutorial_interfaces/local/lib/python3.10/dist-packages/tutorial_interfaces/srv
[0.804s] -- Up-to-date: /home/kiara/final_ws/install/tutorial_interfaces/local/lib/python3.10/dist-packages/tutorial_interfaces/srv/_add_three_ints.py
[0.804s] -- Up-to-date: /home/kiara/final_ws/install/tutorial_interfaces/local/lib/python3.10/dist-packages/tutorial_interfaces/srv/_add_three_ints_s.c
[0.804s] -- Up-to-date: /home/kiara/final_ws/install/tutorial_interfaces/local/lib/python3.10/dist-packages/tutorial_interfaces/srv/__init__.py
[0.805s] -- Up-to-date: /home/kiara/final_ws/install/tutorial_interfaces/local/lib/python3.10/dist-packages/tutorial_interfaces/_tutorial_interfaces_s.ep.rosidl_typesupport_c.c
[0.805s] -- Up-to-date: /home/kiara/final_ws/install/tutorial_interfaces/local/lib/python3.10/dist-packages/tutorial_interfaces/_tutorial_interfaces_s.ep.rosidl_typesupport_fastrtps_c.c
[0.805s] -- Up-to-date: /home/kiara/final_ws/install/tutorial_interfaces/local/lib/python3.10/dist-packages/tutorial_interfaces/_tutorial_interfaces_s.ep.rosidl_typesupport_introspection_c.c
[0.805s] -- Up-to-date: /home/kiara/final_ws/install/tutorial_interfaces/local/lib/python3.10/dist-packages/tutorial_interfaces/tutorial_interfaces_s__rosidl_typesupport_introspection_c.cpython-310-x86_64-linux-gnu.so
[0.805s] -- Up-to-date: /home/kiara/final_ws/install/tutorial_interfaces/local/lib/python3.10/dist-packages/tutorial_interfaces/msg
[0.805s] -- Up-to-date: /home/kiara/final_ws/install/tutorial_interfaces/local/lib/python3.10/dist-packages/tutorial_interfaces/msg/_sphere_s.c
[0.805s] -- Up-to-date: /home/kiara/final_ws/install/tutorial_interfaces/local/lib/python3.10/dist-packages/tutorial_interfaces/msg/_num_s.c
[0.805s] -- Up-to-date: /home/kiara/final_ws/install/tutorial_interfaces/local/lib/python3.10/dist-packages/tutorial_interfaces/msg/_num.py
[0.805s] -- Up-to-date: /home/kiara/final_ws/install/tutorial_interfaces/local/lib/python3.10/dist-packages/tutorial_interfaces/msg/__init__.py
[0.805s] -- Up-to-date: /home/kiara/final_ws/install/tutorial_interfaces/local/lib/python3.10/dist-packages/tutorial_interfaces/msg/_sphere.py
[0.805s] -- Up-to-date: /home/kiara/final_ws/install/tutorial_interfaces/local/lib/python3.10/dist-packages/tutorial_interfaces/tutorial_interfaces_s__rosidl_typesupport_fastrtps_c.cpython-310-x86_64-linux-gnu.so
[0.805s] -- Up-to-date: /home/kiara/final_ws/install/tutorial_interfaces/local/lib/python3.10/dist-packages/tutorial_interfaces/__init__.py
[0.805s] -- Up-to-date: /home/kiara/final_ws/install/tutorial_interfaces/local/lib/python3.10/dist-packages/tutorial_interfaces/tutorial_interfaces_s__rosidl_typesupport_c.cpython-310-x86_64-linux-gnu.so
[0.851s] Listing '/home/kiara/final_ws/install/tutorial_interfaces/local/lib/python3.10/dist-packages/tutorial_interfaces'...
[0.851s] Listing '/home/kiara/final_ws/install/tutorial_interfaces/local/lib/python3.10/dist-packages/tutorial_interfaces/msg'...
[0.851s] Listing '/home/kiara/final_ws/install/tutorial_interfaces/local/lib/python3.10/dist-packages/tutorial_interfaces/srv'...
[0.858s] -- Up-to-date: /home/kiara/final_ws/install/tutorial_interfaces/local/lib/python3.10/dist-packages/tutorial_interfaces/tutorial_interfaces_s__rosidl_typesupport_fastrtps_c.cpython-310-x86_64-linux-gnu.so
[0.858s] -- Up-to-date: /home/kiara/final_ws/install/tutorial_interfaces/local/lib/python3.10/dist-packages/tutorial_interfaces/tutorial_interfaces_s__rosidl_typesupport_introspection_c.cpython-310-x86_64-linux-gnu.so
[0.858s] -- Up-to-date: /home/kiara/final_ws/install/tutorial_interfaces/local/lib/python3.10/dist-packages/tutorial_interfaces/tutorial_interfaces_s__rosidl_typesupport_c.cpython-310-x86_64-linux-gnu.so
[0.858s] -- Up-to-date: /home/kiara/final_ws/install/tutorial_interfaces/lib/libtutorial_interfaces__rosidl_generator_py.so
[0.859s] -- Up-to-date: /home/kiara/final_ws/install/tutorial_interfaces/share/tutorial_interfaces/msg/Num.idl
[0.859s] -- Up-to-date: /home/kiara/final_ws/install/tutorial_interfaces/share/tutorial_interfaces/msg/Sphere.idl
[0.859s] -- Up-to-date: /home/kiara/final_ws/install/tutorial_interfaces/share/tutorial_interfaces/srv/AddThreeInts.idl
[0.859s] -- Up-to-date: /home/kiara/final_ws/install/tutorial_interfaces/share/tutorial_interfaces/msg/Num.msg
[0.859s] -- Up-to-date: /home/kiara/final_ws/install/tutorial_interfaces/share/tutorial_interfaces/msg/Sphere.msg
[0.859s] -- Up-to-date: /home/kiara/final_ws/install/tutorial_interfaces/share/tutorial_interfaces/srv/AddThreeInts.srv
[0.859s] -- Up-to-date: /home/kiara/final_ws/install/tutorial_interfaces/share/tutorial_interfaces/srv/AddThreeInts_Request.msg
[0.859s] -- Up-to-date: /home/kiara/final_ws/install/tutorial_interfaces/share/tutorial_interfaces/srv/AddThreeInts_Response.msg
[0.859s] -- Up-to-date: /home/kiara/final_ws/install/tutorial_interfaces/share/ament_index/resource_index/package_run_dependencies/tutorial_interfaces
[0.860s] -- Up-to-date: /home/kiara/final_ws/install/tutorial_interfaces/share/ament_index/resource_index/parent_prefix_path/tutorial_interfaces
[0.860s] -- Up-to-date: /home/kiara/final_ws/install/tutorial_interfaces/share/tutorial_interfaces/environment/ament_prefix_path.sh
[0.860s] -- Up-to-date: /home/kiara/final_ws/install/tutorial_interfaces/share/tutorial_interfaces/environment/ament_prefix_path.dsv
[0.860s] -- Up-to-date: /home/kiara/final_ws/install/tutorial_interfaces/share/tutorial_interfaces/environment/path.sh
[0.860s] -- Up-to-date: /home/kiara/final_ws/install/tutorial_interfaces/share/tutorial_interfaces/environment/path.dsv
[0.860s] -- Up-to-date: /home/kiara/final_ws/install/tutorial_interfaces/share/tutorial_interfaces/local_setup.bash
[0.860s] -- Up-to-date: /home/kiara/final_ws/install/tutorial_interfaces/share/tutorial_interfaces/local_setup.sh
[0.860s] -- Up-to-date: /home/kiara/final_ws/install/tutorial_interfaces/share/tutorial_interfaces/local_setup.zsh
[0.860s] -- Up-to-date: /home/kiara/final_ws/install/tutorial_interfaces/share/tutorial_interfaces/local_setup.dsv
[0.860s] -- Installing: /home/kiara/final_ws/install/tutorial_interfaces/share/tutorial_interfaces/package.dsv
[0.860s] -- Up-to-date: /home/kiara/final_ws/install/tutorial_interfaces/share/ament_index/resource_index/packages/tutorial_interfaces
[0.861s] -- Up-to-date: /home/kiara/final_ws/install/tutorial_interfaces/share/tutorial_interfaces/cmake/export_tutorial_interfaces__rosidl_generator_cExport.cmake
[0.861s] -- Up-to-date: /home/kiara/final_ws/install/tutorial_interfaces/share/tutorial_interfaces/cmake/export_tutorial_interfaces__rosidl_generator_cExport-noconfig.cmake
[0.861s] -- Up-to-date: /home/kiara/final_ws/install/tutorial_interfaces/share/tutorial_interfaces/cmake/export_tutorial_interfaces__rosidl_typesupport_fastrtps_cExport.cmake
[0.861s] -- Up-to-date: /home/kiara/final_ws/install/tutorial_interfaces/share/tutorial_interfaces/cmake/export_tutorial_interfaces__rosidl_typesupport_fastrtps_cExport-noconfig.cmake
[0.861s] -- Up-to-date: /home/kiara/final_ws/install/tutorial_interfaces/share/tutorial_interfaces/cmake/export_tutorial_interfaces__rosidl_generator_cppExport.cmake
[0.861s] -- Up-to-date: /home/kiara/final_ws/install/tutorial_interfaces/share/tutorial_interfaces/cmake/export_tutorial_interfaces__rosidl_typesupport_fastrtps_cppExport.cmake
[0.861s] -- Up-to-date: /home/kiara/final_ws/install/tutorial_interfaces/share/tutorial_interfaces/cmake/export_tutorial_interfaces__rosidl_typesupport_fastrtps_cppExport-noconfig.cmake
[0.861s] -- Up-to-date: /home/kiara/final_ws/install/tutorial_interfaces/share/tutorial_interfaces/cmake/tutorial_interfaces__rosidl_typesupport_introspection_cExport.cmake
[0.861s] -- Up-to-date: /home/kiara/final_ws/install/tutorial_interfaces/share/tutorial_interfaces/cmake/tutorial_interfaces__rosidl_typesupport_introspection_cExport-noconfig.cmake
[0.861s] -- Up-to-date: /home/kiara/final_ws/install/tutorial_interfaces/share/tutorial_interfaces/cmake/tutorial_interfaces__rosidl_typesupport_cExport.cmake
[0.861s] -- Up-to-date: /home/kiara/final_ws/install/tutorial_interfaces/share/tutorial_interfaces/cmake/tutorial_interfaces__rosidl_typesupport_cExport-noconfig.cmake
[0.861s] -- Up-to-date: /home/kiara/final_ws/install/tutorial_interfaces/share/tutorial_interfaces/cmake/tutorial_interfaces__rosidl_typesupport_introspection_cppExport.cmake
[0.862s] -- Up-to-date: /home/kiara/final_ws/install/tutorial_interfaces/share/tutorial_interfaces/cmake/tutorial_interfaces__rosidl_typesupport_introspection_cppExport-noconfig.cmake
[0.862s] -- Up-to-date: /home/kiara/final_ws/install/tutorial_interfaces/share/tutorial_interfaces/cmake/tutorial_interfaces__rosidl_typesupport_cppExport.cmake
[0.862s] -- Up-to-date: /home/kiara/final_ws/install/tutorial_interfaces/share/tutorial_interfaces/cmake/tutorial_interfaces__rosidl_typesupport_cppExport-noconfig.cmake
[0.863s] -- Up-to-date: /home/kiara/final_ws/install/tutorial_interfaces/share/tutorial_interfaces/cmake/export_tutorial_interfaces__rosidl_generator_pyExport.cmake
[0.863s] -- Up-to-date: /home/kiara/final_ws/install/tutorial_interfaces/share/tutorial_interfaces/cmake/export_tutorial_interfaces__rosidl_generator_pyExport-noconfig.cmake
[0.863s] -- Up-to-date: /home/kiara/final_ws/install/tutorial_interfaces/share/tutorial_interfaces/cmake/rosidl_cmake-extras.cmake
[0.863s] -- Up-to-date: /home/kiara/final_ws/install/tutorial_interfaces/share/tutorial_interfaces/cmake/ament_cmake_export_dependencies-extras.cmake
[0.863s] -- Up-to-date: /home/kiara/final_ws/install/tutorial_interfaces/share/tutorial_interfaces/cmake/ament_cmake_export_include_directories-extras.cmake
[0.863s] -- Up-to-date: /home/kiara/final_ws/install/tutorial_interfaces/share/tutorial_interfaces/cmake/ament_cmake_export_libraries-extras.cmake
[0.864s] -- Up-to-date: /home/kiara/final_ws/install/tutorial_interfaces/share/tutorial_interfaces/cmake/ament_cmake_export_targets-extras.cmake
[0.864s] -- Up-to-date: /home/kiara/final_ws/install/tutorial_interfaces/share/tutorial_interfaces/cmake/rosidl_cmake_export_typesupport_targets-extras.cmake
[0.864s] -- Up-to-date: /home/kiara/final_ws/install/tutorial_interfaces/share/tutorial_interfaces/cmake/rosidl_cmake_export_typesupport_libraries-extras.cmake
[0.864s] -- Up-to-date: /home/kiara/final_ws/install/tutorial_interfaces/share/tutorial_interfaces/cmake/tutorial_interfacesConfig.cmake
[0.864s] -- Up-to-date: /home/kiara/final_ws/install/tutorial_interfaces/share/tutorial_interfaces/cmake/tutorial_interfacesConfig-version.cmake
[0.864s] -- Up-to-date: /home/kiara/final_ws/install/tutorial_interfaces/share/tutorial_interfaces/package.xml
[0.864s] Invoked command in '/home/kiara/final_ws/build/tutorial_interfaces' returned '0': CMAKE_PREFIX_PATH=${CMAKE_PREFIX_PATH}:/home/kiara/final_ws/install/py_srvcli:/home/kiara/final_ws/install/my_robot_controller:/home/kiara/ros2_ws/install/py_pubsub:/home/kiara/ros2_ws/install/launch_testing_examples:/home/kiara/ros2_ws/install/examples_rclpy_pointcloud_publisher:/home/kiara/ros2_ws/install/examples_rclpy_minimal_subscriber:/home/kiara/ros2_ws/install/examples_rclpy_minimal_service:/home/kiara/ros2_ws/install/examples_rclpy_minimal_publisher:/home/kiara/ros2_ws/install/examples_rclpy_minimal_client:/home/kiara/ros2_ws/install/examples_rclpy_minimal_action_server:/home/kiara/ros2_ws/install/examples_rclpy_minimal_action_client:/home/kiara/ros2_ws/install/examples_rclpy_guard_conditions:/home/kiara/ros2_ws/install/examples_rclpy_executors:/opt/ros/humble /usr/bin/cmake --install /home/kiara/final_ws/build/tutorial_interfaces
