[0.597s] Invoking command in '/home/kiara/final_ws/build/tutorial_interfaces': CMAKE_PREFIX_PATH=${CMAKE_PREFIX_PATH}:/home/kiara/final_ws/install/ros2tasks:/home/kiara/final_ws/install/py_srvcli:/home/kiara/final_ws/install/my_robot_controller:/home/kiara/ros2_ws/install/py_pubsub:/home/kiara/ros2_ws/install/launch_testing_examples:/home/kiara/ros2_ws/install/examples_rclpy_pointcloud_publisher:/home/kiara/ros2_ws/install/examples_rclpy_minimal_subscriber:/home/kiara/ros2_ws/install/examples_rclpy_minimal_service:/home/kiara/ros2_ws/install/examples_rclpy_minimal_publisher:/home/kiara/ros2_ws/install/examples_rclpy_minimal_client:/home/kiara/ros2_ws/install/examples_rclpy_minimal_action_server:/home/kiara/ros2_ws/install/examples_rclpy_minimal_action_client:/home/kiara/ros2_ws/install/examples_rclpy_guard_conditions:/home/kiara/ros2_ws/install/examples_rclpy_executors:/opt/ros/humble /usr/bin/cmake --build /home/kiara/final_ws/build/tutorial_interfaces -- -j12 -l12
[0.653s] [  4%] Built target tutorial_interfaces__cpp
[0.653s] [ 12%] Built target tutorial_interfaces__rosidl_generator_c
[0.672s] [ 12%] Built target ament_cmake_python_copy_tutorial_interfaces
[0.684s] [ 29%] Built target tutorial_interfaces__rosidl_typesupport_fastrtps_c
[0.684s] [ 40%] Built target tutorial_interfaces__rosidl_typesupport_cpp
[0.685s] [ 44%] Built target tutorial_interfaces__rosidl_typesupport_fastrtps_cpp
[0.687s] [ 55%] Built target tutorial_interfaces__rosidl_typesupport_c
[0.688s] [ 65%] Built target tutorial_interfaces__rosidl_typesupport_introspection_c
[0.689s] [ 76%] Built target tutorial_interfaces__rosidl_typesupport_introspection_cpp
[0.705s] [ 76%] Built target tutorial_interfaces
[0.722s] [ 78%] Built target tutorial_interfaces__py
[0.743s] [ 87%] Built target tutorial_interfaces__rosidl_generator_py
[0.771s] [100%] Built target tutorial_interfaces__rosidl_typesupport_introspection_c__pyext
[0.772s] [100%] Built target tutorial_interfaces__rosidl_typesupport_c__pyext
[0.772s] [100%] Built target tutorial_interfaces__rosidl_typesupport_fastrtps_c__pyext
[0.864s] running egg_info
[0.864s] writing tutorial_interfaces.egg-info/PKG-INFO
[0.865s] writing dependency_links to tutorial_interfaces.egg-info/dependency_links.txt
[0.865s] writing top-level names to tutorial_interfaces.egg-info/top_level.txt
[0.866s] reading manifest file 'tutorial_interfaces.egg-info/SOURCES.txt'
[0.867s] writing manifest file 'tutorial_interfaces.egg-info/SOURCES.txt'
[0.889s] [100%] Built target ament_cmake_python_build_tutorial_interfaces_egg
[0.902s] Invoked command in '/home/kiara/final_ws/build/tutorial_interfaces' returned '0': CMAKE_PREFIX_PATH=${CMAKE_PREFIX_PATH}:/home/kiara/final_ws/install/ros2tasks:/home/kiara/final_ws/install/py_srvcli:/home/kiara/final_ws/install/my_robot_controller:/home/kiara/ros2_ws/install/py_pubsub:/home/kiara/ros2_ws/install/launch_testing_examples:/home/kiara/ros2_ws/install/examples_rclpy_pointcloud_publisher:/home/kiara/ros2_ws/install/examples_rclpy_minimal_subscriber:/home/kiara/ros2_ws/install/examples_rclpy_minimal_service:/home/kiara/ros2_ws/install/examples_rclpy_minimal_publisher:/home/kiara/ros2_ws/install/examples_rclpy_minimal_client:/home/kiara/ros2_ws/install/examples_rclpy_minimal_action_server:/home/kiara/ros2_ws/install/examples_rclpy_minimal_action_client:/home/kiara/ros2_ws/install/examples_rclpy_guard_conditions:/home/kiara/ros2_ws/install/examples_rclpy_executors:/opt/ros/humble /usr/bin/cmake --build /home/kiara/final_ws/build/tutorial_interfaces -- -j12 -l12
[0.904s] Invoking command in '/home/kiara/final_ws/build/tutorial_interfaces': CMAKE_PREFIX_PATH=${CMAKE_PREFIX_PATH}:/home/kiara/final_ws/install/ros2tasks:/home/kiara/final_ws/install/py_srvcli:/home/kiara/final_ws/install/my_robot_controller:/home/kiara/ros2_ws/install/py_pubsub:/home/kiara/ros2_ws/install/launch_testing_examples:/home/kiara/ros2_ws/install/examples_rclpy_pointcloud_publisher:/home/kiara/ros2_ws/install/examples_rclpy_minimal_subscriber:/home/kiara/ros2_ws/install/examples_rclpy_minimal_service:/home/kiara/ros2_ws/install/examples_rclpy_minimal_publisher:/home/kiara/ros2_ws/install/examples_rclpy_minimal_client:/home/kiara/ros2_ws/install/examples_rclpy_minimal_action_server:/home/kiara/ros2_ws/install/examples_rclpy_minimal_action_client:/home/kiara/ros2_ws/install/examples_rclpy_guard_conditions:/home/kiara/ros2_ws/install/examples_rclpy_executors:/opt/ros/humble /usr/bin/cmake --install /home/kiara/final_ws/build/tutorial_interfaces
[0.915s] -- Install configuration: ""
[0.915s] -- Up-to-date: /home/kiara/final_ws/install/tutorial_interfaces/share/ament_index/resource_index/rosidl_interfaces/tutorial_interfaces
[0.915s] -- Up-to-date: /home/kiara/final_ws/install/tutorial_interfaces/include/tutorial_interfaces/tutorial_interfaces
[0.915s] -- Up-to-date: /home/kiara/final_ws/install/tutorial_interfaces/include/tutorial_interfaces/tutorial_interfaces/srv
[0.915s] -- Up-to-date: /home/kiara/final_ws/install/tutorial_interfaces/include/tutorial_interfaces/tutorial_interfaces/srv/detail
[0.915s] -- Up-to-date: /home/kiara/final_ws/install/tutorial_interfaces/include/tutorial_interfaces/tutorial_interfaces/srv/detail/add_three_ints__struct.h
[0.915s] -- Up-to-date: /home/kiara/final_ws/install/tutorial_interfaces/include/tutorial_interfaces/tutorial_interfaces/srv/detail/add_three_ints__functions.h
[0.915s] -- Up-to-date: /home/kiara/final_ws/install/tutorial_interfaces/include/tutorial_interfaces/tutorial_interfaces/srv/detail/add_three_ints__functions.c
[0.915s] -- Up-to-date: /home/kiara/final_ws/install/tutorial_interfaces/include/tutorial_interfaces/tutorial_interfaces/srv/detail/add_three_ints__type_support.h
[0.915s] -- Up-to-date: /home/kiara/final_ws/install/tutorial_interfaces/include/tutorial_interfaces/tutorial_interfaces/srv/add_three_ints.h
[0.915s] -- Up-to-date: /home/kiara/final_ws/install/tutorial_interfaces/include/tutorial_interfaces/tutorial_interfaces/msg
[0.915s] -- Up-to-date: /home/kiara/final_ws/install/tutorial_interfaces/include/tutorial_interfaces/tutorial_interfaces/msg/detail
[0.915s] -- Up-to-date: /home/kiara/final_ws/install/tutorial_interfaces/include/tutorial_interfaces/tutorial_interfaces/msg/detail/sphere__functions.h
[0.915s] -- Up-to-date: /home/kiara/final_ws/install/tutorial_interfaces/include/tutorial_interfaces/tutorial_interfaces/msg/detail/num__type_support.h
[0.916s] -- Up-to-date: /home/kiara/final_ws/install/tutorial_interfaces/include/tutorial_interfaces/tutorial_interfaces/msg/detail/num__functions.c
[0.916s] -- Up-to-date: /home/kiara/final_ws/install/tutorial_interfaces/include/tutorial_interfaces/tutorial_interfaces/msg/detail/sphere__type_support.h
[0.916s] -- Up-to-date: /home/kiara/final_ws/install/tutorial_interfaces/include/tutorial_interfaces/tutorial_interfaces/msg/detail/num__struct.h
[0.916s] -- Up-to-date: /home/kiara/final_ws/install/tutorial_interfaces/include/tutorial_interfaces/tutorial_interfaces/msg/detail/num__functions.h
[0.916s] -- Up-to-date: /home/kiara/final_ws/install/tutorial_interfaces/include/tutorial_interfaces/tutorial_interfaces/msg/detail/sphere__functions.c
[0.916s] -- Up-to-date: /home/kiara/final_ws/install/tutorial_interfaces/include/tutorial_interfaces/tutorial_interfaces/msg/detail/sphere__struct.h
[0.916s] -- Up-to-date: /home/kiara/final_ws/install/tutorial_interfaces/include/tutorial_interfaces/tutorial_interfaces/msg/sphere.h
[0.916s] -- Up-to-date: /home/kiara/final_ws/install/tutorial_interfaces/include/tutorial_interfaces/tutorial_interfaces/msg/num.h
[0.916s] -- Up-to-date: /home/kiara/final_ws/install/tutorial_interfaces/include/tutorial_interfaces/tutorial_interfaces/msg/rosidl_generator_c__visibility_control.h
[0.917s] -- Up-to-date: /home/kiara/final_ws/install/tutorial_interfaces/share/tutorial_interfaces/environment/library_path.sh
[0.917s] -- Up-to-date: /home/kiara/final_ws/install/tutorial_interfaces/share/tutorial_interfaces/environment/library_path.dsv
[0.917s] -- Up-to-date: /home/kiara/final_ws/install/tutorial_interfaces/lib/libtutorial_interfaces__rosidl_generator_c.so
[0.917s] -- Up-to-date: /home/kiara/final_ws/install/tutorial_interfaces/include/tutorial_interfaces/tutorial_interfaces
[0.917s] -- Up-to-date: /home/kiara/final_ws/install/tutorial_interfaces/include/tutorial_interfaces/tutorial_interfaces/srv
[0.917s] -- Up-to-date: /home/kiara/final_ws/install/tutorial_interfaces/include/tutorial_interfaces/tutorial_interfaces/srv/detail
[0.918s] -- Up-to-date: /home/kiara/final_ws/install/tutorial_interfaces/include/tutorial_interfaces/tutorial_interfaces/srv/detail/add_three_ints__rosidl_typesupport_fastrtps_c.h
[0.918s] -- Up-to-date: /home/kiara/final_ws/install/tutorial_interfaces/include/tutorial_interfaces/tutorial_interfaces/msg
[0.918s] -- Up-to-date: /home/kiara/final_ws/install/tutorial_interfaces/include/tutorial_interfaces/tutorial_interfaces/msg/rosidl_typesupport_fastrtps_c__visibility_control.h
[0.918s] -- Up-to-date: /home/kiara/final_ws/install/tutorial_interfaces/include/tutorial_interfaces/tutorial_interfaces/msg/detail
[0.918s] -- Up-to-date: /home/kiara/final_ws/install/tutorial_interfaces/include/tutorial_interfaces/tutorial_interfaces/msg/detail/num__rosidl_typesupport_fastrtps_c.h
[0.918s] -- Up-to-date: /home/kiara/final_ws/install/tutorial_interfaces/include/tutorial_interfaces/tutorial_interfaces/msg/detail/sphere__rosidl_typesupport_fastrtps_c.h
[0.918s] -- Up-to-date: /home/kiara/final_ws/install/tutorial_interfaces/lib/libtutorial_interfaces__rosidl_typesupport_fastrtps_c.so
[0.918s] -- Up-to-date: /home/kiara/final_ws/install/tutorial_interfaces/include/tutorial_interfaces/tutorial_interfaces
[0.919s] -- Up-to-date: /home/kiara/final_ws/install/tutorial_interfaces/include/tutorial_interfaces/tutorial_interfaces/srv
[0.919s] -- Up-to-date: /home/kiara/final_ws/install/tutorial_interfaces/include/tutorial_interfaces/tutorial_interfaces/srv/add_three_ints.hpp
[0.919s] -- Up-to-date: /home/kiara/final_ws/install/tutorial_interfaces/include/tutorial_interfaces/tutorial_interfaces/srv/detail
[0.919s] -- Up-to-date: /home/kiara/final_ws/install/tutorial_interfaces/include/tutorial_interfaces/tutorial_interfaces/srv/detail/add_three_ints__struct.hpp
[0.919s] -- Up-to-date: /home/kiara/final_ws/install/tutorial_interfaces/include/tutorial_interfaces/tutorial_interfaces/srv/detail/add_three_ints__builder.hpp
[0.919s] -- Up-to-date: /home/kiara/final_ws/install/tutorial_interfaces/include/tutorial_interfaces/tutorial_interfaces/srv/detail/add_three_ints__type_support.hpp
[0.919s] -- Up-to-date: /home/kiara/final_ws/install/tutorial_interfaces/include/tutorial_interfaces/tutorial_interfaces/srv/detail/add_three_ints__traits.hpp
[0.919s] -- Up-to-date: /home/kiara/final_ws/install/tutorial_interfaces/include/tutorial_interfaces/tutorial_interfaces/msg
[0.920s] -- Up-to-date: /home/kiara/final_ws/install/tutorial_interfaces/include/tutorial_interfaces/tutorial_interfaces/msg/num.hpp
[0.920s] -- Up-to-date: /home/kiara/final_ws/install/tutorial_interfaces/include/tutorial_interfaces/tutorial_interfaces/msg/detail
[0.920s] -- Up-to-date: /home/kiara/final_ws/install/tutorial_interfaces/include/tutorial_interfaces/tutorial_interfaces/msg/detail/sphere__type_support.hpp
[0.920s] -- Up-to-date: /home/kiara/final_ws/install/tutorial_interfaces/include/tutorial_interfaces/tutorial_interfaces/msg/detail/sphere__traits.hpp
[0.920s] -- Up-to-date: /home/kiara/final_ws/install/tutorial_interfaces/include/tutorial_interfaces/tutorial_interfaces/msg/detail/num__struct.hpp
[0.920s] -- Up-to-date: /home/kiara/final_ws/install/tutorial_interfaces/include/tutorial_interfaces/tutorial_interfaces/msg/detail/num__type_support.hpp
[0.920s] -- Up-to-date: /home/kiara/final_ws/install/tutorial_interfaces/include/tutorial_interfaces/tutorial_interfaces/msg/detail/num__builder.hpp
[0.920s] -- Up-to-date: /home/kiara/final_ws/install/tutorial_interfaces/include/tutorial_interfaces/tutorial_interfaces/msg/detail/sphere__struct.hpp
[0.920s] -- Up-to-date: /home/kiara/final_ws/install/tutorial_interfaces/include/tutorial_interfaces/tutorial_interfaces/msg/detail/num__traits.hpp
[0.920s] -- Up-to-date: /home/kiara/final_ws/install/tutorial_interfaces/include/tutorial_interfaces/tutorial_interfaces/msg/detail/sphere__builder.hpp
[0.921s] -- Up-to-date: /home/kiara/final_ws/install/tutorial_interfaces/include/tutorial_interfaces/tutorial_interfaces/msg/sphere.hpp
[0.921s] -- Up-to-date: /home/kiara/final_ws/install/tutorial_interfaces/include/tutorial_interfaces/tutorial_interfaces/msg/rosidl_generator_cpp__visibility_control.hpp
[0.921s] -- Up-to-date: /home/kiara/final_ws/install/tutorial_interfaces/include/tutorial_interfaces/tutorial_interfaces
[0.921s] -- Up-to-date: /home/kiara/final_ws/install/tutorial_interfaces/include/tutorial_interfaces/tutorial_interfaces/srv
[0.921s] -- Up-to-date: /home/kiara/final_ws/install/tutorial_interfaces/include/tutorial_interfaces/tutorial_interfaces/srv/detail
[0.921s] -- Up-to-date: /home/kiara/final_ws/install/tutorial_interfaces/include/tutorial_interfaces/tutorial_interfaces/srv/detail/add_three_ints__rosidl_typesupport_fastrtps_cpp.hpp
[0.921s] -- Up-to-date: /home/kiara/final_ws/install/tutorial_interfaces/include/tutorial_interfaces/tutorial_interfaces/srv/detail/dds_fastrtps
[0.921s] -- Up-to-date: /home/kiara/final_ws/install/tutorial_interfaces/include/tutorial_interfaces/tutorial_interfaces/msg
[0.922s] -- Up-to-date: /home/kiara/final_ws/install/tutorial_interfaces/include/tutorial_interfaces/tutorial_interfaces/msg/detail
[0.922s] -- Up-to-date: /home/kiara/final_ws/install/tutorial_interfaces/include/tutorial_interfaces/tutorial_interfaces/msg/detail/num__rosidl_typesupport_fastrtps_cpp.hpp
[0.922s] -- Up-to-date: /home/kiara/final_ws/install/tutorial_interfaces/include/tutorial_interfaces/tutorial_interfaces/msg/detail/sphere__rosidl_typesupport_fastrtps_cpp.hpp
[0.922s] -- Up-to-date: /home/kiara/final_ws/install/tutorial_interfaces/include/tutorial_interfaces/tutorial_interfaces/msg/detail/dds_fastrtps
[0.922s] -- Up-to-date: /home/kiara/final_ws/install/tutorial_interfaces/include/tutorial_interfaces/tutorial_interfaces/msg/rosidl_typesupport_fastrtps_cpp__visibility_control.h
[0.922s] -- Up-to-date: /home/kiara/final_ws/install/tutorial_interfaces/lib/libtutorial_interfaces__rosidl_typesupport_fastrtps_cpp.so
[0.922s] -- Up-to-date: /home/kiara/final_ws/install/tutorial_interfaces/include/tutorial_interfaces/tutorial_interfaces
[0.922s] -- Up-to-date: /home/kiara/final_ws/install/tutorial_interfaces/include/tutorial_interfaces/tutorial_interfaces/srv
[0.922s] -- Up-to-date: /home/kiara/final_ws/install/tutorial_interfaces/include/tutorial_interfaces/tutorial_interfaces/srv/detail
[0.922s] -- Up-to-date: /home/kiara/final_ws/install/tutorial_interfaces/include/tutorial_interfaces/tutorial_interfaces/srv/detail/add_three_ints__type_support.c
[0.922s] -- Up-to-date: /home/kiara/final_ws/install/tutorial_interfaces/include/tutorial_interfaces/tutorial_interfaces/srv/detail/add_three_ints__rosidl_typesupport_introspection_c.h
[0.922s] -- Up-to-date: /home/kiara/final_ws/install/tutorial_interfaces/include/tutorial_interfaces/tutorial_interfaces/msg
[0.923s] -- Up-to-date: /home/kiara/final_ws/install/tutorial_interfaces/include/tutorial_interfaces/tutorial_interfaces/msg/detail
[0.923s] -- Up-to-date: /home/kiara/final_ws/install/tutorial_interfaces/include/tutorial_interfaces/tutorial_interfaces/msg/detail/num__rosidl_typesupport_introspection_c.h
[0.923s] -- Up-to-date: /home/kiara/final_ws/install/tutorial_interfaces/include/tutorial_interfaces/tutorial_interfaces/msg/detail/sphere__type_support.c
[0.923s] -- Up-to-date: /home/kiara/final_ws/install/tutorial_interfaces/include/tutorial_interfaces/tutorial_interfaces/msg/detail/sphere__rosidl_typesupport_introspection_c.h
[0.923s] -- Up-to-date: /home/kiara/final_ws/install/tutorial_interfaces/include/tutorial_interfaces/tutorial_interfaces/msg/detail/num__type_support.c
[0.923s] -- Up-to-date: /home/kiara/final_ws/install/tutorial_interfaces/include/tutorial_interfaces/tutorial_interfaces/msg/rosidl_typesupport_introspection_c__visibility_control.h
[0.923s] -- Up-to-date: /home/kiara/final_ws/install/tutorial_interfaces/lib/libtutorial_interfaces__rosidl_typesupport_introspection_c.so
[0.923s] -- Up-to-date: /home/kiara/final_ws/install/tutorial_interfaces/lib/libtutorial_interfaces__rosidl_typesupport_c.so
[0.923s] -- Up-to-date: /home/kiara/final_ws/install/tutorial_interfaces/include/tutorial_interfaces/tutorial_interfaces
[0.923s] -- Up-to-date: /home/kiara/final_ws/install/tutorial_interfaces/include/tutorial_interfaces/tutorial_interfaces/srv
[0.923s] -- Up-to-date: /home/kiara/final_ws/install/tutorial_interfaces/include/tutorial_interfaces/tutorial_interfaces/srv/detail
[0.923s] -- Up-to-date: /home/kiara/final_ws/install/tutorial_interfaces/include/tutorial_interfaces/tutorial_interfaces/srv/detail/add_three_ints__type_support.cpp
[0.924s] -- Up-to-date: /home/kiara/final_ws/install/tutorial_interfaces/include/tutorial_interfaces/tutorial_interfaces/srv/detail/add_three_ints__rosidl_typesupport_introspection_cpp.hpp
[0.924s] -- Up-to-date: /home/kiara/final_ws/install/tutorial_interfaces/include/tutorial_interfaces/tutorial_interfaces/msg
[0.924s] -- Up-to-date: /home/kiara/final_ws/install/tutorial_interfaces/include/tutorial_interfaces/tutorial_interfaces/msg/detail
[0.924s] -- Up-to-date: /home/kiara/final_ws/install/tutorial_interfaces/include/tutorial_interfaces/tutorial_interfaces/msg/detail/num__rosidl_typesupport_introspection_cpp.hpp
[0.924s] -- Up-to-date: /home/kiara/final_ws/install/tutorial_interfaces/include/tutorial_interfaces/tutorial_interfaces/msg/detail/num__type_support.cpp
[0.924s] -- Up-to-date: /home/kiara/final_ws/install/tutorial_interfaces/include/tutorial_interfaces/tutorial_interfaces/msg/detail/sphere__type_support.cpp
[0.924s] -- Up-to-date: /home/kiara/final_ws/install/tutorial_interfaces/include/tutorial_interfaces/tutorial_interfaces/msg/detail/sphere__rosidl_typesupport_introspection_cpp.hpp
[0.924s] -- Up-to-date: /home/kiara/final_ws/install/tutorial_interfaces/lib/libtutorial_interfaces__rosidl_typesupport_introspection_cpp.so
[0.924s] -- Up-to-date: /home/kiara/final_ws/install/tutorial_interfaces/lib/libtutorial_interfaces__rosidl_typesupport_cpp.so
[0.924s] -- Up-to-date: /home/kiara/final_ws/install/tutorial_interfaces/share/tutorial_interfaces/environment/pythonpath.sh
[0.924s] -- Up-to-date: /home/kiara/final_ws/install/tutorial_interfaces/share/tutorial_interfaces/environment/pythonpath.dsv
[0.924s] -- Up-to-date: /home/kiara/final_ws/install/tutorial_interfaces/local/lib/python3.10/dist-packages/tutorial_interfaces-0.0.0-py3.10.egg-info
[0.925s] -- Installing: /home/kiara/final_ws/install/tutorial_interfaces/local/lib/python3.10/dist-packages/tutorial_interfaces-0.0.0-py3.10.egg-info/SOURCES.txt
[0.925s] -- Installing: /home/kiara/final_ws/install/tutorial_interfaces/local/lib/python3.10/dist-packages/tutorial_interfaces-0.0.0-py3.10.egg-info/dependency_links.txt
[0.925s] -- Installing: /home/kiara/final_ws/install/tutorial_interfaces/local/lib/python3.10/dist-packages/tutorial_interfaces-0.0.0-py3.10.egg-info/top_level.txt
[0.925s] -- Installing: /home/kiara/final_ws/install/tutorial_interfaces/local/lib/python3.10/dist-packages/tutorial_interfaces-0.0.0-py3.10.egg-info/PKG-INFO
[0.925s] -- Up-to-date: /home/kiara/final_ws/install/tutorial_interfaces/local/lib/python3.10/dist-packages/tutorial_interfaces
[0.925s] -- Up-to-date: /home/kiara/final_ws/install/tutorial_interfaces/local/lib/python3.10/dist-packages/tutorial_interfaces/libtutorial_interfaces__rosidl_generator_py.so
[0.925s] -- Up-to-date: /home/kiara/final_ws/install/tutorial_interfaces/local/lib/python3.10/dist-packages/tutorial_interfaces/srv
[0.925s] -- Up-to-date: /home/kiara/final_ws/install/tutorial_interfaces/local/lib/python3.10/dist-packages/tutorial_interfaces/srv/_add_three_ints.py
[0.925s] -- Up-to-date: /home/kiara/final_ws/install/tutorial_interfaces/local/lib/python3.10/dist-packages/tutorial_interfaces/srv/_add_three_ints_s.c
[0.925s] -- Up-to-date: /home/kiara/final_ws/install/tutorial_interfaces/local/lib/python3.10/dist-packages/tutorial_interfaces/srv/__init__.py
[0.925s] -- Up-to-date: /home/kiara/final_ws/install/tutorial_interfaces/local/lib/python3.10/dist-packages/tutorial_interfaces/_tutorial_interfaces_s.ep.rosidl_typesupport_c.c
[0.925s] -- Up-to-date: /home/kiara/final_ws/install/tutorial_interfaces/local/lib/python3.10/dist-packages/tutorial_interfaces/_tutorial_interfaces_s.ep.rosidl_typesupport_fastrtps_c.c
[0.926s] -- Up-to-date: /home/kiara/final_ws/install/tutorial_interfaces/local/lib/python3.10/dist-packages/tutorial_interfaces/_tutorial_interfaces_s.ep.rosidl_typesupport_introspection_c.c
[0.926s] -- Up-to-date: /home/kiara/final_ws/install/tutorial_interfaces/local/lib/python3.10/dist-packages/tutorial_interfaces/tutorial_interfaces_s__rosidl_typesupport_introspection_c.cpython-310-x86_64-linux-gnu.so
[0.926s] -- Up-to-date: /home/kiara/final_ws/install/tutorial_interfaces/local/lib/python3.10/dist-packages/tutorial_interfaces/msg
[0.926s] -- Up-to-date: /home/kiara/final_ws/install/tutorial_interfaces/local/lib/python3.10/dist-packages/tutorial_interfaces/msg/_sphere_s.c
[0.926s] -- Up-to-date: /home/kiara/final_ws/install/tutorial_interfaces/local/lib/python3.10/dist-packages/tutorial_interfaces/msg/_num_s.c
[0.926s] -- Up-to-date: /home/kiara/final_ws/install/tutorial_interfaces/local/lib/python3.10/dist-packages/tutorial_interfaces/msg/_num.py
[0.926s] -- Up-to-date: /home/kiara/final_ws/install/tutorial_interfaces/local/lib/python3.10/dist-packages/tutorial_interfaces/msg/__init__.py
[0.926s] -- Up-to-date: /home/kiara/final_ws/install/tutorial_interfaces/local/lib/python3.10/dist-packages/tutorial_interfaces/msg/_sphere.py
[0.926s] -- Up-to-date: /home/kiara/final_ws/install/tutorial_interfaces/local/lib/python3.10/dist-packages/tutorial_interfaces/tutorial_interfaces_s__rosidl_typesupport_fastrtps_c.cpython-310-x86_64-linux-gnu.so
[0.926s] -- Up-to-date: /home/kiara/final_ws/install/tutorial_interfaces/local/lib/python3.10/dist-packages/tutorial_interfaces/__init__.py
[0.926s] -- Up-to-date: /home/kiara/final_ws/install/tutorial_interfaces/local/lib/python3.10/dist-packages/tutorial_interfaces/tutorial_interfaces_s__rosidl_typesupport_c.cpython-310-x86_64-linux-gnu.so
[0.972s] Listing '/home/kiara/final_ws/install/tutorial_interfaces/local/lib/python3.10/dist-packages/tutorial_interfaces'...
[0.972s] Listing '/home/kiara/final_ws/install/tutorial_interfaces/local/lib/python3.10/dist-packages/tutorial_interfaces/msg'...
[0.972s] Listing '/home/kiara/final_ws/install/tutorial_interfaces/local/lib/python3.10/dist-packages/tutorial_interfaces/srv'...
[0.977s] -- Up-to-date: /home/kiara/final_ws/install/tutorial_interfaces/local/lib/python3.10/dist-packages/tutorial_interfaces/tutorial_interfaces_s__rosidl_typesupport_fastrtps_c.cpython-310-x86_64-linux-gnu.so
[0.977s] -- Up-to-date: /home/kiara/final_ws/install/tutorial_interfaces/local/lib/python3.10/dist-packages/tutorial_interfaces/tutorial_interfaces_s__rosidl_typesupport_introspection_c.cpython-310-x86_64-linux-gnu.so
[0.978s] -- Up-to-date: /home/kiara/final_ws/install/tutorial_interfaces/local/lib/python3.10/dist-packages/tutorial_interfaces/tutorial_interfaces_s__rosidl_typesupport_c.cpython-310-x86_64-linux-gnu.so
[0.978s] -- Up-to-date: /home/kiara/final_ws/install/tutorial_interfaces/lib/libtutorial_interfaces__rosidl_generator_py.so
[0.978s] -- Up-to-date: /home/kiara/final_ws/install/tutorial_interfaces/share/tutorial_interfaces/msg/Num.idl
[0.978s] -- Up-to-date: /home/kiara/final_ws/install/tutorial_interfaces/share/tutorial_interfaces/msg/Sphere.idl
[0.979s] -- Up-to-date: /home/kiara/final_ws/install/tutorial_interfaces/share/tutorial_interfaces/srv/AddThreeInts.idl
[0.979s] -- Up-to-date: /home/kiara/final_ws/install/tutorial_interfaces/share/tutorial_interfaces/msg/Num.msg
[0.979s] -- Up-to-date: /home/kiara/final_ws/install/tutorial_interfaces/share/tutorial_interfaces/msg/Sphere.msg
[0.979s] -- Up-to-date: /home/kiara/final_ws/install/tutorial_interfaces/share/tutorial_interfaces/srv/AddThreeInts.srv
[0.979s] -- Up-to-date: /home/kiara/final_ws/install/tutorial_interfaces/share/tutorial_interfaces/srv/AddThreeInts_Request.msg
[0.979s] -- Up-to-date: /home/kiara/final_ws/install/tutorial_interfaces/share/tutorial_interfaces/srv/AddThreeInts_Response.msg
[0.979s] -- Up-to-date: /home/kiara/final_ws/install/tutorial_interfaces/share/ament_index/resource_index/package_run_dependencies/tutorial_interfaces
[0.979s] -- Up-to-date: /home/kiara/final_ws/install/tutorial_interfaces/share/ament_index/resource_index/parent_prefix_path/tutorial_interfaces
[0.980s] -- Up-to-date: /home/kiara/final_ws/install/tutorial_interfaces/share/tutorial_interfaces/environment/ament_prefix_path.sh
[0.980s] -- Up-to-date: /home/kiara/final_ws/install/tutorial_interfaces/share/tutorial_interfaces/environment/ament_prefix_path.dsv
[0.980s] -- Up-to-date: /home/kiara/final_ws/install/tutorial_interfaces/share/tutorial_interfaces/environment/path.sh
[0.980s] -- Up-to-date: /home/kiara/final_ws/install/tutorial_interfaces/share/tutorial_interfaces/environment/path.dsv
[0.980s] -- Up-to-date: /home/kiara/final_ws/install/tutorial_interfaces/share/tutorial_interfaces/local_setup.bash
[0.980s] -- Up-to-date: /home/kiara/final_ws/install/tutorial_interfaces/share/tutorial_interfaces/local_setup.sh
[0.980s] -- Up-to-date: /home/kiara/final_ws/install/tutorial_interfaces/share/tutorial_interfaces/local_setup.zsh
[0.980s] -- Up-to-date: /home/kiara/final_ws/install/tutorial_interfaces/share/tutorial_interfaces/local_setup.dsv
[0.980s] -- Installing: /home/kiara/final_ws/install/tutorial_interfaces/share/tutorial_interfaces/package.dsv
[0.980s] -- Up-to-date: /home/kiara/final_ws/install/tutorial_interfaces/share/ament_index/resource_index/packages/tutorial_interfaces
[0.981s] -- Up-to-date: /home/kiara/final_ws/install/tutorial_interfaces/share/tutorial_interfaces/cmake/export_tutorial_interfaces__rosidl_generator_cExport.cmake
[0.981s] -- Up-to-date: /home/kiara/final_ws/install/tutorial_interfaces/share/tutorial_interfaces/cmake/export_tutorial_interfaces__rosidl_generator_cExport-noconfig.cmake
[0.981s] -- Up-to-date: /home/kiara/final_ws/install/tutorial_interfaces/share/tutorial_interfaces/cmake/export_tutorial_interfaces__rosidl_typesupport_fastrtps_cExport.cmake
[0.981s] -- Up-to-date: /home/kiara/final_ws/install/tutorial_interfaces/share/tutorial_interfaces/cmake/export_tutorial_interfaces__rosidl_typesupport_fastrtps_cExport-noconfig.cmake
[0.981s] -- Up-to-date: /home/kiara/final_ws/install/tutorial_interfaces/share/tutorial_interfaces/cmake/export_tutorial_interfaces__rosidl_generator_cppExport.cmake
[0.981s] -- Up-to-date: /home/kiara/final_ws/install/tutorial_interfaces/share/tutorial_interfaces/cmake/export_tutorial_interfaces__rosidl_typesupport_fastrtps_cppExport.cmake
[0.981s] -- Up-to-date: /home/kiara/final_ws/install/tutorial_interfaces/share/tutorial_interfaces/cmake/export_tutorial_interfaces__rosidl_typesupport_fastrtps_cppExport-noconfig.cmake
[0.981s] -- Up-to-date: /home/kiara/final_ws/install/tutorial_interfaces/share/tutorial_interfaces/cmake/tutorial_interfaces__rosidl_typesupport_introspection_cExport.cmake
[0.981s] -- Up-to-date: /home/kiara/final_ws/install/tutorial_interfaces/share/tutorial_interfaces/cmake/tutorial_interfaces__rosidl_typesupport_introspection_cExport-noconfig.cmake
[0.982s] -- Up-to-date: /home/kiara/final_ws/install/tutorial_interfaces/share/tutorial_interfaces/cmake/tutorial_interfaces__rosidl_typesupport_cExport.cmake
[0.982s] -- Up-to-date: /home/kiara/final_ws/install/tutorial_interfaces/share/tutorial_interfaces/cmake/tutorial_interfaces__rosidl_typesupport_cExport-noconfig.cmake
[0.982s] -- Up-to-date: /home/kiara/final_ws/install/tutorial_interfaces/share/tutorial_interfaces/cmake/tutorial_interfaces__rosidl_typesupport_introspection_cppExport.cmake
[0.982s] -- Up-to-date: /home/kiara/final_ws/install/tutorial_interfaces/share/tutorial_interfaces/cmake/tutorial_interfaces__rosidl_typesupport_introspection_cppExport-noconfig.cmake
[0.982s] -- Up-to-date: /home/kiara/final_ws/install/tutorial_interfaces/share/tutorial_interfaces/cmake/tutorial_interfaces__rosidl_typesupport_cppExport.cmake
[0.982s] -- Up-to-date: /home/kiara/final_ws/install/tutorial_interfaces/share/tutorial_interfaces/cmake/tutorial_interfaces__rosidl_typesupport_cppExport-noconfig.cmake
[0.982s] -- Up-to-date: /home/kiara/final_ws/install/tutorial_interfaces/share/tutorial_interfaces/cmake/export_tutorial_interfaces__rosidl_generator_pyExport.cmake
[0.982s] -- Up-to-date: /home/kiara/final_ws/install/tutorial_interfaces/share/tutorial_interfaces/cmake/export_tutorial_interfaces__rosidl_generator_pyExport-noconfig.cmake
[0.982s] -- Up-to-date: /home/kiara/final_ws/install/tutorial_interfaces/share/tutorial_interfaces/cmake/rosidl_cmake-extras.cmake
[0.982s] -- Up-to-date: /home/kiara/final_ws/install/tutorial_interfaces/share/tutorial_interfaces/cmake/ament_cmake_export_dependencies-extras.cmake
[0.982s] -- Up-to-date: /home/kiara/final_ws/install/tutorial_interfaces/share/tutorial_interfaces/cmake/ament_cmake_export_include_directories-extras.cmake
[0.982s] -- Up-to-date: /home/kiara/final_ws/install/tutorial_interfaces/share/tutorial_interfaces/cmake/ament_cmake_export_libraries-extras.cmake
[0.982s] -- Up-to-date: /home/kiara/final_ws/install/tutorial_interfaces/share/tutorial_interfaces/cmake/ament_cmake_export_targets-extras.cmake
[0.983s] -- Up-to-date: /home/kiara/final_ws/install/tutorial_interfaces/share/tutorial_interfaces/cmake/rosidl_cmake_export_typesupport_targets-extras.cmake
[0.983s] -- Up-to-date: /home/kiara/final_ws/install/tutorial_interfaces/share/tutorial_interfaces/cmake/rosidl_cmake_export_typesupport_libraries-extras.cmake
[0.983s] -- Up-to-date: /home/kiara/final_ws/install/tutorial_interfaces/share/tutorial_interfaces/cmake/tutorial_interfacesConfig.cmake
[0.983s] -- Up-to-date: /home/kiara/final_ws/install/tutorial_interfaces/share/tutorial_interfaces/cmake/tutorial_interfacesConfig-version.cmake
[0.983s] -- Up-to-date: /home/kiara/final_ws/install/tutorial_interfaces/share/tutorial_interfaces/package.xml
[0.984s] Invoked command in '/home/kiara/final_ws/build/tutorial_interfaces' returned '0': CMAKE_PREFIX_PATH=${CMAKE_PREFIX_PATH}:/home/kiara/final_ws/install/ros2tasks:/home/kiara/final_ws/install/py_srvcli:/home/kiara/final_ws/install/my_robot_controller:/home/kiara/ros2_ws/install/py_pubsub:/home/kiara/ros2_ws/install/launch_testing_examples:/home/kiara/ros2_ws/install/examples_rclpy_pointcloud_publisher:/home/kiara/ros2_ws/install/examples_rclpy_minimal_subscriber:/home/kiara/ros2_ws/install/examples_rclpy_minimal_service:/home/kiara/ros2_ws/install/examples_rclpy_minimal_publisher:/home/kiara/ros2_ws/install/examples_rclpy_minimal_client:/home/kiara/ros2_ws/install/examples_rclpy_minimal_action_server:/home/kiara/ros2_ws/install/examples_rclpy_minimal_action_client:/home/kiara/ros2_ws/install/examples_rclpy_guard_conditions:/home/kiara/ros2_ws/install/examples_rclpy_executors:/opt/ros/humble /usr/bin/cmake --install /home/kiara/final_ws/build/tutorial_interfaces
