[0.028s] Invoking command in '/home/kiara/final_ws/build/cpp_srvcli': CMAKE_PREFIX_PATH=${CMAKE_PREFIX_PATH}:/home/kiara/final_ws/install/ros2tasks:/home/kiara/final_ws/install/py_srvcli:/home/kiara/final_ws/install/my_robot_controller:/home/kiara/ros2_ws/install/py_pubsub:/home/kiara/ros2_ws/install/launch_testing_examples:/home/kiara/ros2_ws/install/examples_rclpy_pointcloud_publisher:/home/kiara/ros2_ws/install/examples_rclpy_minimal_subscriber:/home/kiara/ros2_ws/install/examples_rclpy_minimal_service:/home/kiara/ros2_ws/install/examples_rclpy_minimal_publisher:/home/kiara/ros2_ws/install/examples_rclpy_minimal_client:/home/kiara/ros2_ws/install/examples_rclpy_minimal_action_server:/home/kiara/ros2_ws/install/examples_rclpy_minimal_action_client:/home/kiara/ros2_ws/install/examples_rclpy_guard_conditions:/home/kiara/ros2_ws/install/examples_rclpy_executors:/opt/ros/humble /usr/bin/cmake --build /home/kiara/final_ws/build/cpp_srvcli -- -j12 -l12
[0.613s] Invoked command in '/home/kiara/final_ws/build/cpp_srvcli' returned '0': CMAKE_PREFIX_PATH=${CMAKE_PREFIX_PATH}:/home/kiara/final_ws/install/ros2tasks:/home/kiara/final_ws/install/py_srvcli:/home/kiara/final_ws/install/my_robot_controller:/home/kiara/ros2_ws/install/py_pubsub:/home/kiara/ros2_ws/install/launch_testing_examples:/home/kiara/ros2_ws/install/examples_rclpy_pointcloud_publisher:/home/kiara/ros2_ws/install/examples_rclpy_minimal_subscriber:/home/kiara/ros2_ws/install/examples_rclpy_minimal_service:/home/kiara/ros2_ws/install/examples_rclpy_minimal_publisher:/home/kiara/ros2_ws/install/examples_rclpy_minimal_client:/home/kiara/ros2_ws/install/examples_rclpy_minimal_action_server:/home/kiara/ros2_ws/install/examples_rclpy_minimal_action_client:/home/kiara/ros2_ws/install/examples_rclpy_guard_conditions:/home/kiara/ros2_ws/install/examples_rclpy_executors:/opt/ros/humble /usr/bin/cmake --build /home/kiara/final_ws/build/cpp_srvcli -- -j12 -l12
[0.623s] Invoking command in '/home/kiara/final_ws/build/cpp_srvcli': CMAKE_PREFIX_PATH=${CMAKE_PREFIX_PATH}:/home/kiara/final_ws/install/ros2tasks:/home/kiara/final_ws/install/py_srvcli:/home/kiara/final_ws/install/my_robot_controller:/home/kiara/ros2_ws/install/py_pubsub:/home/kiara/ros2_ws/install/launch_testing_examples:/home/kiara/ros2_ws/install/examples_rclpy_pointcloud_publisher:/home/kiara/ros2_ws/install/examples_rclpy_minimal_subscriber:/home/kiara/ros2_ws/install/examples_rclpy_minimal_service:/home/kiara/ros2_ws/install/examples_rclpy_minimal_publisher:/home/kiara/ros2_ws/install/examples_rclpy_minimal_client:/home/kiara/ros2_ws/install/examples_rclpy_minimal_action_server:/home/kiara/ros2_ws/install/examples_rclpy_minimal_action_client:/home/kiara/ros2_ws/install/examples_rclpy_guard_conditions:/home/kiara/ros2_ws/install/examples_rclpy_executors:/opt/ros/humble /usr/bin/cmake --install /home/kiara/final_ws/build/cpp_srvcli
[0.638s] -- Install configuration: ""
[0.639s] -- Up-to-date: /home/kiara/final_ws/install/cpp_srvcli/share/ament_index/resource_index/package_run_dependencies/cpp_srvcli
[0.640s] -- Up-to-date: /home/kiara/final_ws/install/cpp_srvcli/share/ament_index/resource_index/parent_prefix_path/cpp_srvcli
[0.640s] -- Up-to-date: /home/kiara/final_ws/install/cpp_srvcli/share/cpp_srvcli/environment/ament_prefix_path.sh
[0.640s] -- Up-to-date: /home/kiara/final_ws/install/cpp_srvcli/share/cpp_srvcli/environment/ament_prefix_path.dsv
[0.641s] -- Up-to-date: /home/kiara/final_ws/install/cpp_srvcli/share/cpp_srvcli/environment/path.sh
[0.642s] -- Up-to-date: /home/kiara/final_ws/install/cpp_srvcli/share/cpp_srvcli/environment/path.dsv
[0.642s] -- Up-to-date: /home/kiara/final_ws/install/cpp_srvcli/share/cpp_srvcli/local_setup.bash
[0.643s] -- Up-to-date: /home/kiara/final_ws/install/cpp_srvcli/share/cpp_srvcli/local_setup.sh
[0.643s] -- Up-to-date: /home/kiara/final_ws/install/cpp_srvcli/share/cpp_srvcli/local_setup.zsh
[0.644s] -- Up-to-date: /home/kiara/final_ws/install/cpp_srvcli/share/cpp_srvcli/local_setup.dsv
[0.644s] -- Installing: /home/kiara/final_ws/install/cpp_srvcli/share/cpp_srvcli/package.dsv
[0.645s] -- Up-to-date: /home/kiara/final_ws/install/cpp_srvcli/share/ament_index/resource_index/packages/cpp_srvcli
[0.645s] -- Up-to-date: /home/kiara/final_ws/install/cpp_srvcli/share/cpp_srvcli/cmake/cpp_srvcliConfig.cmake
[0.646s] -- Up-to-date: /home/kiara/final_ws/install/cpp_srvcli/share/cpp_srvcli/cmake/cpp_srvcliConfig-version.cmake
[0.647s] -- Up-to-date: /home/kiara/final_ws/install/cpp_srvcli/share/cpp_srvcli/package.xml
[0.648s] Invoked command in '/home/kiara/final_ws/build/cpp_srvcli' returned '0': CMAKE_PREFIX_PATH=${CMAKE_PREFIX_PATH}:/home/kiara/final_ws/install/ros2tasks:/home/kiara/final_ws/install/py_srvcli:/home/kiara/final_ws/install/my_robot_controller:/home/kiara/ros2_ws/install/py_pubsub:/home/kiara/ros2_ws/install/launch_testing_examples:/home/kiara/ros2_ws/install/examples_rclpy_pointcloud_publisher:/home/kiara/ros2_ws/install/examples_rclpy_minimal_subscriber:/home/kiara/ros2_ws/install/examples_rclpy_minimal_service:/home/kiara/ros2_ws/install/examples_rclpy_minimal_publisher:/home/kiara/ros2_ws/install/examples_rclpy_minimal_client:/home/kiara/ros2_ws/install/examples_rclpy_minimal_action_server:/home/kiara/ros2_ws/install/examples_rclpy_minimal_action_client:/home/kiara/ros2_ws/install/examples_rclpy_guard_conditions:/home/kiara/ros2_ws/install/examples_rclpy_executors:/opt/ros/humble /usr/bin/cmake --install /home/kiara/final_ws/build/cpp_srvcli
