[0.158s] DEBUG:colcon:Command line arguments: ['/usr/bin/colcon', 'list', '-p', '--base-paths', '/home/kiara/final_ws']
[0.158s] DEBUG:colcon:Parsed command line arguments: Namespace(log_base=None, log_level=None, verb_name='list', build_base='build', ignore_user_meta=False, metas=['./colcon.meta'], base_paths=['/home/kiara/final_ws'], packages_ignore=None, packages_ignore_regex=None, paths=None, packages_up_to=None, packages_up_to_regex=None, packages_above=None, packages_above_and_dependencies=None, packages_above_depth=None, packages_select_by_dep=None, packages_skip_by_dep=None, packages_skip_up_to=None, packages_select_build_failed=False, packages_skip_build_finished=False, packages_select_test_failures=False, packages_skip_test_passed=False, packages_select=None, packages_skip=None, packages_select_regex=None, packages_skip_regex=None, packages_start=None, packages_end=None, allow_overriding=[], topological_order=False, names_only=False, paths_only=True, topological_graph=False, topological_graph_dot=False, topological_graph_density=False, topological_graph_legend=False, topological_graph_dot_cluster=False, topological_graph_dot_include_skipped=False, mixin_files=None, mixin=None, verb_parser=<colcon_mixin.mixin.mixin_argument.MixinArgumentDecorator object at 0x727d8be637c0>, verb_extension=<colcon_package_information.verb.list.ListVerb object at 0x727d8be62890>, main=<bound method ListVerb.main of <colcon_package_information.verb.list.ListVerb object at 0x727d8be62890>>, mixin_verb=('list',))
[0.442s] Level 1:colcon.colcon_core.package_discovery:discover_packages(colcon_meta) check parameters
[0.443s] Level 1:colcon.colcon_core.package_discovery:discover_packages(recursive) check parameters
[0.443s] Level 1:colcon.colcon_core.package_discovery:discover_packages(ignore) check parameters
[0.443s] Level 1:colcon.colcon_core.package_discovery:discover_packages(path) check parameters
[0.443s] Level 1:colcon.colcon_core.package_discovery:discover_packages(recursive) discover
[0.443s] INFO:colcon.colcon_core.package_discovery:Crawling recursively for packages in '/home/kiara/final_ws'
[0.443s] Level 1:colcon.colcon_core.package_identification:_identify(/home/kiara/final_ws) by extensions ['ignore', 'ignore_ament_install']
[0.443s] Level 1:colcon.colcon_core.package_identification:_identify(/home/kiara/final_ws) by extension 'ignore'
[0.443s] Level 1:colcon.colcon_core.package_identification:_identify(/home/kiara/final_ws) by extension 'ignore_ament_install'
[0.443s] Level 1:colcon.colcon_core.package_identification:_identify(/home/kiara/final_ws) by extensions ['colcon_pkg']
[0.443s] Level 1:colcon.colcon_core.package_identification:_identify(/home/kiara/final_ws) by extension 'colcon_pkg'
[0.443s] Level 1:colcon.colcon_core.package_identification:_identify(/home/kiara/final_ws) by extensions ['colcon_meta']
[0.443s] Level 1:colcon.colcon_core.package_identification:_identify(/home/kiara/final_ws) by extension 'colcon_meta'
[0.443s] Level 1:colcon.colcon_core.package_identification:_identify(/home/kiara/final_ws) by extensions ['ros']
[0.444s] Level 1:colcon.colcon_core.package_identification:_identify(/home/kiara/final_ws) by extension 'ros'
[0.461s] Level 1:colcon.colcon_core.package_identification:_identify(/home/kiara/final_ws) by extensions ['cmake', 'python']
[0.461s] Level 1:colcon.colcon_core.package_identification:_identify(/home/kiara/final_ws) by extension 'cmake'
[0.461s] Level 1:colcon.colcon_core.package_identification:_identify(/home/kiara/final_ws) by extension 'python'
[0.461s] Level 1:colcon.colcon_core.package_identification:_identify(/home/kiara/final_ws) by extensions ['python_setup_py']
[0.461s] Level 1:colcon.colcon_core.package_identification:_identify(/home/kiara/final_ws) by extension 'python_setup_py'
[0.462s] Level 1:colcon.colcon_core.package_identification:_identify(/home/kiara/final_ws/build) by extensions ['ignore', 'ignore_ament_install']
[0.462s] Level 1:colcon.colcon_core.package_identification:_identify(/home/kiara/final_ws/build) by extension 'ignore'
[0.462s] Level 1:colcon.colcon_core.package_identification:_identify(/home/kiara/final_ws/build) ignored
[0.462s] Level 1:colcon.colcon_core.package_identification:_identify(/home/kiara/final_ws/install) by extensions ['ignore', 'ignore_ament_install']
[0.462s] Level 1:colcon.colcon_core.package_identification:_identify(/home/kiara/final_ws/install) by extension 'ignore'
[0.462s] Level 1:colcon.colcon_core.package_identification:_identify(/home/kiara/final_ws/install) ignored
[0.463s] Level 1:colcon.colcon_core.package_identification:_identify(/home/kiara/final_ws/log) by extensions ['ignore', 'ignore_ament_install']
[0.463s] Level 1:colcon.colcon_core.package_identification:_identify(/home/kiara/final_ws/log) by extension 'ignore'
[0.463s] Level 1:colcon.colcon_core.package_identification:_identify(/home/kiara/final_ws/log) ignored
[0.463s] Level 1:colcon.colcon_core.package_identification:_identify(/home/kiara/final_ws/src) by extensions ['ignore', 'ignore_ament_install']
[0.463s] Level 1:colcon.colcon_core.package_identification:_identify(/home/kiara/final_ws/src) by extension 'ignore'
[0.463s] Level 1:colcon.colcon_core.package_identification:_identify(/home/kiara/final_ws/src) by extension 'ignore_ament_install'
[0.463s] Level 1:colcon.colcon_core.package_identification:_identify(/home/kiara/final_ws/src) by extensions ['colcon_pkg']
[0.463s] Level 1:colcon.colcon_core.package_identification:_identify(/home/kiara/final_ws/src) by extension 'colcon_pkg'
[0.463s] Level 1:colcon.colcon_core.package_identification:_identify(/home/kiara/final_ws/src) by extensions ['colcon_meta']
[0.463s] Level 1:colcon.colcon_core.package_identification:_identify(/home/kiara/final_ws/src) by extension 'colcon_meta'
[0.463s] Level 1:colcon.colcon_core.package_identification:_identify(/home/kiara/final_ws/src) by extensions ['ros']
[0.463s] Level 1:colcon.colcon_core.package_identification:_identify(/home/kiara/final_ws/src) by extension 'ros'
[0.464s] Level 1:colcon.colcon_core.package_identification:_identify(/home/kiara/final_ws/src) by extensions ['cmake', 'python']
[0.464s] Level 1:colcon.colcon_core.package_identification:_identify(/home/kiara/final_ws/src) by extension 'cmake'
[0.464s] Level 1:colcon.colcon_core.package_identification:_identify(/home/kiara/final_ws/src) by extension 'python'
[0.464s] Level 1:colcon.colcon_core.package_identification:_identify(/home/kiara/final_ws/src) by extensions ['python_setup_py']
[0.464s] Level 1:colcon.colcon_core.package_identification:_identify(/home/kiara/final_ws/src) by extension 'python_setup_py'
[0.464s] Level 1:colcon.colcon_core.package_identification:_identify(/home/kiara/final_ws/src/action_tutorials_interfaces) by extensions ['ignore', 'ignore_ament_install']
[0.464s] Level 1:colcon.colcon_core.package_identification:_identify(/home/kiara/final_ws/src/action_tutorials_interfaces) by extension 'ignore'
[0.464s] Level 1:colcon.colcon_core.package_identification:_identify(/home/kiara/final_ws/src/action_tutorials_interfaces) by extension 'ignore_ament_install'
[0.464s] Level 1:colcon.colcon_core.package_identification:_identify(/home/kiara/final_ws/src/action_tutorials_interfaces) by extensions ['colcon_pkg']
[0.464s] Level 1:colcon.colcon_core.package_identification:_identify(/home/kiara/final_ws/src/action_tutorials_interfaces) by extension 'colcon_pkg'
[0.464s] Level 1:colcon.colcon_core.package_identification:_identify(/home/kiara/final_ws/src/action_tutorials_interfaces) by extensions ['colcon_meta']
[0.464s] Level 1:colcon.colcon_core.package_identification:_identify(/home/kiara/final_ws/src/action_tutorials_interfaces) by extension 'colcon_meta'
[0.464s] Level 1:colcon.colcon_core.package_identification:_identify(/home/kiara/final_ws/src/action_tutorials_interfaces) by extensions ['ros']
[0.464s] Level 1:colcon.colcon_core.package_identification:_identify(/home/kiara/final_ws/src/action_tutorials_interfaces) by extension 'ros'
[0.484s] DEBUG:colcon.colcon_core.package_identification:Package '/home/kiara/final_ws/src/action_tutorials_interfaces' with type 'ros.ament_cmake' and name 'action_tutorials_interfaces'
[0.485s] Level 1:colcon.colcon_core.package_identification:_identify(/home/kiara/final_ws/src/build) by extensions ['ignore', 'ignore_ament_install']
[0.485s] Level 1:colcon.colcon_core.package_identification:_identify(/home/kiara/final_ws/src/build) by extension 'ignore'
[0.485s] Level 1:colcon.colcon_core.package_identification:_identify(/home/kiara/final_ws/src/build) ignored
[0.485s] Level 1:colcon.colcon_core.package_identification:_identify(/home/kiara/final_ws/src/cpp_srvcli) by extensions ['ignore', 'ignore_ament_install']
[0.485s] Level 1:colcon.colcon_core.package_identification:_identify(/home/kiara/final_ws/src/cpp_srvcli) by extension 'ignore'
[0.485s] Level 1:colcon.colcon_core.package_identification:_identify(/home/kiara/final_ws/src/cpp_srvcli) by extension 'ignore_ament_install'
[0.485s] Level 1:colcon.colcon_core.package_identification:_identify(/home/kiara/final_ws/src/cpp_srvcli) by extensions ['colcon_pkg']
[0.485s] Level 1:colcon.colcon_core.package_identification:_identify(/home/kiara/final_ws/src/cpp_srvcli) by extension 'colcon_pkg'
[0.485s] Level 1:colcon.colcon_core.package_identification:_identify(/home/kiara/final_ws/src/cpp_srvcli) by extensions ['colcon_meta']
[0.485s] Level 1:colcon.colcon_core.package_identification:_identify(/home/kiara/final_ws/src/cpp_srvcli) by extension 'colcon_meta'
[0.485s] Level 1:colcon.colcon_core.package_identification:_identify(/home/kiara/final_ws/src/cpp_srvcli) by extensions ['ros']
[0.485s] Level 1:colcon.colcon_core.package_identification:_identify(/home/kiara/final_ws/src/cpp_srvcli) by extension 'ros'
[0.486s] DEBUG:colcon.colcon_core.package_identification:Package '/home/kiara/final_ws/src/cpp_srvcli' with type 'ros.ament_cmake' and name 'cpp_srvcli'
[0.487s] Level 1:colcon.colcon_core.package_identification:_identify(/home/kiara/final_ws/src/install) by extensions ['ignore', 'ignore_ament_install']
[0.487s] Level 1:colcon.colcon_core.package_identification:_identify(/home/kiara/final_ws/src/install) by extension 'ignore'
[0.487s] Level 1:colcon.colcon_core.package_identification:_identify(/home/kiara/final_ws/src/install) ignored
[0.487s] Level 1:colcon.colcon_core.package_identification:_identify(/home/kiara/final_ws/src/log) by extensions ['ignore', 'ignore_ament_install']
[0.487s] Level 1:colcon.colcon_core.package_identification:_identify(/home/kiara/final_ws/src/log) by extension 'ignore'
[0.487s] Level 1:colcon.colcon_core.package_identification:_identify(/home/kiara/final_ws/src/log) ignored
[0.487s] Level 1:colcon.colcon_core.package_identification:_identify(/home/kiara/final_ws/src/my_robot_controller) by extensions ['ignore', 'ignore_ament_install']
[0.488s] Level 1:colcon.colcon_core.package_identification:_identify(/home/kiara/final_ws/src/my_robot_controller) by extension 'ignore'
[0.488s] Level 1:colcon.colcon_core.package_identification:_identify(/home/kiara/final_ws/src/my_robot_controller) by extension 'ignore_ament_install'
[0.488s] Level 1:colcon.colcon_core.package_identification:_identify(/home/kiara/final_ws/src/my_robot_controller) by extensions ['colcon_pkg']
[0.488s] Level 1:colcon.colcon_core.package_identification:_identify(/home/kiara/final_ws/src/my_robot_controller) by extension 'colcon_pkg'
[0.488s] Level 1:colcon.colcon_core.package_identification:_identify(/home/kiara/final_ws/src/my_robot_controller) by extensions ['colcon_meta']
[0.488s] Level 1:colcon.colcon_core.package_identification:_identify(/home/kiara/final_ws/src/my_robot_controller) by extension 'colcon_meta'
[0.488s] Level 1:colcon.colcon_core.package_identification:_identify(/home/kiara/final_ws/src/my_robot_controller) by extensions ['ros']
[0.488s] Level 1:colcon.colcon_core.package_identification:_identify(/home/kiara/final_ws/src/my_robot_controller) by extension 'ros'
[0.489s] DEBUG:colcon.colcon_core.package_identification:Package '/home/kiara/final_ws/src/my_robot_controller' with type 'ros.ament_python' and name 'my_robot_controller'
[0.489s] Level 1:colcon.colcon_core.package_identification:_identify(/home/kiara/final_ws/src/py_srvcli) by extensions ['ignore', 'ignore_ament_install']
[0.489s] Level 1:colcon.colcon_core.package_identification:_identify(/home/kiara/final_ws/src/py_srvcli) by extension 'ignore'
[0.489s] Level 1:colcon.colcon_core.package_identification:_identify(/home/kiara/final_ws/src/py_srvcli) by extension 'ignore_ament_install'
[0.489s] Level 1:colcon.colcon_core.package_identification:_identify(/home/kiara/final_ws/src/py_srvcli) by extensions ['colcon_pkg']
[0.489s] Level 1:colcon.colcon_core.package_identification:_identify(/home/kiara/final_ws/src/py_srvcli) by extension 'colcon_pkg'
[0.489s] Level 1:colcon.colcon_core.package_identification:_identify(/home/kiara/final_ws/src/py_srvcli) by extensions ['colcon_meta']
[0.490s] Level 1:colcon.colcon_core.package_identification:_identify(/home/kiara/final_ws/src/py_srvcli) by extension 'colcon_meta'
[0.490s] Level 1:colcon.colcon_core.package_identification:_identify(/home/kiara/final_ws/src/py_srvcli) by extensions ['ros']
[0.490s] Level 1:colcon.colcon_core.package_identification:_identify(/home/kiara/final_ws/src/py_srvcli) by extension 'ros'
[0.491s] DEBUG:colcon.colcon_core.package_identification:Package '/home/kiara/final_ws/src/py_srvcli' with type 'ros.ament_python' and name 'py_srvcli'
[0.491s] Level 1:colcon.colcon_core.package_identification:_identify(/home/kiara/final_ws/src/ros2tasks) by extensions ['ignore', 'ignore_ament_install']
[0.491s] Level 1:colcon.colcon_core.package_identification:_identify(/home/kiara/final_ws/src/ros2tasks) by extension 'ignore'
[0.491s] Level 1:colcon.colcon_core.package_identification:_identify(/home/kiara/final_ws/src/ros2tasks) by extension 'ignore_ament_install'
[0.491s] Level 1:colcon.colcon_core.package_identification:_identify(/home/kiara/final_ws/src/ros2tasks) by extensions ['colcon_pkg']
[0.491s] Level 1:colcon.colcon_core.package_identification:_identify(/home/kiara/final_ws/src/ros2tasks) by extension 'colcon_pkg'
[0.491s] Level 1:colcon.colcon_core.package_identification:_identify(/home/kiara/final_ws/src/ros2tasks) by extensions ['colcon_meta']
[0.491s] Level 1:colcon.colcon_core.package_identification:_identify(/home/kiara/final_ws/src/ros2tasks) by extension 'colcon_meta'
[0.492s] Level 1:colcon.colcon_core.package_identification:_identify(/home/kiara/final_ws/src/ros2tasks) by extensions ['ros']
[0.492s] Level 1:colcon.colcon_core.package_identification:_identify(/home/kiara/final_ws/src/ros2tasks) by extension 'ros'
[0.493s] DEBUG:colcon.colcon_core.package_identification:Package '/home/kiara/final_ws/src/ros2tasks' with type 'ros.ament_python' and name 'ros2tasks'
[0.493s] Level 1:colcon.colcon_core.package_identification:_identify(/home/kiara/final_ws/src/tutorial_interfaces) by extensions ['ignore', 'ignore_ament_install']
[0.493s] Level 1:colcon.colcon_core.package_identification:_identify(/home/kiara/final_ws/src/tutorial_interfaces) by extension 'ignore'
[0.493s] Level 1:colcon.colcon_core.package_identification:_identify(/home/kiara/final_ws/src/tutorial_interfaces) by extension 'ignore_ament_install'
[0.493s] Level 1:colcon.colcon_core.package_identification:_identify(/home/kiara/final_ws/src/tutorial_interfaces) by extensions ['colcon_pkg']
[0.493s] Level 1:colcon.colcon_core.package_identification:_identify(/home/kiara/final_ws/src/tutorial_interfaces) by extension 'colcon_pkg'
[0.493s] Level 1:colcon.colcon_core.package_identification:_identify(/home/kiara/final_ws/src/tutorial_interfaces) by extensions ['colcon_meta']
[0.493s] Level 1:colcon.colcon_core.package_identification:_identify(/home/kiara/final_ws/src/tutorial_interfaces) by extension 'colcon_meta'
[0.493s] Level 1:colcon.colcon_core.package_identification:_identify(/home/kiara/final_ws/src/tutorial_interfaces) by extensions ['ros']
[0.493s] Level 1:colcon.colcon_core.package_identification:_identify(/home/kiara/final_ws/src/tutorial_interfaces) by extension 'ros'
[0.494s] DEBUG:colcon.colcon_core.package_identification:Package '/home/kiara/final_ws/src/tutorial_interfaces' with type 'ros.ament_cmake' and name 'tutorial_interfaces'
[0.494s] Level 1:colcon.colcon_core.package_discovery:discover_packages(recursive) using defaults
