[0.028s] Invoking command in '/home/kiara/final_ws/build/action_tutorials_interfaces': CMAKE_PREFIX_PATH=${CMAKE_PREFIX_PATH}:/home/kiara/final_ws/install/ros2tasks:/home/kiara/final_ws/install/py_srvcli:/home/kiara/final_ws/install/my_robot_controller:/home/kiara/ros2_ws/install/py_pubsub:/home/kiara/ros2_ws/install/launch_testing_examples:/home/kiara/ros2_ws/install/examples_rclpy_pointcloud_publisher:/home/kiara/ros2_ws/install/examples_rclpy_minimal_subscriber:/home/kiara/ros2_ws/install/examples_rclpy_minimal_service:/home/kiara/ros2_ws/install/examples_rclpy_minimal_publisher:/home/kiara/ros2_ws/install/examples_rclpy_minimal_client:/home/kiara/ros2_ws/install/examples_rclpy_minimal_action_server:/home/kiara/ros2_ws/install/examples_rclpy_minimal_action_client:/home/kiara/ros2_ws/install/examples_rclpy_guard_conditions:/home/kiara/ros2_ws/install/examples_rclpy_executors:/opt/ros/humble /usr/bin/cmake --build /home/kiara/final_ws/build/action_tutorials_interfaces -- -j12 -l12
[0.609s] [  3%] Built target action_tutorials_interfaces__cpp
[0.609s] [ 12%] Built target action_tutorials_interfaces__rosidl_generator_c
[0.610s] [ 12%] Built target ament_cmake_python_copy_action_tutorials_interfaces
[0.610s] [ 32%] Built target action_tutorials_interfaces__rosidl_typesupport_introspection_cpp
[0.611s] [ 32%] Built target action_tutorials_interfaces__rosidl_typesupport_cpp
[0.611s] [ 41%] Built target action_tutorials_interfaces__rosidl_typesupport_fastrtps_cpp
[0.611s] [ 51%] Built target action_tutorials_interfaces__rosidl_typesupport_introspection_c
[0.611s] [ 61%] Built target action_tutorials_interfaces__rosidl_typesupport_c
[0.611s] [ 70%] Built target action_tutorials_interfaces__rosidl_typesupport_fastrtps_c
[0.612s] [ 70%] Built target action_tutorials_interfaces
[0.613s] [ 74%] Built target action_tutorials_interfaces__py
[0.613s] [ 80%] Built target action_tutorials_interfaces__rosidl_generator_py
[0.613s] [ 87%] Built target action_tutorials_interfaces__rosidl_typesupport_introspection_c__pyext
[0.613s] [ 93%] Built target action_tutorials_interfaces__rosidl_typesupport_c__pyext
[0.613s] [100%] Built target action_tutorials_interfaces__rosidl_typesupport_fastrtps_c__pyext
[0.613s] running egg_info
[0.613s] writing action_tutorials_interfaces.egg-info/PKG-INFO
[0.613s] writing dependency_links to action_tutorials_interfaces.egg-info/dependency_links.txt
[0.613s] writing top-level names to action_tutorials_interfaces.egg-info/top_level.txt
[0.613s] reading manifest file 'action_tutorials_interfaces.egg-info/SOURCES.txt'
[0.613s] writing manifest file 'action_tutorials_interfaces.egg-info/SOURCES.txt'
[0.614s] [100%] Built target ament_cmake_python_build_action_tutorials_interfaces_egg
[0.615s] Invoked command in '/home/kiara/final_ws/build/action_tutorials_interfaces' returned '0': CMAKE_PREFIX_PATH=${CMAKE_PREFIX_PATH}:/home/kiara/final_ws/install/ros2tasks:/home/kiara/final_ws/install/py_srvcli:/home/kiara/final_ws/install/my_robot_controller:/home/kiara/ros2_ws/install/py_pubsub:/home/kiara/ros2_ws/install/launch_testing_examples:/home/kiara/ros2_ws/install/examples_rclpy_pointcloud_publisher:/home/kiara/ros2_ws/install/examples_rclpy_minimal_subscriber:/home/kiara/ros2_ws/install/examples_rclpy_minimal_service:/home/kiara/ros2_ws/install/examples_rclpy_minimal_publisher:/home/kiara/ros2_ws/install/examples_rclpy_minimal_client:/home/kiara/ros2_ws/install/examples_rclpy_minimal_action_server:/home/kiara/ros2_ws/install/examples_rclpy_minimal_action_client:/home/kiara/ros2_ws/install/examples_rclpy_guard_conditions:/home/kiara/ros2_ws/install/examples_rclpy_executors:/opt/ros/humble /usr/bin/cmake --build /home/kiara/final_ws/build/action_tutorials_interfaces -- -j12 -l12
[0.623s] Invoking command in '/home/kiara/final_ws/build/action_tutorials_interfaces': CMAKE_PREFIX_PATH=${CMAKE_PREFIX_PATH}:/home/kiara/final_ws/install/ros2tasks:/home/kiara/final_ws/install/py_srvcli:/home/kiara/final_ws/install/my_robot_controller:/home/kiara/ros2_ws/install/py_pubsub:/home/kiara/ros2_ws/install/launch_testing_examples:/home/kiara/ros2_ws/install/examples_rclpy_pointcloud_publisher:/home/kiara/ros2_ws/install/examples_rclpy_minimal_subscriber:/home/kiara/ros2_ws/install/examples_rclpy_minimal_service:/home/kiara/ros2_ws/install/examples_rclpy_minimal_publisher:/home/kiara/ros2_ws/install/examples_rclpy_minimal_client:/home/kiara/ros2_ws/install/examples_rclpy_minimal_action_server:/home/kiara/ros2_ws/install/examples_rclpy_minimal_action_client:/home/kiara/ros2_ws/install/examples_rclpy_guard_conditions:/home/kiara/ros2_ws/install/examples_rclpy_executors:/opt/ros/humble /usr/bin/cmake --install /home/kiara/final_ws/build/action_tutorials_interfaces
[0.638s] -- Install configuration: ""
[0.639s] -- Up-to-date: /home/kiara/final_ws/install/action_tutorials_interfaces/share/ament_index/resource_index/rosidl_interfaces/action_tutorials_interfaces
[0.640s] -- Up-to-date: /home/kiara/final_ws/install/action_tutorials_interfaces/include/action_tutorials_interfaces/action_tutorials_interfaces
[0.640s] -- Up-to-date: /home/kiara/final_ws/install/action_tutorials_interfaces/include/action_tutorials_interfaces/action_tutorials_interfaces/action
[0.640s] -- Up-to-date: /home/kiara/final_ws/install/action_tutorials_interfaces/include/action_tutorials_interfaces/action_tutorials_interfaces/action/detail
[0.640s] -- Up-to-date: /home/kiara/final_ws/install/action_tutorials_interfaces/include/action_tutorials_interfaces/action_tutorials_interfaces/action/detail/fibonacci__functions.h
[0.641s] -- Up-to-date: /home/kiara/final_ws/install/action_tutorials_interfaces/include/action_tutorials_interfaces/action_tutorials_interfaces/action/detail/fibonacci__functions.c
[0.641s] -- Up-to-date: /home/kiara/final_ws/install/action_tutorials_interfaces/include/action_tutorials_interfaces/action_tutorials_interfaces/action/detail/fibonacci__struct.h
[0.641s] -- Up-to-date: /home/kiara/final_ws/install/action_tutorials_interfaces/include/action_tutorials_interfaces/action_tutorials_interfaces/action/detail/fibonacci__type_support.h
[0.641s] -- Up-to-date: /home/kiara/final_ws/install/action_tutorials_interfaces/include/action_tutorials_interfaces/action_tutorials_interfaces/action/fibonacci.h
[0.641s] -- Up-to-date: /home/kiara/final_ws/install/action_tutorials_interfaces/include/action_tutorials_interfaces/action_tutorials_interfaces/msg
[0.641s] -- Up-to-date: /home/kiara/final_ws/install/action_tutorials_interfaces/include/action_tutorials_interfaces/action_tutorials_interfaces/msg/rosidl_generator_c__visibility_control.h
[0.642s] -- Up-to-date: /home/kiara/final_ws/install/action_tutorials_interfaces/share/action_tutorials_interfaces/environment/library_path.sh
[0.642s] -- Up-to-date: /home/kiara/final_ws/install/action_tutorials_interfaces/share/action_tutorials_interfaces/environment/library_path.dsv
[0.642s] -- Up-to-date: /home/kiara/final_ws/install/action_tutorials_interfaces/lib/libaction_tutorials_interfaces__rosidl_generator_c.so
[0.642s] -- Up-to-date: /home/kiara/final_ws/install/action_tutorials_interfaces/include/action_tutorials_interfaces/action_tutorials_interfaces
[0.642s] -- Up-to-date: /home/kiara/final_ws/install/action_tutorials_interfaces/include/action_tutorials_interfaces/action_tutorials_interfaces/action
[0.643s] -- Up-to-date: /home/kiara/final_ws/install/action_tutorials_interfaces/include/action_tutorials_interfaces/action_tutorials_interfaces/action/detail
[0.643s] -- Up-to-date: /home/kiara/final_ws/install/action_tutorials_interfaces/include/action_tutorials_interfaces/action_tutorials_interfaces/action/detail/fibonacci__rosidl_typesupport_fastrtps_c.h
[0.643s] -- Up-to-date: /home/kiara/final_ws/install/action_tutorials_interfaces/include/action_tutorials_interfaces/action_tutorials_interfaces/msg
[0.643s] -- Up-to-date: /home/kiara/final_ws/install/action_tutorials_interfaces/include/action_tutorials_interfaces/action_tutorials_interfaces/msg/rosidl_typesupport_fastrtps_c__visibility_control.h
[0.643s] -- Up-to-date: /home/kiara/final_ws/install/action_tutorials_interfaces/lib/libaction_tutorials_interfaces__rosidl_typesupport_fastrtps_c.so
[0.643s] -- Up-to-date: /home/kiara/final_ws/install/action_tutorials_interfaces/include/action_tutorials_interfaces/action_tutorials_interfaces
[0.644s] -- Up-to-date: /home/kiara/final_ws/install/action_tutorials_interfaces/include/action_tutorials_interfaces/action_tutorials_interfaces/action
[0.644s] -- Up-to-date: /home/kiara/final_ws/install/action_tutorials_interfaces/include/action_tutorials_interfaces/action_tutorials_interfaces/action/detail
[0.644s] -- Up-to-date: /home/kiara/final_ws/install/action_tutorials_interfaces/include/action_tutorials_interfaces/action_tutorials_interfaces/action/detail/fibonacci__rosidl_typesupport_introspection_c.h
[0.644s] -- Up-to-date: /home/kiara/final_ws/install/action_tutorials_interfaces/include/action_tutorials_interfaces/action_tutorials_interfaces/action/detail/fibonacci__type_support.c
[0.644s] -- Up-to-date: /home/kiara/final_ws/install/action_tutorials_interfaces/include/action_tutorials_interfaces/action_tutorials_interfaces/msg
[0.644s] -- Up-to-date: /home/kiara/final_ws/install/action_tutorials_interfaces/include/action_tutorials_interfaces/action_tutorials_interfaces/msg/rosidl_typesupport_introspection_c__visibility_control.h
[0.647s] -- Up-to-date: /home/kiara/final_ws/install/action_tutorials_interfaces/lib/libaction_tutorials_interfaces__rosidl_typesupport_introspection_c.so
[0.647s] -- Up-to-date: /home/kiara/final_ws/install/action_tutorials_interfaces/lib/libaction_tutorials_interfaces__rosidl_typesupport_c.so
[0.647s] -- Up-to-date: /home/kiara/final_ws/install/action_tutorials_interfaces/include/action_tutorials_interfaces/action_tutorials_interfaces
[0.647s] -- Up-to-date: /home/kiara/final_ws/install/action_tutorials_interfaces/include/action_tutorials_interfaces/action_tutorials_interfaces/action
[0.649s] -- Up-to-date: /home/kiara/final_ws/install/action_tutorials_interfaces/include/action_tutorials_interfaces/action_tutorials_interfaces/action/detail
[0.649s] -- Up-to-date: /home/kiara/final_ws/install/action_tutorials_interfaces/include/action_tutorials_interfaces/action_tutorials_interfaces/action/detail/fibonacci__traits.hpp
[0.649s] -- Up-to-date: /home/kiara/final_ws/install/action_tutorials_interfaces/include/action_tutorials_interfaces/action_tutorials_interfaces/action/detail/fibonacci__type_support.hpp
[0.650s] -- Up-to-date: /home/kiara/final_ws/install/action_tutorials_interfaces/include/action_tutorials_interfaces/action_tutorials_interfaces/action/detail/fibonacci__builder.hpp
[0.650s] -- Up-to-date: /home/kiara/final_ws/install/action_tutorials_interfaces/include/action_tutorials_interfaces/action_tutorials_interfaces/action/detail/fibonacci__struct.hpp
[0.650s] -- Up-to-date: /home/kiara/final_ws/install/action_tutorials_interfaces/include/action_tutorials_interfaces/action_tutorials_interfaces/action/fibonacci.hpp
[0.651s] -- Up-to-date: /home/kiara/final_ws/install/action_tutorials_interfaces/include/action_tutorials_interfaces/action_tutorials_interfaces/msg
[0.651s] -- Up-to-date: /home/kiara/final_ws/install/action_tutorials_interfaces/include/action_tutorials_interfaces/action_tutorials_interfaces/msg/rosidl_generator_cpp__visibility_control.hpp
[0.652s] -- Up-to-date: /home/kiara/final_ws/install/action_tutorials_interfaces/include/action_tutorials_interfaces/action_tutorials_interfaces
[0.652s] -- Up-to-date: /home/kiara/final_ws/install/action_tutorials_interfaces/include/action_tutorials_interfaces/action_tutorials_interfaces/action
[0.652s] -- Up-to-date: /home/kiara/final_ws/install/action_tutorials_interfaces/include/action_tutorials_interfaces/action_tutorials_interfaces/action/detail
[0.652s] -- Up-to-date: /home/kiara/final_ws/install/action_tutorials_interfaces/include/action_tutorials_interfaces/action_tutorials_interfaces/action/detail/fibonacci__rosidl_typesupport_fastrtps_cpp.hpp
[0.653s] -- Up-to-date: /home/kiara/final_ws/install/action_tutorials_interfaces/include/action_tutorials_interfaces/action_tutorials_interfaces/action/detail/dds_fastrtps
[0.654s] -- Up-to-date: /home/kiara/final_ws/install/action_tutorials_interfaces/include/action_tutorials_interfaces/action_tutorials_interfaces/msg
[0.655s] -- Up-to-date: /home/kiara/final_ws/install/action_tutorials_interfaces/include/action_tutorials_interfaces/action_tutorials_interfaces/msg/rosidl_typesupport_fastrtps_cpp__visibility_control.h
[0.656s] -- Up-to-date: /home/kiara/final_ws/install/action_tutorials_interfaces/lib/libaction_tutorials_interfaces__rosidl_typesupport_fastrtps_cpp.so
[0.656s] -- Up-to-date: /home/kiara/final_ws/install/action_tutorials_interfaces/include/action_tutorials_interfaces/action_tutorials_interfaces
[0.656s] -- Up-to-date: /home/kiara/final_ws/install/action_tutorials_interfaces/include/action_tutorials_interfaces/action_tutorials_interfaces/action
[0.657s] -- Up-to-date: /home/kiara/final_ws/install/action_tutorials_interfaces/include/action_tutorials_interfaces/action_tutorials_interfaces/action/detail
[0.657s] -- Up-to-date: /home/kiara/final_ws/install/action_tutorials_interfaces/include/action_tutorials_interfaces/action_tutorials_interfaces/action/detail/fibonacci__rosidl_typesupport_introspection_cpp.hpp
[0.657s] -- Up-to-date: /home/kiara/final_ws/install/action_tutorials_interfaces/include/action_tutorials_interfaces/action_tutorials_interfaces/action/detail/fibonacci__type_support.cpp
[0.657s] -- Up-to-date: /home/kiara/final_ws/install/action_tutorials_interfaces/lib/libaction_tutorials_interfaces__rosidl_typesupport_introspection_cpp.so
[0.657s] -- Up-to-date: /home/kiara/final_ws/install/action_tutorials_interfaces/lib/libaction_tutorials_interfaces__rosidl_typesupport_cpp.so
[0.657s] -- Up-to-date: /home/kiara/final_ws/install/action_tutorials_interfaces/share/action_tutorials_interfaces/environment/pythonpath.sh
[0.658s] -- Up-to-date: /home/kiara/final_ws/install/action_tutorials_interfaces/share/action_tutorials_interfaces/environment/pythonpath.dsv
[0.658s] -- Up-to-date: /home/kiara/final_ws/install/action_tutorials_interfaces/local/lib/python3.10/dist-packages/action_tutorials_interfaces-0.0.0-py3.10.egg-info
[0.658s] -- Installing: /home/kiara/final_ws/install/action_tutorials_interfaces/local/lib/python3.10/dist-packages/action_tutorials_interfaces-0.0.0-py3.10.egg-info/SOURCES.txt
[0.658s] -- Installing: /home/kiara/final_ws/install/action_tutorials_interfaces/local/lib/python3.10/dist-packages/action_tutorials_interfaces-0.0.0-py3.10.egg-info/dependency_links.txt
[0.658s] -- Installing: /home/kiara/final_ws/install/action_tutorials_interfaces/local/lib/python3.10/dist-packages/action_tutorials_interfaces-0.0.0-py3.10.egg-info/top_level.txt
[0.658s] -- Installing: /home/kiara/final_ws/install/action_tutorials_interfaces/local/lib/python3.10/dist-packages/action_tutorials_interfaces-0.0.0-py3.10.egg-info/PKG-INFO
[0.658s] -- Up-to-date: /home/kiara/final_ws/install/action_tutorials_interfaces/local/lib/python3.10/dist-packages/action_tutorials_interfaces
[0.658s] -- Up-to-date: /home/kiara/final_ws/install/action_tutorials_interfaces/local/lib/python3.10/dist-packages/action_tutorials_interfaces/action
[0.658s] -- Up-to-date: /home/kiara/final_ws/install/action_tutorials_interfaces/local/lib/python3.10/dist-packages/action_tutorials_interfaces/action/_fibonacci.py
[0.659s] -- Up-to-date: /home/kiara/final_ws/install/action_tutorials_interfaces/local/lib/python3.10/dist-packages/action_tutorials_interfaces/action/_fibonacci_s.c
[0.659s] -- Up-to-date: /home/kiara/final_ws/install/action_tutorials_interfaces/local/lib/python3.10/dist-packages/action_tutorials_interfaces/action/__init__.py
[0.659s] -- Up-to-date: /home/kiara/final_ws/install/action_tutorials_interfaces/local/lib/python3.10/dist-packages/action_tutorials_interfaces/action_tutorials_interfaces_s__rosidl_typesupport_fastrtps_c.cpython-310-x86_64-linux-gnu.so
[0.659s] -- Up-to-date: /home/kiara/final_ws/install/action_tutorials_interfaces/local/lib/python3.10/dist-packages/action_tutorials_interfaces/libaction_tutorials_interfaces__rosidl_generator_py.so
[0.659s] -- Up-to-date: /home/kiara/final_ws/install/action_tutorials_interfaces/local/lib/python3.10/dist-packages/action_tutorials_interfaces/_action_tutorials_interfaces_s.ep.rosidl_typesupport_fastrtps_c.c
[0.659s] -- Up-to-date: /home/kiara/final_ws/install/action_tutorials_interfaces/local/lib/python3.10/dist-packages/action_tutorials_interfaces/action_tutorials_interfaces_s__rosidl_typesupport_c.cpython-310-x86_64-linux-gnu.so
[0.659s] -- Up-to-date: /home/kiara/final_ws/install/action_tutorials_interfaces/local/lib/python3.10/dist-packages/action_tutorials_interfaces/_action_tutorials_interfaces_s.ep.rosidl_typesupport_c.c
[0.660s] -- Up-to-date: /home/kiara/final_ws/install/action_tutorials_interfaces/local/lib/python3.10/dist-packages/action_tutorials_interfaces/action_tutorials_interfaces_s__rosidl_typesupport_introspection_c.cpython-310-x86_64-linux-gnu.so
[0.662s] -- Up-to-date: /home/kiara/final_ws/install/action_tutorials_interfaces/local/lib/python3.10/dist-packages/action_tutorials_interfaces/_action_tutorials_interfaces_s.ep.rosidl_typesupport_introspection_c.c
[0.662s] -- Up-to-date: /home/kiara/final_ws/install/action_tutorials_interfaces/local/lib/python3.10/dist-packages/action_tutorials_interfaces/__init__.py
[0.705s] Listing '/home/kiara/final_ws/install/action_tutorials_interfaces/local/lib/python3.10/dist-packages/action_tutorials_interfaces'...
[0.705s] Listing '/home/kiara/final_ws/install/action_tutorials_interfaces/local/lib/python3.10/dist-packages/action_tutorials_interfaces/action'...
[0.710s] -- Up-to-date: /home/kiara/final_ws/install/action_tutorials_interfaces/local/lib/python3.10/dist-packages/action_tutorials_interfaces/action_tutorials_interfaces_s__rosidl_typesupport_fastrtps_c.cpython-310-x86_64-linux-gnu.so
[0.710s] -- Up-to-date: /home/kiara/final_ws/install/action_tutorials_interfaces/local/lib/python3.10/dist-packages/action_tutorials_interfaces/action_tutorials_interfaces_s__rosidl_typesupport_introspection_c.cpython-310-x86_64-linux-gnu.so
[0.710s] -- Up-to-date: /home/kiara/final_ws/install/action_tutorials_interfaces/local/lib/python3.10/dist-packages/action_tutorials_interfaces/action_tutorials_interfaces_s__rosidl_typesupport_c.cpython-310-x86_64-linux-gnu.so
[0.710s] -- Up-to-date: /home/kiara/final_ws/install/action_tutorials_interfaces/lib/libaction_tutorials_interfaces__rosidl_generator_py.so
[0.711s] -- Up-to-date: /home/kiara/final_ws/install/action_tutorials_interfaces/share/action_tutorials_interfaces/action/Fibonacci.idl
[0.711s] -- Up-to-date: /home/kiara/final_ws/install/action_tutorials_interfaces/share/action_tutorials_interfaces/action/Fibonacci.action
[0.711s] -- Up-to-date: /home/kiara/final_ws/install/action_tutorials_interfaces/share/ament_index/resource_index/package_run_dependencies/action_tutorials_interfaces
[0.711s] -- Up-to-date: /home/kiara/final_ws/install/action_tutorials_interfaces/share/ament_index/resource_index/parent_prefix_path/action_tutorials_interfaces
[0.711s] -- Up-to-date: /home/kiara/final_ws/install/action_tutorials_interfaces/share/action_tutorials_interfaces/environment/ament_prefix_path.sh
[0.711s] -- Up-to-date: /home/kiara/final_ws/install/action_tutorials_interfaces/share/action_tutorials_interfaces/environment/ament_prefix_path.dsv
[0.712s] -- Up-to-date: /home/kiara/final_ws/install/action_tutorials_interfaces/share/action_tutorials_interfaces/environment/path.sh
[0.712s] -- Up-to-date: /home/kiara/final_ws/install/action_tutorials_interfaces/share/action_tutorials_interfaces/environment/path.dsv
[0.712s] -- Up-to-date: /home/kiara/final_ws/install/action_tutorials_interfaces/share/action_tutorials_interfaces/local_setup.bash
[0.712s] -- Up-to-date: /home/kiara/final_ws/install/action_tutorials_interfaces/share/action_tutorials_interfaces/local_setup.sh
[0.712s] -- Up-to-date: /home/kiara/final_ws/install/action_tutorials_interfaces/share/action_tutorials_interfaces/local_setup.zsh
[0.712s] -- Up-to-date: /home/kiara/final_ws/install/action_tutorials_interfaces/share/action_tutorials_interfaces/local_setup.dsv
[0.712s] -- Installing: /home/kiara/final_ws/install/action_tutorials_interfaces/share/action_tutorials_interfaces/package.dsv
[0.713s] -- Up-to-date: /home/kiara/final_ws/install/action_tutorials_interfaces/share/ament_index/resource_index/packages/action_tutorials_interfaces
[0.713s] -- Up-to-date: /home/kiara/final_ws/install/action_tutorials_interfaces/share/action_tutorials_interfaces/cmake/export_action_tutorials_interfaces__rosidl_generator_cExport.cmake
[0.713s] -- Up-to-date: /home/kiara/final_ws/install/action_tutorials_interfaces/share/action_tutorials_interfaces/cmake/export_action_tutorials_interfaces__rosidl_generator_cExport-noconfig.cmake
[0.713s] -- Up-to-date: /home/kiara/final_ws/install/action_tutorials_interfaces/share/action_tutorials_interfaces/cmake/export_action_tutorials_interfaces__rosidl_typesupport_fastrtps_cExport.cmake
[0.713s] -- Up-to-date: /home/kiara/final_ws/install/action_tutorials_interfaces/share/action_tutorials_interfaces/cmake/export_action_tutorials_interfaces__rosidl_typesupport_fastrtps_cExport-noconfig.cmake
[0.713s] -- Up-to-date: /home/kiara/final_ws/install/action_tutorials_interfaces/share/action_tutorials_interfaces/cmake/action_tutorials_interfaces__rosidl_typesupport_introspection_cExport.cmake
[0.713s] -- Up-to-date: /home/kiara/final_ws/install/action_tutorials_interfaces/share/action_tutorials_interfaces/cmake/action_tutorials_interfaces__rosidl_typesupport_introspection_cExport-noconfig.cmake
[0.714s] -- Up-to-date: /home/kiara/final_ws/install/action_tutorials_interfaces/share/action_tutorials_interfaces/cmake/action_tutorials_interfaces__rosidl_typesupport_cExport.cmake
[0.714s] -- Up-to-date: /home/kiara/final_ws/install/action_tutorials_interfaces/share/action_tutorials_interfaces/cmake/action_tutorials_interfaces__rosidl_typesupport_cExport-noconfig.cmake
[0.714s] -- Up-to-date: /home/kiara/final_ws/install/action_tutorials_interfaces/share/action_tutorials_interfaces/cmake/export_action_tutorials_interfaces__rosidl_generator_cppExport.cmake
[0.714s] -- Up-to-date: /home/kiara/final_ws/install/action_tutorials_interfaces/share/action_tutorials_interfaces/cmake/export_action_tutorials_interfaces__rosidl_typesupport_fastrtps_cppExport.cmake
[0.714s] -- Up-to-date: /home/kiara/final_ws/install/action_tutorials_interfaces/share/action_tutorials_interfaces/cmake/export_action_tutorials_interfaces__rosidl_typesupport_fastrtps_cppExport-noconfig.cmake
[0.714s] -- Up-to-date: /home/kiara/final_ws/install/action_tutorials_interfaces/share/action_tutorials_interfaces/cmake/action_tutorials_interfaces__rosidl_typesupport_introspection_cppExport.cmake
[0.714s] -- Up-to-date: /home/kiara/final_ws/install/action_tutorials_interfaces/share/action_tutorials_interfaces/cmake/action_tutorials_interfaces__rosidl_typesupport_introspection_cppExport-noconfig.cmake
[0.714s] -- Up-to-date: /home/kiara/final_ws/install/action_tutorials_interfaces/share/action_tutorials_interfaces/cmake/action_tutorials_interfaces__rosidl_typesupport_cppExport.cmake
[0.714s] -- Up-to-date: /home/kiara/final_ws/install/action_tutorials_interfaces/share/action_tutorials_interfaces/cmake/action_tutorials_interfaces__rosidl_typesupport_cppExport-noconfig.cmake
[0.714s] -- Up-to-date: /home/kiara/final_ws/install/action_tutorials_interfaces/share/action_tutorials_interfaces/cmake/export_action_tutorials_interfaces__rosidl_generator_pyExport.cmake
[0.714s] -- Up-to-date: /home/kiara/final_ws/install/action_tutorials_interfaces/share/action_tutorials_interfaces/cmake/export_action_tutorials_interfaces__rosidl_generator_pyExport-noconfig.cmake
[0.715s] -- Up-to-date: /home/kiara/final_ws/install/action_tutorials_interfaces/share/action_tutorials_interfaces/cmake/rosidl_cmake-extras.cmake
[0.715s] -- Up-to-date: /home/kiara/final_ws/install/action_tutorials_interfaces/share/action_tutorials_interfaces/cmake/ament_cmake_export_dependencies-extras.cmake
[0.715s] -- Up-to-date: /home/kiara/final_ws/install/action_tutorials_interfaces/share/action_tutorials_interfaces/cmake/ament_cmake_export_include_directories-extras.cmake
[0.715s] -- Up-to-date: /home/kiara/final_ws/install/action_tutorials_interfaces/share/action_tutorials_interfaces/cmake/ament_cmake_export_libraries-extras.cmake
[0.715s] -- Up-to-date: /home/kiara/final_ws/install/action_tutorials_interfaces/share/action_tutorials_interfaces/cmake/ament_cmake_export_targets-extras.cmake
[0.715s] -- Up-to-date: /home/kiara/final_ws/install/action_tutorials_interfaces/share/action_tutorials_interfaces/cmake/rosidl_cmake_export_typesupport_targets-extras.cmake
[0.715s] -- Up-to-date: /home/kiara/final_ws/install/action_tutorials_interfaces/share/action_tutorials_interfaces/cmake/rosidl_cmake_export_typesupport_libraries-extras.cmake
[0.715s] -- Up-to-date: /home/kiara/final_ws/install/action_tutorials_interfaces/share/action_tutorials_interfaces/cmake/action_tutorials_interfacesConfig.cmake
[0.716s] -- Up-to-date: /home/kiara/final_ws/install/action_tutorials_interfaces/share/action_tutorials_interfaces/cmake/action_tutorials_interfacesConfig-version.cmake
[0.716s] -- Up-to-date: /home/kiara/final_ws/install/action_tutorials_interfaces/share/action_tutorials_interfaces/package.xml
[0.717s] Invoked command in '/home/kiara/final_ws/build/action_tutorials_interfaces' returned '0': CMAKE_PREFIX_PATH=${CMAKE_PREFIX_PATH}:/home/kiara/final_ws/install/ros2tasks:/home/kiara/final_ws/install/py_srvcli:/home/kiara/final_ws/install/my_robot_controller:/home/kiara/ros2_ws/install/py_pubsub:/home/kiara/ros2_ws/install/launch_testing_examples:/home/kiara/ros2_ws/install/examples_rclpy_pointcloud_publisher:/home/kiara/ros2_ws/install/examples_rclpy_minimal_subscriber:/home/kiara/ros2_ws/install/examples_rclpy_minimal_service:/home/kiara/ros2_ws/install/examples_rclpy_minimal_publisher:/home/kiara/ros2_ws/install/examples_rclpy_minimal_client:/home/kiara/ros2_ws/install/examples_rclpy_minimal_action_server:/home/kiara/ros2_ws/install/examples_rclpy_minimal_action_client:/home/kiara/ros2_ws/install/examples_rclpy_guard_conditions:/home/kiara/ros2_ws/install/examples_rclpy_executors:/opt/ros/humble /usr/bin/cmake --install /home/kiara/final_ws/build/action_tutorials_interfaces
