[0.383s] Invoking command in '/home/kiara/final_ws/build/tutorial_interfaces': CMAKE_PREFIX_PATH=${CMAKE_PREFIX_PATH}:/home/kiara/final_ws/install/py_srvcli:/home/kiara/final_ws/install/my_robot_controller:/home/kiara/ros2_ws/install/py_pubsub:/home/kiara/ros2_ws/install/launch_testing_examples:/home/kiara/ros2_ws/install/examples_rclpy_pointcloud_publisher:/home/kiara/ros2_ws/install/examples_rclpy_minimal_subscriber:/home/kiara/ros2_ws/install/examples_rclpy_minimal_service:/home/kiara/ros2_ws/install/examples_rclpy_minimal_publisher:/home/kiara/ros2_ws/install/examples_rclpy_minimal_client:/home/kiara/ros2_ws/install/examples_rclpy_minimal_action_server:/home/kiara/ros2_ws/install/examples_rclpy_minimal_action_client:/home/kiara/ros2_ws/install/examples_rclpy_guard_conditions:/home/kiara/ros2_ws/install/examples_rclpy_executors:/opt/ros/humble /usr/bin/cmake /home/kiara/final_ws/src/tutorial_interfaces -DCMAKE_INSTALL_PREFIX=/home/kiara/final_ws/install/tutorial_interfaces
[0.400s] -- Found ament_cmake: 1.3.11 (/opt/ros/humble/share/ament_cmake/cmake)
[0.563s] -- Found geometry_msgs: 4.2.4 (/opt/ros/humble/share/geometry_msgs/cmake)
[0.595s] -- Found rosidl_generator_c: 3.1.6 (/opt/ros/humble/share/rosidl_generator_c/cmake)
[0.597s] -- Found rosidl_adapter: 3.1.6 (/opt/ros/humble/share/rosidl_adapter/cmake)
[0.601s] -- Found rosidl_generator_cpp: 3.1.6 (/opt/ros/humble/share/rosidl_generator_cpp/cmake)
[0.610s] -- Using all available rosidl_typesupport_c: rosidl_typesupport_fastrtps_c;rosidl_typesupport_introspection_c
[0.620s] -- Using all available rosidl_typesupport_cpp: rosidl_typesupport_fastrtps_cpp;rosidl_typesupport_introspection_cpp
[0.657s] -- Found rosidl_default_generators: 1.2.0 (/opt/ros/humble/share/rosidl_default_generators/cmake)
[0.818s] [31mCMake Error at /opt/ros/humble/share/rosidl_adapter/cmake/rosidl_adapt_interfaces.cmake:59 (message):
[0.818s]   execute_process(/usr/bin/python3 -m rosidl_adapter --package-name
[0.819s]   tutorial_interfaces --arguments-file
[0.819s]   /home/kiara/final_ws/build/tutorial_interfaces/rosidl_adapter__arguments__tutorial_interfaces.json
[0.819s]   --output-dir
[0.819s]   /home/kiara/final_ws/build/tutorial_interfaces/rosidl_adapter/tutorial_interfaces
[0.819s]   --output-file
[0.819s]   /home/kiara/final_ws/build/tutorial_interfaces/rosidl_adapter/tutorial_interfaces.idls)
[0.819s]   returned error code 1:
[0.819s] 
[0.819s]   Error with: tutorial_interfaces AddThreeInts_Request int64b
[0.819s] 
[0.819s]   Traceback (most recent call last):
[0.820s] 
[0.820s]     File "/usr/lib/python3.10/runpy.py", line 196, in _run_module_as_main
[0.820s]       return _run_code(code, main_globals, None,
[0.820s]     File "/usr/lib/python3.10/runpy.py", line 86, in _run_code
[0.820s]       exec(code, run_globals)
[0.820s]     File "/opt/ros/humble/local/lib/python3.10/dist-packages/rosidl_adapter/__main__.py", line 19, in <module>
[0.820s]       sys.exit(main())
[0.820s]     File "/opt/ros/humble/local/lib/python3.10/dist-packages/rosidl_adapter/main.py", line 53, in main
[0.820s]       abs_idl_file = convert_to_idl(
[0.820s]     File "/opt/ros/humble/local/lib/python3.10/dist-packages/rosidl_adapter/__init__.py", line 24, in convert_to_idl
[0.820s]       return convert_srv_to_idl(
[0.820s]     File "/opt/ros/humble/local/lib/python3.10/dist-packages/rosidl_adapter/srv/__init__.py", line 28, in convert_srv_to_idl
[0.820s]       srv = parse_service_string(package_name, input_file.stem, content)
[0.820s]     File "/opt/ros/humble/local/lib/python3.10/dist-packages/rosidl_adapter/parser.py", line 859, in parse_service_string
[0.821s]       request_message = parse_message_string(
[0.821s]     File "/opt/ros/humble/local/lib/python3.10/dist-packages/rosidl_adapter/parser.py", line 510, in parse_message_string
[0.821s]       raise InvalidFieldDefinition(line)
[0.821s] 
[0.821s]   rosidl_adapter.parser.InvalidFieldDefinition: int64b
[0.821s] 
[0.821s] Call Stack (most recent call first):
[0.821s]   /opt/ros/humble/share/rosidl_cmake/cmake/rosidl_generate_interfaces.cmake:130 (rosidl_adapt_interfaces)
[0.821s]   CMakeLists.txt:16 (rosidl_generate_interfaces)
[0.821s] 
[0.821s] [0m
[0.821s] -- Configuring incomplete, errors occurred!
[0.821s] See also "/home/kiara/final_ws/build/tutorial_interfaces/CMakeFiles/CMakeOutput.log".
[0.825s] Invoked command in '/home/kiara/final_ws/build/tutorial_interfaces' returned '1': CMAKE_PREFIX_PATH=${CMAKE_PREFIX_PATH}:/home/kiara/final_ws/install/py_srvcli:/home/kiara/final_ws/install/my_robot_controller:/home/kiara/ros2_ws/install/py_pubsub:/home/kiara/ros2_ws/install/launch_testing_examples:/home/kiara/ros2_ws/install/examples_rclpy_pointcloud_publisher:/home/kiara/ros2_ws/install/examples_rclpy_minimal_subscriber:/home/kiara/ros2_ws/install/examples_rclpy_minimal_service:/home/kiara/ros2_ws/install/examples_rclpy_minimal_publisher:/home/kiara/ros2_ws/install/examples_rclpy_minimal_client:/home/kiara/ros2_ws/install/examples_rclpy_minimal_action_server:/home/kiara/ros2_ws/install/examples_rclpy_minimal_action_client:/home/kiara/ros2_ws/install/examples_rclpy_guard_conditions:/home/kiara/ros2_ws/install/examples_rclpy_executors:/opt/ros/humble /usr/bin/cmake /home/kiara/final_ws/src/tutorial_interfaces -DCMAKE_INSTALL_PREFIX=/home/kiara/final_ws/install/tutorial_interfaces
