[0.635s] Invoking command in '/home/kiara/final_ws/build/tutorial_interfaces': CMAKE_PREFIX_PATH=${CMAKE_PREFIX_PATH}:/home/kiara/final_ws/install/ros2tasks:/home/kiara/final_ws/install/py_srvcli:/home/kiara/final_ws/install/my_robot_controller:/home/kiara/ros2_ws/install/py_pubsub:/home/kiara/ros2_ws/install/launch_testing_examples:/home/kiara/ros2_ws/install/examples_rclpy_pointcloud_publisher:/home/kiara/ros2_ws/install/examples_rclpy_minimal_subscriber:/home/kiara/ros2_ws/install/examples_rclpy_minimal_service:/home/kiara/ros2_ws/install/examples_rclpy_minimal_publisher:/home/kiara/ros2_ws/install/examples_rclpy_minimal_client:/home/kiara/ros2_ws/install/examples_rclpy_minimal_action_server:/home/kiara/ros2_ws/install/examples_rclpy_minimal_action_client:/home/kiara/ros2_ws/install/examples_rclpy_guard_conditions:/home/kiara/ros2_ws/install/examples_rclpy_executors:/opt/ros/humble /usr/bin/cmake --build /home/kiara/final_ws/build/tutorial_interfaces -- -j12 -l12
[0.679s] [ 10%] Built target tutorial_interfaces__rosidl_generator_c
[0.681s] [ 12%] Built target tutorial_interfaces__cpp
[0.694s] [ 12%] Built target ament_cmake_python_copy_tutorial_interfaces
[0.701s] [ 23%] Built target tutorial_interfaces__rosidl_typesupport_c
[0.705s] [ 34%] Built target tutorial_interfaces__rosidl_typesupport_introspection_c
[0.710s] [ 55%] Built target tutorial_interfaces__rosidl_typesupport_cpp
[0.711s] [ 55%] Built target tutorial_interfaces__rosidl_typesupport_fastrtps_cpp
[0.713s] [ 65%] Built target tutorial_interfaces__rosidl_typesupport_fastrtps_c
[0.714s] [ 76%] Built target tutorial_interfaces__rosidl_typesupport_introspection_cpp
[0.735s] [ 76%] Built target tutorial_interfaces
[0.755s] [ 78%] Built target tutorial_interfaces__py
[0.779s] [ 87%] Built target tutorial_interfaces__rosidl_generator_py
[0.800s] [ 91%] Built target tutorial_interfaces__rosidl_typesupport_c__pyext
[0.806s] [ 97%] Built target tutorial_interfaces__rosidl_typesupport_fastrtps_c__pyext
[0.806s] [100%] Built target tutorial_interfaces__rosidl_typesupport_introspection_c__pyext
[0.937s] running egg_info
[0.937s] writing tutorial_interfaces.egg-info/PKG-INFO
[0.938s] writing dependency_links to tutorial_interfaces.egg-info/dependency_links.txt
[0.938s] writing top-level names to tutorial_interfaces.egg-info/top_level.txt
[0.940s] reading manifest file 'tutorial_interfaces.egg-info/SOURCES.txt'
[0.940s] writing manifest file 'tutorial_interfaces.egg-info/SOURCES.txt'
[0.973s] [100%] Built target ament_cmake_python_build_tutorial_interfaces_egg
[0.982s] Invoked command in '/home/kiara/final_ws/build/tutorial_interfaces' returned '0': CMAKE_PREFIX_PATH=${CMAKE_PREFIX_PATH}:/home/kiara/final_ws/install/ros2tasks:/home/kiara/final_ws/install/py_srvcli:/home/kiara/final_ws/install/my_robot_controller:/home/kiara/ros2_ws/install/py_pubsub:/home/kiara/ros2_ws/install/launch_testing_examples:/home/kiara/ros2_ws/install/examples_rclpy_pointcloud_publisher:/home/kiara/ros2_ws/install/examples_rclpy_minimal_subscriber:/home/kiara/ros2_ws/install/examples_rclpy_minimal_service:/home/kiara/ros2_ws/install/examples_rclpy_minimal_publisher:/home/kiara/ros2_ws/install/examples_rclpy_minimal_client:/home/kiara/ros2_ws/install/examples_rclpy_minimal_action_server:/home/kiara/ros2_ws/install/examples_rclpy_minimal_action_client:/home/kiara/ros2_ws/install/examples_rclpy_guard_conditions:/home/kiara/ros2_ws/install/examples_rclpy_executors:/opt/ros/humble /usr/bin/cmake --build /home/kiara/final_ws/build/tutorial_interfaces -- -j12 -l12
[0.983s] Invoking command in '/home/kiara/final_ws/build/tutorial_interfaces': CMAKE_PREFIX_PATH=${CMAKE_PREFIX_PATH}:/home/kiara/final_ws/install/ros2tasks:/home/kiara/final_ws/install/py_srvcli:/home/kiara/final_ws/install/my_robot_controller:/home/kiara/ros2_ws/install/py_pubsub:/home/kiara/ros2_ws/install/launch_testing_examples:/home/kiara/ros2_ws/install/examples_rclpy_pointcloud_publisher:/home/kiara/ros2_ws/install/examples_rclpy_minimal_subscriber:/home/kiara/ros2_ws/install/examples_rclpy_minimal_service:/home/kiara/ros2_ws/install/examples_rclpy_minimal_publisher:/home/kiara/ros2_ws/install/examples_rclpy_minimal_client:/home/kiara/ros2_ws/install/examples_rclpy_minimal_action_server:/home/kiara/ros2_ws/install/examples_rclpy_minimal_action_client:/home/kiara/ros2_ws/install/examples_rclpy_guard_conditions:/home/kiara/ros2_ws/install/examples_rclpy_executors:/opt/ros/humble /usr/bin/cmake --install /home/kiara/final_ws/build/tutorial_interfaces
[0.994s] -- Install configuration: ""
[0.994s] -- Up-to-date: /home/kiara/final_ws/install/tutorial_interfaces/share/ament_index/resource_index/rosidl_interfaces/tutorial_interfaces
[0.994s] -- Up-to-date: /home/kiara/final_ws/install/tutorial_interfaces/include/tutorial_interfaces/tutorial_interfaces
[0.994s] -- Up-to-date: /home/kiara/final_ws/install/tutorial_interfaces/include/tutorial_interfaces/tutorial_interfaces/srv
[0.994s] -- Up-to-date: /home/kiara/final_ws/install/tutorial_interfaces/include/tutorial_interfaces/tutorial_interfaces/srv/detail
[0.994s] -- Up-to-date: /home/kiara/final_ws/install/tutorial_interfaces/include/tutorial_interfaces/tutorial_interfaces/srv/detail/add_three_ints__struct.h
[0.995s] -- Up-to-date: /home/kiara/final_ws/install/tutorial_interfaces/include/tutorial_interfaces/tutorial_interfaces/srv/detail/add_three_ints__functions.h
[0.995s] -- Up-to-date: /home/kiara/final_ws/install/tutorial_interfaces/include/tutorial_interfaces/tutorial_interfaces/srv/detail/add_three_ints__functions.c
[0.995s] -- Up-to-date: /home/kiara/final_ws/install/tutorial_interfaces/include/tutorial_interfaces/tutorial_interfaces/srv/detail/add_three_ints__type_support.h
[0.995s] -- Up-to-date: /home/kiara/final_ws/install/tutorial_interfaces/include/tutorial_interfaces/tutorial_interfaces/srv/add_three_ints.h
[0.995s] -- Up-to-date: /home/kiara/final_ws/install/tutorial_interfaces/include/tutorial_interfaces/tutorial_interfaces/msg
[0.995s] -- Up-to-date: /home/kiara/final_ws/install/tutorial_interfaces/include/tutorial_interfaces/tutorial_interfaces/msg/detail
[0.995s] -- Up-to-date: /home/kiara/final_ws/install/tutorial_interfaces/include/tutorial_interfaces/tutorial_interfaces/msg/detail/sphere__functions.h
[0.995s] -- Up-to-date: /home/kiara/final_ws/install/tutorial_interfaces/include/tutorial_interfaces/tutorial_interfaces/msg/detail/num__type_support.h
[0.995s] -- Up-to-date: /home/kiara/final_ws/install/tutorial_interfaces/include/tutorial_interfaces/tutorial_interfaces/msg/detail/num__functions.c
[0.995s] -- Up-to-date: /home/kiara/final_ws/install/tutorial_interfaces/include/tutorial_interfaces/tutorial_interfaces/msg/detail/sphere__type_support.h
[0.996s] -- Up-to-date: /home/kiara/final_ws/install/tutorial_interfaces/include/tutorial_interfaces/tutorial_interfaces/msg/detail/num__struct.h
[0.996s] -- Up-to-date: /home/kiara/final_ws/install/tutorial_interfaces/include/tutorial_interfaces/tutorial_interfaces/msg/detail/num__functions.h
[0.996s] -- Up-to-date: /home/kiara/final_ws/install/tutorial_interfaces/include/tutorial_interfaces/tutorial_interfaces/msg/detail/sphere__functions.c
[0.996s] -- Up-to-date: /home/kiara/final_ws/install/tutorial_interfaces/include/tutorial_interfaces/tutorial_interfaces/msg/detail/sphere__struct.h
[0.996s] -- Up-to-date: /home/kiara/final_ws/install/tutorial_interfaces/include/tutorial_interfaces/tutorial_interfaces/msg/sphere.h
[0.996s] -- Up-to-date: /home/kiara/final_ws/install/tutorial_interfaces/include/tutorial_interfaces/tutorial_interfaces/msg/num.h
[0.996s] -- Up-to-date: /home/kiara/final_ws/install/tutorial_interfaces/include/tutorial_interfaces/tutorial_interfaces/msg/rosidl_generator_c__visibility_control.h
[0.996s] -- Up-to-date: /home/kiara/final_ws/install/tutorial_interfaces/share/tutorial_interfaces/environment/library_path.sh
[0.996s] -- Up-to-date: /home/kiara/final_ws/install/tutorial_interfaces/share/tutorial_interfaces/environment/library_path.dsv
[0.997s] -- Up-to-date: /home/kiara/final_ws/install/tutorial_interfaces/lib/libtutorial_interfaces__rosidl_generator_c.so
[0.997s] -- Up-to-date: /home/kiara/final_ws/install/tutorial_interfaces/include/tutorial_interfaces/tutorial_interfaces
[0.997s] -- Up-to-date: /home/kiara/final_ws/install/tutorial_interfaces/include/tutorial_interfaces/tutorial_interfaces/srv
[0.997s] -- Up-to-date: /home/kiara/final_ws/install/tutorial_interfaces/include/tutorial_interfaces/tutorial_interfaces/srv/detail
[0.997s] -- Up-to-date: /home/kiara/final_ws/install/tutorial_interfaces/include/tutorial_interfaces/tutorial_interfaces/srv/detail/add_three_ints__rosidl_typesupport_fastrtps_c.h
[0.997s] -- Up-to-date: /home/kiara/final_ws/install/tutorial_interfaces/include/tutorial_interfaces/tutorial_interfaces/msg
[0.997s] -- Up-to-date: /home/kiara/final_ws/install/tutorial_interfaces/include/tutorial_interfaces/tutorial_interfaces/msg/rosidl_typesupport_fastrtps_c__visibility_control.h
[0.997s] -- Up-to-date: /home/kiara/final_ws/install/tutorial_interfaces/include/tutorial_interfaces/tutorial_interfaces/msg/detail
[0.998s] -- Up-to-date: /home/kiara/final_ws/install/tutorial_interfaces/include/tutorial_interfaces/tutorial_interfaces/msg/detail/num__rosidl_typesupport_fastrtps_c.h
[0.998s] -- Up-to-date: /home/kiara/final_ws/install/tutorial_interfaces/include/tutorial_interfaces/tutorial_interfaces/msg/detail/sphere__rosidl_typesupport_fastrtps_c.h
[0.998s] -- Up-to-date: /home/kiara/final_ws/install/tutorial_interfaces/lib/libtutorial_interfaces__rosidl_typesupport_fastrtps_c.so
[0.998s] -- Up-to-date: /home/kiara/final_ws/install/tutorial_interfaces/include/tutorial_interfaces/tutorial_interfaces
[0.998s] -- Up-to-date: /home/kiara/final_ws/install/tutorial_interfaces/include/tutorial_interfaces/tutorial_interfaces/srv
[0.998s] -- Up-to-date: /home/kiara/final_ws/install/tutorial_interfaces/include/tutorial_interfaces/tutorial_interfaces/srv/add_three_ints.hpp
[0.998s] -- Up-to-date: /home/kiara/final_ws/install/tutorial_interfaces/include/tutorial_interfaces/tutorial_interfaces/srv/detail
[0.998s] -- Up-to-date: /home/kiara/final_ws/install/tutorial_interfaces/include/tutorial_interfaces/tutorial_interfaces/srv/detail/add_three_ints__struct.hpp
[0.998s] -- Up-to-date: /home/kiara/final_ws/install/tutorial_interfaces/include/tutorial_interfaces/tutorial_interfaces/srv/detail/add_three_ints__builder.hpp
[0.998s] -- Up-to-date: /home/kiara/final_ws/install/tutorial_interfaces/include/tutorial_interfaces/tutorial_interfaces/srv/detail/add_three_ints__type_support.hpp
[0.999s] -- Up-to-date: /home/kiara/final_ws/install/tutorial_interfaces/include/tutorial_interfaces/tutorial_interfaces/srv/detail/add_three_ints__traits.hpp
[0.999s] -- Up-to-date: /home/kiara/final_ws/install/tutorial_interfaces/include/tutorial_interfaces/tutorial_interfaces/msg
[0.999s] -- Up-to-date: /home/kiara/final_ws/install/tutorial_interfaces/include/tutorial_interfaces/tutorial_interfaces/msg/num.hpp
[0.999s] -- Up-to-date: /home/kiara/final_ws/install/tutorial_interfaces/include/tutorial_interfaces/tutorial_interfaces/msg/detail
[0.999s] -- Up-to-date: /home/kiara/final_ws/install/tutorial_interfaces/include/tutorial_interfaces/tutorial_interfaces/msg/detail/sphere__type_support.hpp
[0.999s] -- Up-to-date: /home/kiara/final_ws/install/tutorial_interfaces/include/tutorial_interfaces/tutorial_interfaces/msg/detail/sphere__traits.hpp
[0.999s] -- Up-to-date: /home/kiara/final_ws/install/tutorial_interfaces/include/tutorial_interfaces/tutorial_interfaces/msg/detail/num__struct.hpp
[0.999s] -- Up-to-date: /home/kiara/final_ws/install/tutorial_interfaces/include/tutorial_interfaces/tutorial_interfaces/msg/detail/num__type_support.hpp
[0.999s] -- Up-to-date: /home/kiara/final_ws/install/tutorial_interfaces/include/tutorial_interfaces/tutorial_interfaces/msg/detail/num__builder.hpp
[0.999s] -- Up-to-date: /home/kiara/final_ws/install/tutorial_interfaces/include/tutorial_interfaces/tutorial_interfaces/msg/detail/sphere__struct.hpp
[1.000s] -- Up-to-date: /home/kiara/final_ws/install/tutorial_interfaces/include/tutorial_interfaces/tutorial_interfaces/msg/detail/num__traits.hpp
[1.000s] -- Up-to-date: /home/kiara/final_ws/install/tutorial_interfaces/include/tutorial_interfaces/tutorial_interfaces/msg/detail/sphere__builder.hpp
[1.000s] -- Up-to-date: /home/kiara/final_ws/install/tutorial_interfaces/include/tutorial_interfaces/tutorial_interfaces/msg/sphere.hpp
[1.000s] -- Up-to-date: /home/kiara/final_ws/install/tutorial_interfaces/include/tutorial_interfaces/tutorial_interfaces/msg/rosidl_generator_cpp__visibility_control.hpp
[1.000s] -- Up-to-date: /home/kiara/final_ws/install/tutorial_interfaces/include/tutorial_interfaces/tutorial_interfaces
[1.000s] -- Up-to-date: /home/kiara/final_ws/install/tutorial_interfaces/include/tutorial_interfaces/tutorial_interfaces/srv
[1.000s] -- Up-to-date: /home/kiara/final_ws/install/tutorial_interfaces/include/tutorial_interfaces/tutorial_interfaces/srv/detail
[1.000s] -- Up-to-date: /home/kiara/final_ws/install/tutorial_interfaces/include/tutorial_interfaces/tutorial_interfaces/srv/detail/add_three_ints__rosidl_typesupport_fastrtps_cpp.hpp
[1.001s] -- Up-to-date: /home/kiara/final_ws/install/tutorial_interfaces/include/tutorial_interfaces/tutorial_interfaces/srv/detail/dds_fastrtps
[1.001s] -- Up-to-date: /home/kiara/final_ws/install/tutorial_interfaces/include/tutorial_interfaces/tutorial_interfaces/msg
[1.001s] -- Up-to-date: /home/kiara/final_ws/install/tutorial_interfaces/include/tutorial_interfaces/tutorial_interfaces/msg/detail
[1.001s] -- Up-to-date: /home/kiara/final_ws/install/tutorial_interfaces/include/tutorial_interfaces/tutorial_interfaces/msg/detail/num__rosidl_typesupport_fastrtps_cpp.hpp
[1.001s] -- Up-to-date: /home/kiara/final_ws/install/tutorial_interfaces/include/tutorial_interfaces/tutorial_interfaces/msg/detail/sphere__rosidl_typesupport_fastrtps_cpp.hpp
[1.001s] -- Up-to-date: /home/kiara/final_ws/install/tutorial_interfaces/include/tutorial_interfaces/tutorial_interfaces/msg/detail/dds_fastrtps
[1.001s] -- Up-to-date: /home/kiara/final_ws/install/tutorial_interfaces/include/tutorial_interfaces/tutorial_interfaces/msg/rosidl_typesupport_fastrtps_cpp__visibility_control.h
[1.001s] -- Up-to-date: /home/kiara/final_ws/install/tutorial_interfaces/lib/libtutorial_interfaces__rosidl_typesupport_fastrtps_cpp.so
[1.001s] -- Up-to-date: /home/kiara/final_ws/install/tutorial_interfaces/include/tutorial_interfaces/tutorial_interfaces
[1.001s] -- Up-to-date: /home/kiara/final_ws/install/tutorial_interfaces/include/tutorial_interfaces/tutorial_interfaces/srv
[1.001s] -- Up-to-date: /home/kiara/final_ws/install/tutorial_interfaces/include/tutorial_interfaces/tutorial_interfaces/srv/detail
[1.001s] -- Up-to-date: /home/kiara/final_ws/install/tutorial_interfaces/include/tutorial_interfaces/tutorial_interfaces/srv/detail/add_three_ints__type_support.c
[1.002s] -- Up-to-date: /home/kiara/final_ws/install/tutorial_interfaces/include/tutorial_interfaces/tutorial_interfaces/srv/detail/add_three_ints__rosidl_typesupport_introspection_c.h
[1.002s] -- Up-to-date: /home/kiara/final_ws/install/tutorial_interfaces/include/tutorial_interfaces/tutorial_interfaces/msg
[1.002s] -- Up-to-date: /home/kiara/final_ws/install/tutorial_interfaces/include/tutorial_interfaces/tutorial_interfaces/msg/detail
[1.002s] -- Up-to-date: /home/kiara/final_ws/install/tutorial_interfaces/include/tutorial_interfaces/tutorial_interfaces/msg/detail/num__rosidl_typesupport_introspection_c.h
[1.002s] -- Up-to-date: /home/kiara/final_ws/install/tutorial_interfaces/include/tutorial_interfaces/tutorial_interfaces/msg/detail/sphere__type_support.c
[1.002s] -- Up-to-date: /home/kiara/final_ws/install/tutorial_interfaces/include/tutorial_interfaces/tutorial_interfaces/msg/detail/sphere__rosidl_typesupport_introspection_c.h
[1.002s] -- Up-to-date: /home/kiara/final_ws/install/tutorial_interfaces/include/tutorial_interfaces/tutorial_interfaces/msg/detail/num__type_support.c
[1.002s] -- Up-to-date: /home/kiara/final_ws/install/tutorial_interfaces/include/tutorial_interfaces/tutorial_interfaces/msg/rosidl_typesupport_introspection_c__visibility_control.h
[1.002s] -- Up-to-date: /home/kiara/final_ws/install/tutorial_interfaces/lib/libtutorial_interfaces__rosidl_typesupport_introspection_c.so
[1.002s] -- Up-to-date: /home/kiara/final_ws/install/tutorial_interfaces/lib/libtutorial_interfaces__rosidl_typesupport_c.so
[1.002s] -- Up-to-date: /home/kiara/final_ws/install/tutorial_interfaces/include/tutorial_interfaces/tutorial_interfaces
[1.003s] -- Up-to-date: /home/kiara/final_ws/install/tutorial_interfaces/include/tutorial_interfaces/tutorial_interfaces/srv
[1.003s] -- Up-to-date: /home/kiara/final_ws/install/tutorial_interfaces/include/tutorial_interfaces/tutorial_interfaces/srv/detail
[1.003s] -- Up-to-date: /home/kiara/final_ws/install/tutorial_interfaces/include/tutorial_interfaces/tutorial_interfaces/srv/detail/add_three_ints__type_support.cpp
[1.003s] -- Up-to-date: /home/kiara/final_ws/install/tutorial_interfaces/include/tutorial_interfaces/tutorial_interfaces/srv/detail/add_three_ints__rosidl_typesupport_introspection_cpp.hpp
[1.003s] -- Up-to-date: /home/kiara/final_ws/install/tutorial_interfaces/include/tutorial_interfaces/tutorial_interfaces/msg
[1.003s] -- Up-to-date: /home/kiara/final_ws/install/tutorial_interfaces/include/tutorial_interfaces/tutorial_interfaces/msg/detail
[1.003s] -- Up-to-date: /home/kiara/final_ws/install/tutorial_interfaces/include/tutorial_interfaces/tutorial_interfaces/msg/detail/num__rosidl_typesupport_introspection_cpp.hpp
[1.003s] -- Up-to-date: /home/kiara/final_ws/install/tutorial_interfaces/include/tutorial_interfaces/tutorial_interfaces/msg/detail/num__type_support.cpp
[1.003s] -- Up-to-date: /home/kiara/final_ws/install/tutorial_interfaces/include/tutorial_interfaces/tutorial_interfaces/msg/detail/sphere__type_support.cpp
[1.003s] -- Up-to-date: /home/kiara/final_ws/install/tutorial_interfaces/include/tutorial_interfaces/tutorial_interfaces/msg/detail/sphere__rosidl_typesupport_introspection_cpp.hpp
[1.003s] -- Up-to-date: /home/kiara/final_ws/install/tutorial_interfaces/lib/libtutorial_interfaces__rosidl_typesupport_introspection_cpp.so
[1.003s] -- Up-to-date: /home/kiara/final_ws/install/tutorial_interfaces/lib/libtutorial_interfaces__rosidl_typesupport_cpp.so
[1.004s] -- Up-to-date: /home/kiara/final_ws/install/tutorial_interfaces/share/tutorial_interfaces/environment/pythonpath.sh
[1.004s] -- Up-to-date: /home/kiara/final_ws/install/tutorial_interfaces/share/tutorial_interfaces/environment/pythonpath.dsv
[1.004s] -- Up-to-date: /home/kiara/final_ws/install/tutorial_interfaces/local/lib/python3.10/dist-packages/tutorial_interfaces-0.0.0-py3.10.egg-info
[1.004s] -- Installing: /home/kiara/final_ws/install/tutorial_interfaces/local/lib/python3.10/dist-packages/tutorial_interfaces-0.0.0-py3.10.egg-info/SOURCES.txt
[1.004s] -- Installing: /home/kiara/final_ws/install/tutorial_interfaces/local/lib/python3.10/dist-packages/tutorial_interfaces-0.0.0-py3.10.egg-info/dependency_links.txt
[1.004s] -- Installing: /home/kiara/final_ws/install/tutorial_interfaces/local/lib/python3.10/dist-packages/tutorial_interfaces-0.0.0-py3.10.egg-info/top_level.txt
[1.004s] -- Installing: /home/kiara/final_ws/install/tutorial_interfaces/local/lib/python3.10/dist-packages/tutorial_interfaces-0.0.0-py3.10.egg-info/PKG-INFO
[1.004s] -- Up-to-date: /home/kiara/final_ws/install/tutorial_interfaces/local/lib/python3.10/dist-packages/tutorial_interfaces
[1.004s] -- Up-to-date: /home/kiara/final_ws/install/tutorial_interfaces/local/lib/python3.10/dist-packages/tutorial_interfaces/libtutorial_interfaces__rosidl_generator_py.so
[1.004s] -- Up-to-date: /home/kiara/final_ws/install/tutorial_interfaces/local/lib/python3.10/dist-packages/tutorial_interfaces/srv
[1.004s] -- Up-to-date: /home/kiara/final_ws/install/tutorial_interfaces/local/lib/python3.10/dist-packages/tutorial_interfaces/srv/_add_three_ints.py
[1.004s] -- Up-to-date: /home/kiara/final_ws/install/tutorial_interfaces/local/lib/python3.10/dist-packages/tutorial_interfaces/srv/_add_three_ints_s.c
[1.005s] -- Up-to-date: /home/kiara/final_ws/install/tutorial_interfaces/local/lib/python3.10/dist-packages/tutorial_interfaces/srv/__init__.py
[1.005s] -- Up-to-date: /home/kiara/final_ws/install/tutorial_interfaces/local/lib/python3.10/dist-packages/tutorial_interfaces/_tutorial_interfaces_s.ep.rosidl_typesupport_c.c
[1.005s] -- Up-to-date: /home/kiara/final_ws/install/tutorial_interfaces/local/lib/python3.10/dist-packages/tutorial_interfaces/_tutorial_interfaces_s.ep.rosidl_typesupport_fastrtps_c.c
[1.005s] -- Up-to-date: /home/kiara/final_ws/install/tutorial_interfaces/local/lib/python3.10/dist-packages/tutorial_interfaces/_tutorial_interfaces_s.ep.rosidl_typesupport_introspection_c.c
[1.005s] -- Up-to-date: /home/kiara/final_ws/install/tutorial_interfaces/local/lib/python3.10/dist-packages/tutorial_interfaces/tutorial_interfaces_s__rosidl_typesupport_introspection_c.cpython-310-x86_64-linux-gnu.so
[1.005s] -- Up-to-date: /home/kiara/final_ws/install/tutorial_interfaces/local/lib/python3.10/dist-packages/tutorial_interfaces/msg
[1.005s] -- Up-to-date: /home/kiara/final_ws/install/tutorial_interfaces/local/lib/python3.10/dist-packages/tutorial_interfaces/msg/_sphere_s.c
[1.005s] -- Up-to-date: /home/kiara/final_ws/install/tutorial_interfaces/local/lib/python3.10/dist-packages/tutorial_interfaces/msg/_num_s.c
[1.005s] -- Up-to-date: /home/kiara/final_ws/install/tutorial_interfaces/local/lib/python3.10/dist-packages/tutorial_interfaces/msg/_num.py
[1.005s] -- Up-to-date: /home/kiara/final_ws/install/tutorial_interfaces/local/lib/python3.10/dist-packages/tutorial_interfaces/msg/__init__.py
[1.005s] -- Up-to-date: /home/kiara/final_ws/install/tutorial_interfaces/local/lib/python3.10/dist-packages/tutorial_interfaces/msg/_sphere.py
[1.006s] -- Up-to-date: /home/kiara/final_ws/install/tutorial_interfaces/local/lib/python3.10/dist-packages/tutorial_interfaces/tutorial_interfaces_s__rosidl_typesupport_fastrtps_c.cpython-310-x86_64-linux-gnu.so
[1.006s] -- Up-to-date: /home/kiara/final_ws/install/tutorial_interfaces/local/lib/python3.10/dist-packages/tutorial_interfaces/__init__.py
[1.006s] -- Up-to-date: /home/kiara/final_ws/install/tutorial_interfaces/local/lib/python3.10/dist-packages/tutorial_interfaces/tutorial_interfaces_s__rosidl_typesupport_c.cpython-310-x86_64-linux-gnu.so
[1.050s] Listing '/home/kiara/final_ws/install/tutorial_interfaces/local/lib/python3.10/dist-packages/tutorial_interfaces'...
[1.050s] Listing '/home/kiara/final_ws/install/tutorial_interfaces/local/lib/python3.10/dist-packages/tutorial_interfaces/msg'...
[1.050s] Listing '/home/kiara/final_ws/install/tutorial_interfaces/local/lib/python3.10/dist-packages/tutorial_interfaces/srv'...
[1.055s] -- Up-to-date: /home/kiara/final_ws/install/tutorial_interfaces/local/lib/python3.10/dist-packages/tutorial_interfaces/tutorial_interfaces_s__rosidl_typesupport_fastrtps_c.cpython-310-x86_64-linux-gnu.so
[1.055s] -- Up-to-date: /home/kiara/final_ws/install/tutorial_interfaces/local/lib/python3.10/dist-packages/tutorial_interfaces/tutorial_interfaces_s__rosidl_typesupport_introspection_c.cpython-310-x86_64-linux-gnu.so
[1.055s] -- Up-to-date: /home/kiara/final_ws/install/tutorial_interfaces/local/lib/python3.10/dist-packages/tutorial_interfaces/tutorial_interfaces_s__rosidl_typesupport_c.cpython-310-x86_64-linux-gnu.so
[1.056s] -- Up-to-date: /home/kiara/final_ws/install/tutorial_interfaces/lib/libtutorial_interfaces__rosidl_generator_py.so
[1.056s] -- Up-to-date: /home/kiara/final_ws/install/tutorial_interfaces/share/tutorial_interfaces/msg/Num.idl
[1.056s] -- Up-to-date: /home/kiara/final_ws/install/tutorial_interfaces/share/tutorial_interfaces/msg/Sphere.idl
[1.056s] -- Up-to-date: /home/kiara/final_ws/install/tutorial_interfaces/share/tutorial_interfaces/srv/AddThreeInts.idl
[1.056s] -- Up-to-date: /home/kiara/final_ws/install/tutorial_interfaces/share/tutorial_interfaces/msg/Num.msg
[1.057s] -- Up-to-date: /home/kiara/final_ws/install/tutorial_interfaces/share/tutorial_interfaces/msg/Sphere.msg
[1.057s] -- Up-to-date: /home/kiara/final_ws/install/tutorial_interfaces/share/tutorial_interfaces/srv/AddThreeInts.srv
[1.057s] -- Up-to-date: /home/kiara/final_ws/install/tutorial_interfaces/share/tutorial_interfaces/srv/AddThreeInts_Request.msg
[1.057s] -- Up-to-date: /home/kiara/final_ws/install/tutorial_interfaces/share/tutorial_interfaces/srv/AddThreeInts_Response.msg
[1.057s] -- Up-to-date: /home/kiara/final_ws/install/tutorial_interfaces/share/ament_index/resource_index/package_run_dependencies/tutorial_interfaces
[1.057s] -- Up-to-date: /home/kiara/final_ws/install/tutorial_interfaces/share/ament_index/resource_index/parent_prefix_path/tutorial_interfaces
[1.057s] -- Up-to-date: /home/kiara/final_ws/install/tutorial_interfaces/share/tutorial_interfaces/environment/ament_prefix_path.sh
[1.057s] -- Up-to-date: /home/kiara/final_ws/install/tutorial_interfaces/share/tutorial_interfaces/environment/ament_prefix_path.dsv
[1.057s] -- Up-to-date: /home/kiara/final_ws/install/tutorial_interfaces/share/tutorial_interfaces/environment/path.sh
[1.058s] -- Up-to-date: /home/kiara/final_ws/install/tutorial_interfaces/share/tutorial_interfaces/environment/path.dsv
[1.058s] -- Up-to-date: /home/kiara/final_ws/install/tutorial_interfaces/share/tutorial_interfaces/local_setup.bash
[1.058s] -- Up-to-date: /home/kiara/final_ws/install/tutorial_interfaces/share/tutorial_interfaces/local_setup.sh
[1.058s] -- Up-to-date: /home/kiara/final_ws/install/tutorial_interfaces/share/tutorial_interfaces/local_setup.zsh
[1.058s] -- Up-to-date: /home/kiara/final_ws/install/tutorial_interfaces/share/tutorial_interfaces/local_setup.dsv
[1.058s] -- Installing: /home/kiara/final_ws/install/tutorial_interfaces/share/tutorial_interfaces/package.dsv
[1.058s] -- Up-to-date: /home/kiara/final_ws/install/tutorial_interfaces/share/ament_index/resource_index/packages/tutorial_interfaces
[1.059s] -- Up-to-date: /home/kiara/final_ws/install/tutorial_interfaces/share/tutorial_interfaces/cmake/export_tutorial_interfaces__rosidl_generator_cExport.cmake
[1.059s] -- Up-to-date: /home/kiara/final_ws/install/tutorial_interfaces/share/tutorial_interfaces/cmake/export_tutorial_interfaces__rosidl_generator_cExport-noconfig.cmake
[1.059s] -- Up-to-date: /home/kiara/final_ws/install/tutorial_interfaces/share/tutorial_interfaces/cmake/export_tutorial_interfaces__rosidl_typesupport_fastrtps_cExport.cmake
[1.059s] -- Up-to-date: /home/kiara/final_ws/install/tutorial_interfaces/share/tutorial_interfaces/cmake/export_tutorial_interfaces__rosidl_typesupport_fastrtps_cExport-noconfig.cmake
[1.059s] -- Up-to-date: /home/kiara/final_ws/install/tutorial_interfaces/share/tutorial_interfaces/cmake/export_tutorial_interfaces__rosidl_generator_cppExport.cmake
[1.059s] -- Up-to-date: /home/kiara/final_ws/install/tutorial_interfaces/share/tutorial_interfaces/cmake/export_tutorial_interfaces__rosidl_typesupport_fastrtps_cppExport.cmake
[1.059s] -- Up-to-date: /home/kiara/final_ws/install/tutorial_interfaces/share/tutorial_interfaces/cmake/export_tutorial_interfaces__rosidl_typesupport_fastrtps_cppExport-noconfig.cmake
[1.059s] -- Up-to-date: /home/kiara/final_ws/install/tutorial_interfaces/share/tutorial_interfaces/cmake/tutorial_interfaces__rosidl_typesupport_introspection_cExport.cmake
[1.059s] -- Up-to-date: /home/kiara/final_ws/install/tutorial_interfaces/share/tutorial_interfaces/cmake/tutorial_interfaces__rosidl_typesupport_introspection_cExport-noconfig.cmake
[1.059s] -- Up-to-date: /home/kiara/final_ws/install/tutorial_interfaces/share/tutorial_interfaces/cmake/tutorial_interfaces__rosidl_typesupport_cExport.cmake
[1.059s] -- Up-to-date: /home/kiara/final_ws/install/tutorial_interfaces/share/tutorial_interfaces/cmake/tutorial_interfaces__rosidl_typesupport_cExport-noconfig.cmake
[1.060s] -- Up-to-date: /home/kiara/final_ws/install/tutorial_interfaces/share/tutorial_interfaces/cmake/tutorial_interfaces__rosidl_typesupport_introspection_cppExport.cmake
[1.060s] -- Up-to-date: /home/kiara/final_ws/install/tutorial_interfaces/share/tutorial_interfaces/cmake/tutorial_interfaces__rosidl_typesupport_introspection_cppExport-noconfig.cmake
[1.060s] -- Up-to-date: /home/kiara/final_ws/install/tutorial_interfaces/share/tutorial_interfaces/cmake/tutorial_interfaces__rosidl_typesupport_cppExport.cmake
[1.060s] -- Up-to-date: /home/kiara/final_ws/install/tutorial_interfaces/share/tutorial_interfaces/cmake/tutorial_interfaces__rosidl_typesupport_cppExport-noconfig.cmake
[1.060s] -- Up-to-date: /home/kiara/final_ws/install/tutorial_interfaces/share/tutorial_interfaces/cmake/export_tutorial_interfaces__rosidl_generator_pyExport.cmake
[1.060s] -- Up-to-date: /home/kiara/final_ws/install/tutorial_interfaces/share/tutorial_interfaces/cmake/export_tutorial_interfaces__rosidl_generator_pyExport-noconfig.cmake
[1.060s] -- Up-to-date: /home/kiara/final_ws/install/tutorial_interfaces/share/tutorial_interfaces/cmake/rosidl_cmake-extras.cmake
[1.060s] -- Up-to-date: /home/kiara/final_ws/install/tutorial_interfaces/share/tutorial_interfaces/cmake/ament_cmake_export_dependencies-extras.cmake
[1.060s] -- Up-to-date: /home/kiara/final_ws/install/tutorial_interfaces/share/tutorial_interfaces/cmake/ament_cmake_export_include_directories-extras.cmake
[1.060s] -- Up-to-date: /home/kiara/final_ws/install/tutorial_interfaces/share/tutorial_interfaces/cmake/ament_cmake_export_libraries-extras.cmake
[1.060s] -- Up-to-date: /home/kiara/final_ws/install/tutorial_interfaces/share/tutorial_interfaces/cmake/ament_cmake_export_targets-extras.cmake
[1.061s] -- Up-to-date: /home/kiara/final_ws/install/tutorial_interfaces/share/tutorial_interfaces/cmake/rosidl_cmake_export_typesupport_targets-extras.cmake
[1.061s] -- Up-to-date: /home/kiara/final_ws/install/tutorial_interfaces/share/tutorial_interfaces/cmake/rosidl_cmake_export_typesupport_libraries-extras.cmake
[1.061s] -- Up-to-date: /home/kiara/final_ws/install/tutorial_interfaces/share/tutorial_interfaces/cmake/tutorial_interfacesConfig.cmake
[1.061s] -- Up-to-date: /home/kiara/final_ws/install/tutorial_interfaces/share/tutorial_interfaces/cmake/tutorial_interfacesConfig-version.cmake
[1.061s] -- Up-to-date: /home/kiara/final_ws/install/tutorial_interfaces/share/tutorial_interfaces/package.xml
[1.062s] Invoked command in '/home/kiara/final_ws/build/tutorial_interfaces' returned '0': CMAKE_PREFIX_PATH=${CMAKE_PREFIX_PATH}:/home/kiara/final_ws/install/ros2tasks:/home/kiara/final_ws/install/py_srvcli:/home/kiara/final_ws/install/my_robot_controller:/home/kiara/ros2_ws/install/py_pubsub:/home/kiara/ros2_ws/install/launch_testing_examples:/home/kiara/ros2_ws/install/examples_rclpy_pointcloud_publisher:/home/kiara/ros2_ws/install/examples_rclpy_minimal_subscriber:/home/kiara/ros2_ws/install/examples_rclpy_minimal_service:/home/kiara/ros2_ws/install/examples_rclpy_minimal_publisher:/home/kiara/ros2_ws/install/examples_rclpy_minimal_client:/home/kiara/ros2_ws/install/examples_rclpy_minimal_action_server:/home/kiara/ros2_ws/install/examples_rclpy_minimal_action_client:/home/kiara/ros2_ws/install/examples_rclpy_guard_conditions:/home/kiara/ros2_ws/install/examples_rclpy_executors:/opt/ros/humble /usr/bin/cmake --install /home/kiara/final_ws/build/tutorial_interfaces
