[1.024s] Invoking command in '/home/kiara/final_ws/src/my_robot_controller': PYTHONPATH=/home/kiara/final_ws/src/build/my_robot_controller/prefix_override:/usr/lib/python3/dist-packages/colcon_core/task/python/colcon_distutils_commands:/home/kiara/final_ws/src/install/my_robot_controller/lib/python3.10/site-packages:${PYTHONPATH} /usr/bin/python3 -W ignore:setup.py install is deprecated -W ignore:easy_install command is deprecated setup.py egg_info --egg-base ../build/my_robot_controller build --build-base /home/kiara/final_ws/src/build/my_robot_controller/build install --record /home/kiara/final_ws/src/build/my_robot_controller/install.log --single-version-externally-managed install_data
[1.199s] running egg_info
[1.199s] creating ../build/my_robot_controller/my_robot_controller.egg-info
[1.199s] writing ../build/my_robot_controller/my_robot_controller.egg-info/PKG-INFO
[1.200s] writing dependency_links to ../build/my_robot_controller/my_robot_controller.egg-info/dependency_links.txt
[1.200s] writing entry points to ../build/my_robot_controller/my_robot_controller.egg-info/entry_points.txt
[1.200s] writing requirements to ../build/my_robot_controller/my_robot_controller.egg-info/requires.txt
[1.200s] writing top-level names to ../build/my_robot_controller/my_robot_controller.egg-info/top_level.txt
[1.200s] writing manifest file '../build/my_robot_controller/my_robot_controller.egg-info/SOURCES.txt'
[1.201s] reading manifest file '../build/my_robot_controller/my_robot_controller.egg-info/SOURCES.txt'
[1.201s] writing manifest file '../build/my_robot_controller/my_robot_controller.egg-info/SOURCES.txt'
[1.202s] running build
[1.202s] running build_py
[1.202s] creating /home/kiara/final_ws/src/build/my_robot_controller/build
[1.202s] creating /home/kiara/final_ws/src/build/my_robot_controller/build/lib
[1.202s] creating /home/kiara/final_ws/src/build/my_robot_controller/build/lib/my_robot_controller
[1.202s] copying my_robot_controller/__init__.py -> /home/kiara/final_ws/src/build/my_robot_controller/build/lib/my_robot_controller
[1.202s] copying my_robot_controller/subscriber_member_function.py -> /home/kiara/final_ws/src/build/my_robot_controller/build/lib/my_robot_controller
[1.202s] copying my_robot_controller/publisher_member_function.py -> /home/kiara/final_ws/src/build/my_robot_controller/build/lib/my_robot_controller
[1.202s] copying my_robot_controller/my_first_node.py -> /home/kiara/final_ws/src/build/my_robot_controller/build/lib/my_robot_controller
[1.203s] running install
[1.203s] running install_lib
[1.204s] creating /home/kiara/final_ws/src/install/my_robot_controller/lib/python3.10/site-packages/my_robot_controller
[1.204s] copying /home/kiara/final_ws/src/build/my_robot_controller/build/lib/my_robot_controller/__init__.py -> /home/kiara/final_ws/src/install/my_robot_controller/lib/python3.10/site-packages/my_robot_controller
[1.204s] copying /home/kiara/final_ws/src/build/my_robot_controller/build/lib/my_robot_controller/subscriber_member_function.py -> /home/kiara/final_ws/src/install/my_robot_controller/lib/python3.10/site-packages/my_robot_controller
[1.205s] copying /home/kiara/final_ws/src/build/my_robot_controller/build/lib/my_robot_controller/publisher_member_function.py -> /home/kiara/final_ws/src/install/my_robot_controller/lib/python3.10/site-packages/my_robot_controller
[1.205s] copying /home/kiara/final_ws/src/build/my_robot_controller/build/lib/my_robot_controller/my_first_node.py -> /home/kiara/final_ws/src/install/my_robot_controller/lib/python3.10/site-packages/my_robot_controller
[1.206s] byte-compiling /home/kiara/final_ws/src/install/my_robot_controller/lib/python3.10/site-packages/my_robot_controller/__init__.py to __init__.cpython-310.pyc
[1.206s] byte-compiling /home/kiara/final_ws/src/install/my_robot_controller/lib/python3.10/site-packages/my_robot_controller/subscriber_member_function.py to subscriber_member_function.cpython-310.pyc
[1.206s] byte-compiling /home/kiara/final_ws/src/install/my_robot_controller/lib/python3.10/site-packages/my_robot_controller/publisher_member_function.py to publisher_member_function.cpython-310.pyc
[1.207s] byte-compiling /home/kiara/final_ws/src/install/my_robot_controller/lib/python3.10/site-packages/my_robot_controller/my_first_node.py to my_first_node.cpython-310.pyc
[1.207s] running install_data
[1.207s] creating /home/kiara/final_ws/src/install/my_robot_controller/share/ament_index
[1.208s] creating /home/kiara/final_ws/src/install/my_robot_controller/share/ament_index/resource_index
[1.208s] creating /home/kiara/final_ws/src/install/my_robot_controller/share/ament_index/resource_index/packages
[1.208s] copying resource/my_robot_controller -> /home/kiara/final_ws/src/install/my_robot_controller/share/ament_index/resource_index/packages
[1.208s] copying package.xml -> /home/kiara/final_ws/src/install/my_robot_controller/share/my_robot_controller
[1.208s] running install_egg_info
[1.211s] Copying ../build/my_robot_controller/my_robot_controller.egg-info to /home/kiara/final_ws/src/install/my_robot_controller/lib/python3.10/site-packages/my_robot_controller-0.0.0-py3.10.egg-info
[1.212s] running install_scripts
[1.239s] Installing listener script to /home/kiara/final_ws/src/install/my_robot_controller/lib/my_robot_controller
[1.240s] Installing talker script to /home/kiara/final_ws/src/install/my_robot_controller/lib/my_robot_controller
[1.240s] Installing test_node script to /home/kiara/final_ws/src/install/my_robot_controller/lib/my_robot_controller
[1.240s] writing list of installed files to '/home/kiara/final_ws/src/build/my_robot_controller/install.log'
[1.261s] Invoked command in '/home/kiara/final_ws/src/my_robot_controller' returned '0': PYTHONPATH=/home/kiara/final_ws/src/build/my_robot_controller/prefix_override:/usr/lib/python3/dist-packages/colcon_core/task/python/colcon_distutils_commands:/home/kiara/final_ws/src/install/my_robot_controller/lib/python3.10/site-packages:${PYTHONPATH} /usr/bin/python3 -W ignore:setup.py install is deprecated -W ignore:easy_install command is deprecated setup.py egg_info --egg-base ../build/my_robot_controller build --build-base /home/kiara/final_ws/src/build/my_robot_controller/build install --record /home/kiara/final_ws/src/build/my_robot_controller/install.log --single-version-externally-managed install_data
