[0.506s] Invoking command in '/home/kiara/final_ws/src/my_robot_controller': PYTHONPATH=/home/kiara/final_ws/build/my_robot_controller/prefix_override:/usr/lib/python3/dist-packages/colcon_core/task/python/colcon_distutils_commands:/home/kiara/final_ws/install/my_robot_controller/lib/python3.10/site-packages:${PYTHONPATH} /usr/bin/python3 -W ignore:setup.py install is deprecated -W ignore:easy_install command is deprecated setup.py egg_info --egg-base ../../build/my_robot_controller build --build-base /home/kiara/final_ws/build/my_robot_controller/build install --record /home/kiara/final_ws/build/my_robot_controller/install.log --single-version-externally-managed install_data
[0.674s] running egg_info
[0.675s] writing ../../build/my_robot_controller/my_robot_controller.egg-info/PKG-INFO
[0.675s] writing dependency_links to ../../build/my_robot_controller/my_robot_controller.egg-info/dependency_links.txt
[0.676s] writing entry points to ../../build/my_robot_controller/my_robot_controller.egg-info/entry_points.txt
[0.676s] writing requirements to ../../build/my_robot_controller/my_robot_controller.egg-info/requires.txt
[0.676s] writing top-level names to ../../build/my_robot_controller/my_robot_controller.egg-info/top_level.txt
[0.679s] reading manifest file '../../build/my_robot_controller/my_robot_controller.egg-info/SOURCES.txt'
[0.686s] writing manifest file '../../build/my_robot_controller/my_robot_controller.egg-info/SOURCES.txt'
[0.686s] running build
[0.686s] running build_py
[0.687s] copying my_robot_controller/publisher_member_function.py -> /home/kiara/final_ws/build/my_robot_controller/build/lib/my_robot_controller
[0.687s] running install
[0.687s] running install_lib
[0.689s] copying /home/kiara/final_ws/build/my_robot_controller/build/lib/my_robot_controller/publisher_member_function.py -> /home/kiara/final_ws/install/my_robot_controller/lib/python3.10/site-packages/my_robot_controller
[0.689s] byte-compiling /home/kiara/final_ws/install/my_robot_controller/lib/python3.10/site-packages/my_robot_controller/publisher_member_function.py to publisher_member_function.cpython-310.pyc
[0.690s] running install_data
[0.690s] running install_egg_info
[0.693s] removing '/home/kiara/final_ws/install/my_robot_controller/lib/python3.10/site-packages/my_robot_controller-0.0.0-py3.10.egg-info' (and everything under it)
[0.693s] Copying ../../build/my_robot_controller/my_robot_controller.egg-info to /home/kiara/final_ws/install/my_robot_controller/lib/python3.10/site-packages/my_robot_controller-0.0.0-py3.10.egg-info
[0.694s] running install_scripts
[0.722s] Installing listener script to /home/kiara/final_ws/install/my_robot_controller/lib/my_robot_controller
[0.722s] Installing talker script to /home/kiara/final_ws/install/my_robot_controller/lib/my_robot_controller
[0.722s] Installing test_node script to /home/kiara/final_ws/install/my_robot_controller/lib/my_robot_controller
[0.723s] writing list of installed files to '/home/kiara/final_ws/build/my_robot_controller/install.log'
[0.745s] Invoked command in '/home/kiara/final_ws/src/my_robot_controller' returned '0': PYTHONPATH=/home/kiara/final_ws/build/my_robot_controller/prefix_override:/usr/lib/python3/dist-packages/colcon_core/task/python/colcon_distutils_commands:/home/kiara/final_ws/install/my_robot_controller/lib/python3.10/site-packages:${PYTHONPATH} /usr/bin/python3 -W ignore:setup.py install is deprecated -W ignore:easy_install command is deprecated setup.py egg_info --egg-base ../../build/my_robot_controller build --build-base /home/kiara/final_ws/build/my_robot_controller/build install --record /home/kiara/final_ws/build/my_robot_controller/install.log --single-version-externally-managed install_data
