[1.182s] Invoking command in '/home/kiara/final_ws/src/py_srvcli': PYTHONPATH=/home/kiara/final_ws/build/py_srvcli/prefix_override:/usr/lib/python3/dist-packages/colcon_core/task/python/colcon_distutils_commands:/home/kiara/final_ws/install/py_srvcli/lib/python3.10/site-packages:${PYTHONPATH} /usr/bin/python3 -W ignore:setup.py install is deprecated -W ignore:easy_install command is deprecated setup.py egg_info --egg-base ../../build/py_srvcli build --build-base /home/kiara/final_ws/build/py_srvcli/build install --record /home/kiara/final_ws/build/py_srvcli/install.log --single-version-externally-managed install_data
[1.358s] running egg_info
[1.358s] writing ../../build/py_srvcli/py_srvcli.egg-info/PKG-INFO
[1.366s] writing dependency_links to ../../build/py_srvcli/py_srvcli.egg-info/dependency_links.txt
[1.366s] writing entry points to ../../build/py_srvcli/py_srvcli.egg-info/entry_points.txt
[1.367s] writing requirements to ../../build/py_srvcli/py_srvcli.egg-info/requires.txt
[1.367s] writing top-level names to ../../build/py_srvcli/py_srvcli.egg-info/top_level.txt
[1.367s] reading manifest file '../../build/py_srvcli/py_srvcli.egg-info/SOURCES.txt'
[1.368s] adding license file 'LICENSE'
[1.369s] writing manifest file '../../build/py_srvcli/py_srvcli.egg-info/SOURCES.txt'
[1.369s] running build
[1.369s] running build_py
[1.369s] running install
[1.370s] running install_lib
[1.371s] running install_data
[1.371s] running install_egg_info
[1.372s] removing '/home/kiara/final_ws/install/py_srvcli/lib/python3.10/site-packages/py_srvcli-0.0.0-py3.10.egg-info' (and everything under it)
[1.373s] Copying ../../build/py_srvcli/py_srvcli.egg-info to /home/kiara/final_ws/install/py_srvcli/lib/python3.10/site-packages/py_srvcli-0.0.0-py3.10.egg-info
[1.373s] running install_scripts
[1.388s] Installing client script to /home/kiara/final_ws/install/py_srvcli/lib/py_srvcli
[1.389s] Installing service script to /home/kiara/final_ws/install/py_srvcli/lib/py_srvcli
[1.389s] writing list of installed files to '/home/kiara/final_ws/build/py_srvcli/install.log'
[1.407s] Invoked command in '/home/kiara/final_ws/src/py_srvcli' returned '0': PYTHONPATH=/home/kiara/final_ws/build/py_srvcli/prefix_override:/usr/lib/python3/dist-packages/colcon_core/task/python/colcon_distutils_commands:/home/kiara/final_ws/install/py_srvcli/lib/python3.10/site-packages:${PYTHONPATH} /usr/bin/python3 -W ignore:setup.py install is deprecated -W ignore:easy_install command is deprecated setup.py egg_info --egg-base ../../build/py_srvcli build --build-base /home/kiara/final_ws/build/py_srvcli/build install --record /home/kiara/final_ws/build/py_srvcli/install.log --single-version-externally-managed install_data
