[1.194s] Invoking command in '/home/kiara/final_ws/src/py_srvcli': PYTHONPATH=/home/kiara/final_ws/build/py_srvcli/prefix_override:/usr/lib/python3/dist-packages/colcon_core/task/python/colcon_distutils_commands:/home/kiara/final_ws/install/py_srvcli/lib/python3.10/site-packages:${PYTHONPATH} /usr/bin/python3 -W ignore:setup.py install is deprecated -W ignore:easy_install command is deprecated setup.py egg_info --egg-base ../../build/py_srvcli build --build-base /home/kiara/final_ws/build/py_srvcli/build install --record /home/kiara/final_ws/build/py_srvcli/install.log --single-version-externally-managed install_data
[1.382s] running egg_info
[1.383s] writing ../../build/py_srvcli/py_srvcli.egg-info/PKG-INFO
[1.383s] writing dependency_links to ../../build/py_srvcli/py_srvcli.egg-info/dependency_links.txt
[1.383s] writing entry points to ../../build/py_srvcli/py_srvcli.egg-info/entry_points.txt
[1.383s] writing requirements to ../../build/py_srvcli/py_srvcli.egg-info/requires.txt
[1.384s] writing top-level names to ../../build/py_srvcli/py_srvcli.egg-info/top_level.txt
[1.385s] reading manifest file '../../build/py_srvcli/py_srvcli.egg-info/SOURCES.txt'
[1.385s] adding license file 'LICENSE'
[1.386s] writing manifest file '../../build/py_srvcli/py_srvcli.egg-info/SOURCES.txt'
[1.386s] running build
[1.386s] running build_py
[1.387s] running install
[1.387s] running install_lib
[1.388s] running install_data
[1.388s] running install_egg_info
[1.390s] removing '/home/kiara/final_ws/install/py_srvcli/lib/python3.10/site-packages/py_srvcli-0.0.0-py3.10.egg-info' (and everything under it)
[1.390s] Copying ../../build/py_srvcli/py_srvcli.egg-info to /home/kiara/final_ws/install/py_srvcli/lib/python3.10/site-packages/py_srvcli-0.0.0-py3.10.egg-info
[1.391s] running install_scripts
[1.408s] Installing client script to /home/kiara/final_ws/install/py_srvcli/lib/py_srvcli
[1.408s] Installing service script to /home/kiara/final_ws/install/py_srvcli/lib/py_srvcli
[1.408s] writing list of installed files to '/home/kiara/final_ws/build/py_srvcli/install.log'
[1.438s] Invoked command in '/home/kiara/final_ws/src/py_srvcli' returned '0': PYTHONPATH=/home/kiara/final_ws/build/py_srvcli/prefix_override:/usr/lib/python3/dist-packages/colcon_core/task/python/colcon_distutils_commands:/home/kiara/final_ws/install/py_srvcli/lib/python3.10/site-packages:${PYTHONPATH} /usr/bin/python3 -W ignore:setup.py install is deprecated -W ignore:easy_install command is deprecated setup.py egg_info --egg-base ../../build/py_srvcli build --build-base /home/kiara/final_ws/build/py_srvcli/build install --record /home/kiara/final_ws/build/py_srvcli/install.log --single-version-externally-managed install_data
