[0.566s] Invoking command in '/home/kiara/final_ws/build/tutorial_interfaces': CMAKE_PREFIX_PATH=${CMAKE_PREFIX_PATH}:/home/kiara/final_ws/install/py_srvcli:/home/kiara/final_ws/install/my_robot_controller:/home/kiara/ros2_ws/install/py_pubsub:/home/kiara/ros2_ws/install/launch_testing_examples:/home/kiara/ros2_ws/install/examples_rclpy_pointcloud_publisher:/home/kiara/ros2_ws/install/examples_rclpy_minimal_subscriber:/home/kiara/ros2_ws/install/examples_rclpy_minimal_service:/home/kiara/ros2_ws/install/examples_rclpy_minimal_publisher:/home/kiara/ros2_ws/install/examples_rclpy_minimal_client:/home/kiara/ros2_ws/install/examples_rclpy_minimal_action_server:/home/kiara/ros2_ws/install/examples_rclpy_minimal_action_client:/home/kiara/ros2_ws/install/examples_rclpy_guard_conditions:/home/kiara/ros2_ws/install/examples_rclpy_executors:/opt/ros/humble /usr/bin/cmake /home/kiara/final_ws/src/tutorial_interfaces -DCMAKE_INSTALL_PREFIX=/home/kiara/final_ws/install/tutorial_interfaces
[0.667s] -- The C compiler identification is GNU 11.4.0
[0.733s] -- The CXX compiler identification is GNU 11.4.0
[0.741s] -- Detecting C compiler ABI info
[0.812s] -- Detecting C compiler ABI info - done
[0.817s] -- Check for working C compiler: /usr/bin/cc - skipped
[0.819s] -- Detecting C compile features
[0.819s] -- Detecting C compile features - done
[0.822s] -- Detecting CXX compiler ABI info
[0.896s] -- Detecting CXX compiler ABI info - done
[0.905s] -- Check for working CXX compiler: /usr/bin/c++ - skipped
[0.906s] -- Detecting CXX compile features
[0.906s] -- Detecting CXX compile features - done
[0.917s] -- Found ament_cmake: 1.3.11 (/opt/ros/humble/share/ament_cmake/cmake)
[1.114s] -- Found Python3: /usr/bin/python3 (found version "3.10.12") found components: Interpreter 
[1.221s] -- Found geometry_msgs: 4.2.4 (/opt/ros/humble/share/geometry_msgs/cmake)
[1.284s] -- Found rosidl_generator_c: 3.1.6 (/opt/ros/humble/share/rosidl_generator_c/cmake)
[1.292s] -- Found rosidl_adapter: 3.1.6 (/opt/ros/humble/share/rosidl_adapter/cmake)
[1.313s] -- Found rosidl_generator_cpp: 3.1.6 (/opt/ros/humble/share/rosidl_generator_cpp/cmake)
[1.330s] -- Using all available rosidl_typesupport_c: rosidl_typesupport_fastrtps_c;rosidl_typesupport_introspection_c
[1.349s] -- Using all available rosidl_typesupport_cpp: rosidl_typesupport_fastrtps_cpp;rosidl_typesupport_introspection_cpp
[1.424s] -- Found rosidl_default_generators: 1.2.0 (/opt/ros/humble/share/rosidl_default_generators/cmake)
[1.629s] [31mCMake Error at /opt/ros/humble/share/rosidl_adapter/cmake/rosidl_adapt_interfaces.cmake:59 (message):
[1.629s]   execute_process(/usr/bin/python3 -m rosidl_adapter --package-name
[1.629s]   tutorial_interfaces --arguments-file
[1.630s]   /home/kiara/final_ws/build/tutorial_interfaces/rosidl_adapter__arguments__tutorial_interfaces.json
[1.630s]   --output-dir
[1.630s]   /home/kiara/final_ws/build/tutorial_interfaces/rosidl_adapter/tutorial_interfaces
[1.630s]   --output-file
[1.630s]   /home/kiara/final_ws/build/tutorial_interfaces/rosidl_adapter/tutorial_interfaces.idls)
[1.630s]   returned error code 1:
[1.630s] 
[1.630s]   Error with: tutorial_interfaces AddThreeInts_Request int64b
[1.630s] 
[1.630s]   Traceback (most recent call last):
[1.630s] 
[1.630s]     File "/usr/lib/python3.10/runpy.py", line 196, in _run_module_as_main
[1.630s]       return _run_code(code, main_globals, None,
[1.631s]     File "/usr/lib/python3.10/runpy.py", line 86, in _run_code
[1.631s]       exec(code, run_globals)
[1.631s]     File "/opt/ros/humble/local/lib/python3.10/dist-packages/rosidl_adapter/__main__.py", line 19, in <module>
[1.631s]       sys.exit(main())
[1.631s]     File "/opt/ros/humble/local/lib/python3.10/dist-packages/rosidl_adapter/main.py", line 53, in main
[1.631s]       abs_idl_file = convert_to_idl(
[1.631s]     File "/opt/ros/humble/local/lib/python3.10/dist-packages/rosidl_adapter/__init__.py", line 24, in convert_to_idl
[1.631s]       return convert_srv_to_idl(
[1.631s]     File "/opt/ros/humble/local/lib/python3.10/dist-packages/rosidl_adapter/srv/__init__.py", line 28, in convert_srv_to_idl
[1.631s]       srv = parse_service_string(package_name, input_file.stem, content)
[1.631s]     File "/opt/ros/humble/local/lib/python3.10/dist-packages/rosidl_adapter/parser.py", line 859, in parse_service_string
[1.631s]       request_message = parse_message_string(
[1.631s]     File "/opt/ros/humble/local/lib/python3.10/dist-packages/rosidl_adapter/parser.py", line 510, in parse_message_string
[1.631s]       raise InvalidFieldDefinition(line)
[1.632s] 
[1.632s]   rosidl_adapter.parser.InvalidFieldDefinition: int64b
[1.632s] 
[1.632s] Call Stack (most recent call first):
[1.632s]   /opt/ros/humble/share/rosidl_cmake/cmake/rosidl_generate_interfaces.cmake:130 (rosidl_adapt_interfaces)
[1.632s]   CMakeLists.txt:16 (rosidl_generate_interfaces)
[1.632s] 
[1.632s] [0m
[1.632s] -- Configuring incomplete, errors occurred!
[1.632s] See also "/home/kiara/final_ws/build/tutorial_interfaces/CMakeFiles/CMakeOutput.log".
[1.635s] Invoked command in '/home/kiara/final_ws/build/tutorial_interfaces' returned '1': CMAKE_PREFIX_PATH=${CMAKE_PREFIX_PATH}:/home/kiara/final_ws/install/py_srvcli:/home/kiara/final_ws/install/my_robot_controller:/home/kiara/ros2_ws/install/py_pubsub:/home/kiara/ros2_ws/install/launch_testing_examples:/home/kiara/ros2_ws/install/examples_rclpy_pointcloud_publisher:/home/kiara/ros2_ws/install/examples_rclpy_minimal_subscriber:/home/kiara/ros2_ws/install/examples_rclpy_minimal_service:/home/kiara/ros2_ws/install/examples_rclpy_minimal_publisher:/home/kiara/ros2_ws/install/examples_rclpy_minimal_client:/home/kiara/ros2_ws/install/examples_rclpy_minimal_action_server:/home/kiara/ros2_ws/install/examples_rclpy_minimal_action_client:/home/kiara/ros2_ws/install/examples_rclpy_guard_conditions:/home/kiara/ros2_ws/install/examples_rclpy_executors:/opt/ros/humble /usr/bin/cmake /home/kiara/final_ws/src/tutorial_interfaces -DCMAKE_INSTALL_PREFIX=/home/kiara/final_ws/install/tutorial_interfaces
