[0.530s] Invoking command in '/home/kiara/final_ws/src/ros2tasks': PYTHONPATH=/home/kiara/final_ws/src/ros2tasks/build/ros2tasks/prefix_override:/usr/lib/python3/dist-packages/colcon_core/task/python/colcon_distutils_commands:/home/kiara/final_ws/src/ros2tasks/install/ros2tasks/lib/python3.10/site-packages:${PYTHONPATH} /usr/bin/python3 -W ignore:setup.py install is deprecated -W ignore:easy_install command is deprecated setup.py egg_info --egg-base build/ros2tasks build --build-base /home/kiara/final_ws/src/ros2tasks/build/ros2tasks/build install --record /home/kiara/final_ws/src/ros2tasks/build/ros2tasks/install.log --single-version-externally-managed install_data
[0.706s] running egg_info
[0.707s] writing build/ros2tasks/ros2tasks.egg-info/PKG-INFO
[0.707s] writing dependency_links to build/ros2tasks/ros2tasks.egg-info/dependency_links.txt
[0.707s] writing entry points to build/ros2tasks/ros2tasks.egg-info/entry_points.txt
[0.707s] writing requirements to build/ros2tasks/ros2tasks.egg-info/requires.txt
[0.707s] writing top-level names to build/ros2tasks/ros2tasks.egg-info/top_level.txt
[0.708s] reading manifest file 'build/ros2tasks/ros2tasks.egg-info/SOURCES.txt'
[0.708s] adding license file 'LICENSE'
[0.709s] writing manifest file 'build/ros2tasks/ros2tasks.egg-info/SOURCES.txt'
[0.709s] running build
[0.709s] running build_py
[0.709s] running install
[0.709s] running install_lib
[0.711s] running install_data
[0.711s] running install_egg_info
[0.712s] removing '/home/kiara/final_ws/src/ros2tasks/install/ros2tasks/lib/python3.10/site-packages/ros2tasks-0.0.0-py3.10.egg-info' (and everything under it)
[0.712s] Copying build/ros2tasks/ros2tasks.egg-info to /home/kiara/final_ws/src/ros2tasks/install/ros2tasks/lib/python3.10/site-packages/ros2tasks-0.0.0-py3.10.egg-info
[0.713s] running install_scripts
[0.740s] Installing image_publisher_node script to /home/kiara/final_ws/src/ros2tasks/install/ros2tasks/lib/ros2tasks
[0.740s] Installing vision_detector_node script to /home/kiara/final_ws/src/ros2tasks/install/ros2tasks/lib/ros2tasks
[0.740s] writing list of installed files to '/home/kiara/final_ws/src/ros2tasks/build/ros2tasks/install.log'
[0.770s] Invoked command in '/home/kiara/final_ws/src/ros2tasks' returned '0': PYTHONPATH=/home/kiara/final_ws/src/ros2tasks/build/ros2tasks/prefix_override:/usr/lib/python3/dist-packages/colcon_core/task/python/colcon_distutils_commands:/home/kiara/final_ws/src/ros2tasks/install/ros2tasks/lib/python3.10/site-packages:${PYTHONPATH} /usr/bin/python3 -W ignore:setup.py install is deprecated -W ignore:easy_install command is deprecated setup.py egg_info --egg-base build/ros2tasks build --build-base /home/kiara/final_ws/src/ros2tasks/build/ros2tasks/build install --record /home/kiara/final_ws/src/ros2tasks/build/ros2tasks/install.log --single-version-externally-managed install_data
