[1.180s] Invoking command in '/home/kiara/final_ws/src/ros2tasks': PYTHONPATH=/home/kiara/final_ws/build/ros2tasks/prefix_override:/usr/lib/python3/dist-packages/colcon_core/task/python/colcon_distutils_commands:/home/kiara/final_ws/install/ros2tasks/lib/python3.10/site-packages:${PYTHONPATH} /usr/bin/python3 -W ignore:setup.py install is deprecated -W ignore:easy_install command is deprecated setup.py egg_info --egg-base ../../build/ros2tasks build --build-base /home/kiara/final_ws/build/ros2tasks/build install --record /home/kiara/final_ws/build/ros2tasks/install.log --single-version-externally-managed install_data
[1.374s] running egg_info
[1.375s] creating ../../build/ros2tasks/ros2tasks.egg-info
[1.375s] writing ../../build/ros2tasks/ros2tasks.egg-info/PKG-INFO
[1.376s] writing dependency_links to ../../build/ros2tasks/ros2tasks.egg-info/dependency_links.txt
[1.376s] writing entry points to ../../build/ros2tasks/ros2tasks.egg-info/entry_points.txt
[1.376s] writing requirements to ../../build/ros2tasks/ros2tasks.egg-info/requires.txt
[1.376s] writing top-level names to ../../build/ros2tasks/ros2tasks.egg-info/top_level.txt
[1.376s] writing manifest file '../../build/ros2tasks/ros2tasks.egg-info/SOURCES.txt'
[1.378s] reading manifest file '../../build/ros2tasks/ros2tasks.egg-info/SOURCES.txt'
[1.378s] adding license file 'LICENSE'
[1.379s] writing manifest file '../../build/ros2tasks/ros2tasks.egg-info/SOURCES.txt'
[1.379s] running build
[1.379s] running build_py
[1.379s] creating /home/kiara/final_ws/build/ros2tasks/build
[1.379s] creating /home/kiara/final_ws/build/ros2tasks/build/lib
[1.379s] creating /home/kiara/final_ws/build/ros2tasks/build/lib/ros2tasks
[1.380s] copying ros2tasks/vision_detector_node.py -> /home/kiara/final_ws/build/ros2tasks/build/lib/ros2tasks
[1.380s] copying ros2tasks/__init__.py -> /home/kiara/final_ws/build/ros2tasks/build/lib/ros2tasks
[1.380s] running install
[1.380s] running install_lib
[1.381s] creating /home/kiara/final_ws/install/ros2tasks/lib/python3.10/site-packages/ros2tasks
[1.381s] copying /home/kiara/final_ws/build/ros2tasks/build/lib/ros2tasks/vision_detector_node.py -> /home/kiara/final_ws/install/ros2tasks/lib/python3.10/site-packages/ros2tasks
[1.381s] copying /home/kiara/final_ws/build/ros2tasks/build/lib/ros2tasks/__init__.py -> /home/kiara/final_ws/install/ros2tasks/lib/python3.10/site-packages/ros2tasks
[1.382s] byte-compiling /home/kiara/final_ws/install/ros2tasks/lib/python3.10/site-packages/ros2tasks/vision_detector_node.py to vision_detector_node.cpython-310.pyc
[1.383s] byte-compiling /home/kiara/final_ws/install/ros2tasks/lib/python3.10/site-packages/ros2tasks/__init__.py to __init__.cpython-310.pyc
[1.383s] running install_data
[1.383s] creating /home/kiara/final_ws/install/ros2tasks/share/ament_index
[1.383s] creating /home/kiara/final_ws/install/ros2tasks/share/ament_index/resource_index
[1.383s] creating /home/kiara/final_ws/install/ros2tasks/share/ament_index/resource_index/packages
[1.383s] copying resource/ros2tasks -> /home/kiara/final_ws/install/ros2tasks/share/ament_index/resource_index/packages
[1.383s] copying package.xml -> /home/kiara/final_ws/install/ros2tasks/share/ros2tasks
[1.384s] running install_egg_info
[1.386s] Copying ../../build/ros2tasks/ros2tasks.egg-info to /home/kiara/final_ws/install/ros2tasks/lib/python3.10/site-packages/ros2tasks-0.0.0-py3.10.egg-info
[1.386s] running install_scripts
[1.407s] Installing vision_detector_node script to /home/kiara/final_ws/install/ros2tasks/lib/ros2tasks
[1.407s] writing list of installed files to '/home/kiara/final_ws/build/ros2tasks/install.log'
[1.437s] Invoked command in '/home/kiara/final_ws/src/ros2tasks' returned '0': PYTHONPATH=/home/kiara/final_ws/build/ros2tasks/prefix_override:/usr/lib/python3/dist-packages/colcon_core/task/python/colcon_distutils_commands:/home/kiara/final_ws/install/ros2tasks/lib/python3.10/site-packages:${PYTHONPATH} /usr/bin/python3 -W ignore:setup.py install is deprecated -W ignore:easy_install command is deprecated setup.py egg_info --egg-base ../../build/ros2tasks build --build-base /home/kiara/final_ws/build/ros2tasks/build install --record /home/kiara/final_ws/build/ros2tasks/install.log --single-version-externally-managed install_data
