[0.442s] Invoking command in '/home/kiara/final_ws/src/my_robot_controller': PYTHONPATH=/home/kiara/final_ws/build/my_robot_controller/prefix_override:/usr/lib/python3/dist-packages/colcon_core/task/python/colcon_distutils_commands:/home/kiara/final_ws/install/my_robot_controller/lib/python3.10/site-packages:${PYTHONPATH} /usr/bin/python3 -W ignore:setup.py install is deprecated -W ignore:easy_install command is deprecated setup.py egg_info --egg-base ../../build/my_robot_controller build --build-base /home/kiara/final_ws/build/my_robot_controller/build install --record /home/kiara/final_ws/build/my_robot_controller/install.log --single-version-externally-managed install_data
[0.598s] running egg_info
[0.599s] creating ../../build/my_robot_controller/my_robot_controller.egg-info
[0.599s] writing ../../build/my_robot_controller/my_robot_controller.egg-info/PKG-INFO
[0.599s] writing dependency_links to ../../build/my_robot_controller/my_robot_controller.egg-info/dependency_links.txt
[0.599s] writing entry points to ../../build/my_robot_controller/my_robot_controller.egg-info/entry_points.txt
[0.599s] writing requirements to ../../build/my_robot_controller/my_robot_controller.egg-info/requires.txt
[0.599s] writing top-level names to ../../build/my_robot_controller/my_robot_controller.egg-info/top_level.txt
[0.600s] writing manifest file '../../build/my_robot_controller/my_robot_controller.egg-info/SOURCES.txt'
[0.602s] reading manifest file '../../build/my_robot_controller/my_robot_controller.egg-info/SOURCES.txt'
[0.602s] writing manifest file '../../build/my_robot_controller/my_robot_controller.egg-info/SOURCES.txt'
[0.603s] running build
[0.603s] running build_py
[0.603s] creating /home/kiara/final_ws/build/my_robot_controller/build
[0.603s] creating /home/kiara/final_ws/build/my_robot_controller/build/lib
[0.603s] creating /home/kiara/final_ws/build/my_robot_controller/build/lib/my_robot_controller
[0.603s] copying my_robot_controller/__init__.py -> /home/kiara/final_ws/build/my_robot_controller/build/lib/my_robot_controller
[0.604s] copying my_robot_controller/my_first_node.py -> /home/kiara/final_ws/build/my_robot_controller/build/lib/my_robot_controller
[0.604s] running install
[0.604s] running install_lib
[0.605s] creating /home/kiara/final_ws/install/my_robot_controller/lib/python3.10/site-packages/my_robot_controller
[0.605s] copying /home/kiara/final_ws/build/my_robot_controller/build/lib/my_robot_controller/__init__.py -> /home/kiara/final_ws/install/my_robot_controller/lib/python3.10/site-packages/my_robot_controller
[0.605s] copying /home/kiara/final_ws/build/my_robot_controller/build/lib/my_robot_controller/my_first_node.py -> /home/kiara/final_ws/install/my_robot_controller/lib/python3.10/site-packages/my_robot_controller
[0.606s] byte-compiling /home/kiara/final_ws/install/my_robot_controller/lib/python3.10/site-packages/my_robot_controller/__init__.py to __init__.cpython-310.pyc
[0.606s] byte-compiling /home/kiara/final_ws/install/my_robot_controller/lib/python3.10/site-packages/my_robot_controller/my_first_node.py to my_first_node.cpython-310.pyc
[0.606s] running install_data
[0.607s] creating /home/kiara/final_ws/install/my_robot_controller/share/ament_index
[0.607s] creating /home/kiara/final_ws/install/my_robot_controller/share/ament_index/resource_index
[0.607s] creating /home/kiara/final_ws/install/my_robot_controller/share/ament_index/resource_index/packages
[0.607s] copying resource/my_robot_controller -> /home/kiara/final_ws/install/my_robot_controller/share/ament_index/resource_index/packages
[0.607s] copying package.xml -> /home/kiara/final_ws/install/my_robot_controller/share/my_robot_controller
[0.607s] running install_egg_info
[0.609s] Copying ../../build/my_robot_controller/my_robot_controller.egg-info to /home/kiara/final_ws/install/my_robot_controller/lib/python3.10/site-packages/my_robot_controller-0.0.0-py3.10.egg-info
[0.610s] running install_scripts
[0.632s] Installing test script to /home/kiara/final_ws/install/my_robot_controller/lib/my_robot_controller
[0.632s] writing list of installed files to '/home/kiara/final_ws/build/my_robot_controller/install.log'
[0.697s] Invoked command in '/home/kiara/final_ws/src/my_robot_controller' returned '0': PYTHONPATH=/home/kiara/final_ws/build/my_robot_controller/prefix_override:/usr/lib/python3/dist-packages/colcon_core/task/python/colcon_distutils_commands:/home/kiara/final_ws/install/my_robot_controller/lib/python3.10/site-packages:${PYTHONPATH} /usr/bin/python3 -W ignore:setup.py install is deprecated -W ignore:easy_install command is deprecated setup.py egg_info --egg-base ../../build/my_robot_controller build --build-base /home/kiara/final_ws/build/my_robot_controller/build install --record /home/kiara/final_ws/build/my_robot_controller/install.log --single-version-externally-managed install_data
