[0.429s] Invoking command in '/home/kiara/final_ws/src/my_robot_controller': PYTHONPATH=/home/kiara/final_ws/build/my_robot_controller/prefix_override:/usr/lib/python3/dist-packages/colcon_core/task/python/colcon_distutils_commands:/home/kiara/final_ws/install/my_robot_controller/lib/python3.10/site-packages:${PYTHONPATH} /usr/bin/python3 -W ignore:setup.py install is deprecated -W ignore:easy_install command is deprecated setup.py egg_info --egg-base ../../build/my_robot_controller build --build-base /home/kiara/final_ws/build/my_robot_controller/build install --record /home/kiara/final_ws/build/my_robot_controller/install.log --single-version-externally-managed install_data
[0.586s] running egg_info
[0.586s] writing ../../build/my_robot_controller/my_robot_controller.egg-info/PKG-INFO
[0.586s] writing dependency_links to ../../build/my_robot_controller/my_robot_controller.egg-info/dependency_links.txt
[0.586s] writing entry points to ../../build/my_robot_controller/my_robot_controller.egg-info/entry_points.txt
[0.586s] writing requirements to ../../build/my_robot_controller/my_robot_controller.egg-info/requires.txt
[0.586s] writing top-level names to ../../build/my_robot_controller/my_robot_controller.egg-info/top_level.txt
[0.587s] reading manifest file '../../build/my_robot_controller/my_robot_controller.egg-info/SOURCES.txt'
[0.588s] writing manifest file '../../build/my_robot_controller/my_robot_controller.egg-info/SOURCES.txt'
[0.588s] running build
[0.588s] running build_py
[0.588s] running install
[0.588s] running install_lib
[0.589s] running install_data
[0.589s] running install_egg_info
[0.590s] removing '/home/kiara/final_ws/install/my_robot_controller/lib/python3.10/site-packages/my_robot_controller-0.0.0-py3.10.egg-info' (and everything under it)
[0.590s] Copying ../../build/my_robot_controller/my_robot_controller.egg-info to /home/kiara/final_ws/install/my_robot_controller/lib/python3.10/site-packages/my_robot_controller-0.0.0-py3.10.egg-info
[0.590s] running install_scripts
[0.605s] Installing test script to /home/kiara/final_ws/install/my_robot_controller/lib/my_robot_controller
[0.605s] writing list of installed files to '/home/kiara/final_ws/build/my_robot_controller/install.log'
[0.622s] Invoked command in '/home/kiara/final_ws/src/my_robot_controller' returned '0': PYTHONPATH=/home/kiara/final_ws/build/my_robot_controller/prefix_override:/usr/lib/python3/dist-packages/colcon_core/task/python/colcon_distutils_commands:/home/kiara/final_ws/install/my_robot_controller/lib/python3.10/site-packages:${PYTHONPATH} /usr/bin/python3 -W ignore:setup.py install is deprecated -W ignore:easy_install command is deprecated setup.py egg_info --egg-base ../../build/my_robot_controller build --build-base /home/kiara/final_ws/build/my_robot_controller/build install --record /home/kiara/final_ws/build/my_robot_controller/install.log --single-version-externally-managed install_data
