[0.023s] Invoking command in '/home/kiara/final_ws/src/build/action_tutorials_interfaces': CMAKE_PREFIX_PATH=${CMAKE_PREFIX_PATH}:/home/kiara/final_ws/src/install/py_srvcli:/home/kiara/final_ws/src/install/my_robot_controller:/home/kiara/final_ws/install/py_srvcli:/home/kiara/final_ws/install/my_robot_controller:/home/kiara/ros2_ws/install/py_pubsub:/home/kiara/ros2_ws/install/launch_testing_examples:/home/kiara/ros2_ws/install/examples_rclpy_pointcloud_publisher:/home/kiara/ros2_ws/install/examples_rclpy_minimal_subscriber:/home/kiara/ros2_ws/install/examples_rclpy_minimal_service:/home/kiara/ros2_ws/install/examples_rclpy_minimal_publisher:/home/kiara/ros2_ws/install/examples_rclpy_minimal_client:/home/kiara/ros2_ws/install/examples_rclpy_minimal_action_server:/home/kiara/ros2_ws/install/examples_rclpy_minimal_action_client:/home/kiara/ros2_ws/install/examples_rclpy_guard_conditions:/home/kiara/ros2_ws/install/examples_rclpy_executors:/opt/ros/humble /usr/bin/cmake /home/kiara/final_ws/src/action_tutorials_interfaces -DCMAKE_INSTALL_PREFIX=/home/kiara/final_ws/src/install/action_tutorials_interfaces
[0.428s] -- The C compiler identification is GNU 11.4.0
[0.428s] -- The CXX compiler identification is GNU 11.4.0
[0.428s] -- Detecting C compiler ABI info
[0.428s] -- Detecting C compiler ABI info - done
[0.428s] -- Check for working C compiler: /usr/bin/cc - skipped
[0.429s] -- Detecting C compile features
[0.429s] -- Detecting C compile features - done
[0.429s] -- Detecting CXX compiler ABI info
[0.429s] -- Detecting CXX compiler ABI info - done
[0.429s] -- Check for working CXX compiler: /usr/bin/c++ - skipped
[0.429s] -- Detecting CXX compile features
[0.429s] -- Detecting CXX compile features - done
[0.429s] -- Found ament_cmake: 1.3.11 (/opt/ros/humble/share/ament_cmake/cmake)
[0.531s] -- Found Python3: /usr/bin/python3 (found version "3.10.12") found components: Interpreter 
[0.634s] -- Found ament_lint_auto: 0.12.11 (/opt/ros/humble/share/ament_lint_auto/cmake)
[0.710s] -- Found rosidl_default_generators: 1.2.0 (/opt/ros/humble/share/rosidl_default_generators/cmake)
[0.715s] -- Using all available rosidl_typesupport_c: rosidl_typesupport_fastrtps_c;rosidl_typesupport_introspection_c
[0.723s] -- Found rosidl_adapter: 3.1.6 (/opt/ros/humble/share/rosidl_adapter/cmake)
[0.780s] -- Using all available rosidl_typesupport_cpp: rosidl_typesupport_fastrtps_cpp;rosidl_typesupport_introspection_cpp
[1.084s] -- Found ament_cmake_ros: 0.10.0 (/opt/ros/humble/share/ament_cmake_ros/cmake)
[1.288s] -- Using all available rosidl_typesupport_c: rosidl_typesupport_fastrtps_c;rosidl_typesupport_introspection_c
[1.531s] -- Using all available rosidl_typesupport_cpp: rosidl_typesupport_fastrtps_cpp;rosidl_typesupport_introspection_cpp
[1.556s] -- Found PythonInterp: /usr/bin/python3 (found suitable version "3.10.12", minimum required is "3.6") 
[1.559s] -- Found python_cmake_module: 0.10.0 (/opt/ros/humble/share/python_cmake_module/cmake)
[1.582s] -- Found PythonLibs: /usr/lib/x86_64-linux-gnu/libpython3.10.so (found suitable version "3.10.12", minimum required is "3.5") 
[1.582s] -- Using PYTHON_EXECUTABLE: /usr/bin/python3
[1.582s] -- Using PYTHON_INCLUDE_DIRS: /usr/include/python3.10
[1.582s] -- Using PYTHON_LIBRARIES: /usr/lib/x86_64-linux-gnu/libpython3.10.so
[1.609s] -- Found PythonExtra: .so  
[1.680s] -- Added test 'lint_cmake' to check CMake code style
[1.682s] -- Added test 'xmllint' to check XML markup files
[1.690s] -- Configuring done
[1.729s] -- Generating done
[1.743s] -- Build files have been written to: /home/kiara/final_ws/src/build/action_tutorials_interfaces
[1.752s] Invoked command in '/home/kiara/final_ws/src/build/action_tutorials_interfaces' returned '0': CMAKE_PREFIX_PATH=${CMAKE_PREFIX_PATH}:/home/kiara/final_ws/src/install/py_srvcli:/home/kiara/final_ws/src/install/my_robot_controller:/home/kiara/final_ws/install/py_srvcli:/home/kiara/final_ws/install/my_robot_controller:/home/kiara/ros2_ws/install/py_pubsub:/home/kiara/ros2_ws/install/launch_testing_examples:/home/kiara/ros2_ws/install/examples_rclpy_pointcloud_publisher:/home/kiara/ros2_ws/install/examples_rclpy_minimal_subscriber:/home/kiara/ros2_ws/install/examples_rclpy_minimal_service:/home/kiara/ros2_ws/install/examples_rclpy_minimal_publisher:/home/kiara/ros2_ws/install/examples_rclpy_minimal_client:/home/kiara/ros2_ws/install/examples_rclpy_minimal_action_server:/home/kiara/ros2_ws/install/examples_rclpy_minimal_action_client:/home/kiara/ros2_ws/install/examples_rclpy_guard_conditions:/home/kiara/ros2_ws/install/examples_rclpy_executors:/opt/ros/humble /usr/bin/cmake /home/kiara/final_ws/src/action_tutorials_interfaces -DCMAKE_INSTALL_PREFIX=/home/kiara/final_ws/src/install/action_tutorials_interfaces
[1.753s] Invoking command in '/home/kiara/final_ws/src/build/action_tutorials_interfaces': CMAKE_PREFIX_PATH=${CMAKE_PREFIX_PATH}:/home/kiara/final_ws/src/install/py_srvcli:/home/kiara/final_ws/src/install/my_robot_controller:/home/kiara/final_ws/install/py_srvcli:/home/kiara/final_ws/install/my_robot_controller:/home/kiara/ros2_ws/install/py_pubsub:/home/kiara/ros2_ws/install/launch_testing_examples:/home/kiara/ros2_ws/install/examples_rclpy_pointcloud_publisher:/home/kiara/ros2_ws/install/examples_rclpy_minimal_subscriber:/home/kiara/ros2_ws/install/examples_rclpy_minimal_service:/home/kiara/ros2_ws/install/examples_rclpy_minimal_publisher:/home/kiara/ros2_ws/install/examples_rclpy_minimal_client:/home/kiara/ros2_ws/install/examples_rclpy_minimal_action_server:/home/kiara/ros2_ws/install/examples_rclpy_minimal_action_client:/home/kiara/ros2_ws/install/examples_rclpy_guard_conditions:/home/kiara/ros2_ws/install/examples_rclpy_executors:/opt/ros/humble /usr/bin/cmake --build /home/kiara/final_ws/src/build/action_tutorials_interfaces -- -j12 -l12
[1.788s] [  3%] [34m[1mGenerating C code for ROS interfaces[0m
[1.803s] [  6%] [34m[1mGenerating C++ code for ROS interfaces[0m
[1.811s] [  6%] Built target ament_cmake_python_copy_action_tutorials_interfaces
[2.065s] [  9%] [32mBuilding C object CMakeFiles/action_tutorials_interfaces__rosidl_generator_c.dir/rosidl_generator_c/action_tutorials_interfaces/action/detail/fibonacci__functions.c.o[0m
[2.150s] [  9%] Built target action_tutorials_interfaces__cpp
[2.161s] [ 19%] [34m[1mGenerating C++ type support for eProsima Fast-RTPS[0m
[2.161s] [ 19%] [34m[1mGenerating C++ type support dispatch for ROS interfaces[0m
[2.161s] [ 19%] [34m[1mGenerating C++ introspection for ROS interfaces[0m
[2.179s] running egg_info
[2.180s] creating action_tutorials_interfaces.egg-info
[2.180s] writing action_tutorials_interfaces.egg-info/PKG-INFO
[2.180s] writing dependency_links to action_tutorials_interfaces.egg-info/dependency_links.txt
[2.181s] writing top-level names to action_tutorials_interfaces.egg-info/top_level.txt
[2.181s] writing manifest file 'action_tutorials_interfaces.egg-info/SOURCES.txt'
[2.184s] reading manifest file 'action_tutorials_interfaces.egg-info/SOURCES.txt'
[2.184s] writing manifest file 'action_tutorials_interfaces.egg-info/SOURCES.txt'
[2.196s] [ 22%] [32m[1mLinking C shared library libaction_tutorials_interfaces__rosidl_generator_c.so[0m
[2.217s] [ 22%] Built target ament_cmake_python_build_action_tutorials_interfaces_egg
[2.241s] [ 22%] Built target action_tutorials_interfaces__rosidl_generator_c
[2.253s] [ 32%] [34m[1mGenerating C introspection for ROS interfaces[0m
[2.253s] [ 32%] [34m[1mGenerating C type support for eProsima Fast-RTPS[0m
[2.253s] [ 32%] [34m[1mGenerating C type support dispatch for ROS interfaces[0m
[2.393s] [ 35%] [32mBuilding CXX object CMakeFiles/action_tutorials_interfaces__rosidl_typesupport_introspection_cpp.dir/rosidl_typesupport_introspection_cpp/action_tutorials_interfaces/action/detail/fibonacci__type_support.cpp.o[0m
[2.512s] [ 38%] [32mBuilding CXX object CMakeFiles/action_tutorials_interfaces__rosidl_typesupport_cpp.dir/rosidl_typesupport_cpp/action_tutorials_interfaces/action/fibonacci__type_support.cpp.o[0m
[2.552s] [ 41%] [32mBuilding CXX object CMakeFiles/action_tutorials_interfaces__rosidl_typesupport_fastrtps_c.dir/rosidl_typesupport_fastrtps_c/action_tutorials_interfaces/action/detail/fibonacci__type_support_c.cpp.o[0m
[2.598s] [ 45%] [32mBuilding CXX object CMakeFiles/action_tutorials_interfaces__rosidl_typesupport_c.dir/rosidl_typesupport_c/action_tutorials_interfaces/action/fibonacci__type_support.cpp.o[0m
[2.645s] [ 48%] [32mBuilding CXX object CMakeFiles/action_tutorials_interfaces__rosidl_typesupport_fastrtps_cpp.dir/rosidl_typesupport_fastrtps_cpp/action_tutorials_interfaces/action/detail/dds_fastrtps/fibonacci__type_support.cpp.o[0m
[2.658s] [ 51%] [32m[1mLinking CXX shared library libaction_tutorials_interfaces__rosidl_typesupport_c.so[0m
[2.695s] [ 54%] [32mBuilding C object CMakeFiles/action_tutorials_interfaces__rosidl_typesupport_introspection_c.dir/rosidl_typesupport_introspection_c/action_tutorials_interfaces/action/detail/fibonacci__type_support.c.o[0m
[2.709s] [ 54%] Built target action_tutorials_interfaces__rosidl_typesupport_c
[2.759s] [ 58%] [32m[1mLinking C shared library libaction_tutorials_interfaces__rosidl_typesupport_introspection_c.so[0m
[2.797s] [ 58%] Built target action_tutorials_interfaces__rosidl_typesupport_introspection_c
[2.904s] [ 61%] [32m[1mLinking CXX shared library libaction_tutorials_interfaces__rosidl_typesupport_introspection_cpp.so[0m
[2.961s] [ 64%] [32m[1mLinking CXX shared library libaction_tutorials_interfaces__rosidl_typesupport_fastrtps_c.so[0m
[2.997s] [ 64%] Built target action_tutorials_interfaces__rosidl_typesupport_introspection_cpp
[3.005s] [ 67%] [32m[1mLinking CXX shared library libaction_tutorials_interfaces__rosidl_typesupport_cpp.so[0m
[3.040s] [ 67%] Built target action_tutorials_interfaces__rosidl_typesupport_fastrtps_c
[3.054s] [ 67%] Built target action_tutorials_interfaces__rosidl_typesupport_cpp
[3.260s] [ 70%] [32m[1mLinking CXX shared library libaction_tutorials_interfaces__rosidl_typesupport_fastrtps_cpp.so[0m
[3.319s] [ 70%] Built target action_tutorials_interfaces__rosidl_typesupport_fastrtps_cpp
[3.343s] [ 70%] Built target action_tutorials_interfaces
[3.364s] [ 74%] [34m[1mGenerating Python code for ROS interfaces[0m
[3.924s] [ 74%] Built target action_tutorials_interfaces__py
[3.952s] [ 77%] [32mBuilding C object CMakeFiles/action_tutorials_interfaces__rosidl_generator_py.dir/rosidl_generator_py/action_tutorials_interfaces/action/_fibonacci_s.c.o[0m
[4.060s] [ 80%] [32m[1mLinking C shared library rosidl_generator_py/action_tutorials_interfaces/libaction_tutorials_interfaces__rosidl_generator_py.so[0m
[4.116s] [ 80%] Built target action_tutorials_interfaces__rosidl_generator_py
[4.147s] [ 83%] [32mBuilding C object CMakeFiles/action_tutorials_interfaces__rosidl_typesupport_introspection_c__pyext.dir/rosidl_generator_py/action_tutorials_interfaces/_action_tutorials_interfaces_s.ep.rosidl_typesupport_introspection_c.c.o[0m
[4.148s] [ 87%] [32mBuilding C object CMakeFiles/action_tutorials_interfaces__rosidl_typesupport_fastrtps_c__pyext.dir/rosidl_generator_py/action_tutorials_interfaces/_action_tutorials_interfaces_s.ep.rosidl_typesupport_fastrtps_c.c.o[0m
[4.150s] [ 90%] [32mBuilding C object CMakeFiles/action_tutorials_interfaces__rosidl_typesupport_c__pyext.dir/rosidl_generator_py/action_tutorials_interfaces/_action_tutorials_interfaces_s.ep.rosidl_typesupport_c.c.o[0m
[4.237s] [ 93%] [32m[1mLinking C shared library rosidl_generator_py/action_tutorials_interfaces/action_tutorials_interfaces_s__rosidl_typesupport_c.cpython-310-x86_64-linux-gnu.so[0m
[4.248s] [ 96%] [32m[1mLinking C shared library rosidl_generator_py/action_tutorials_interfaces/action_tutorials_interfaces_s__rosidl_typesupport_fastrtps_c.cpython-310-x86_64-linux-gnu.so[0m
[4.272s] [ 96%] Built target action_tutorials_interfaces__rosidl_typesupport_c__pyext
[4.286s] [100%] [32m[1mLinking C shared library rosidl_generator_py/action_tutorials_interfaces/action_tutorials_interfaces_s__rosidl_typesupport_introspection_c.cpython-310-x86_64-linux-gnu.so[0m
[4.290s] [100%] Built target action_tutorials_interfaces__rosidl_typesupport_fastrtps_c__pyext
[4.334s] [100%] Built target action_tutorials_interfaces__rosidl_typesupport_introspection_c__pyext
[4.349s] Invoked command in '/home/kiara/final_ws/src/build/action_tutorials_interfaces' returned '0': CMAKE_PREFIX_PATH=${CMAKE_PREFIX_PATH}:/home/kiara/final_ws/src/install/py_srvcli:/home/kiara/final_ws/src/install/my_robot_controller:/home/kiara/final_ws/install/py_srvcli:/home/kiara/final_ws/install/my_robot_controller:/home/kiara/ros2_ws/install/py_pubsub:/home/kiara/ros2_ws/install/launch_testing_examples:/home/kiara/ros2_ws/install/examples_rclpy_pointcloud_publisher:/home/kiara/ros2_ws/install/examples_rclpy_minimal_subscriber:/home/kiara/ros2_ws/install/examples_rclpy_minimal_service:/home/kiara/ros2_ws/install/examples_rclpy_minimal_publisher:/home/kiara/ros2_ws/install/examples_rclpy_minimal_client:/home/kiara/ros2_ws/install/examples_rclpy_minimal_action_server:/home/kiara/ros2_ws/install/examples_rclpy_minimal_action_client:/home/kiara/ros2_ws/install/examples_rclpy_guard_conditions:/home/kiara/ros2_ws/install/examples_rclpy_executors:/opt/ros/humble /usr/bin/cmake --build /home/kiara/final_ws/src/build/action_tutorials_interfaces -- -j12 -l12
[4.352s] Invoking command in '/home/kiara/final_ws/src/build/action_tutorials_interfaces': CMAKE_PREFIX_PATH=${CMAKE_PREFIX_PATH}:/home/kiara/final_ws/src/install/py_srvcli:/home/kiara/final_ws/src/install/my_robot_controller:/home/kiara/final_ws/install/py_srvcli:/home/kiara/final_ws/install/my_robot_controller:/home/kiara/ros2_ws/install/py_pubsub:/home/kiara/ros2_ws/install/launch_testing_examples:/home/kiara/ros2_ws/install/examples_rclpy_pointcloud_publisher:/home/kiara/ros2_ws/install/examples_rclpy_minimal_subscriber:/home/kiara/ros2_ws/install/examples_rclpy_minimal_service:/home/kiara/ros2_ws/install/examples_rclpy_minimal_publisher:/home/kiara/ros2_ws/install/examples_rclpy_minimal_client:/home/kiara/ros2_ws/install/examples_rclpy_minimal_action_server:/home/kiara/ros2_ws/install/examples_rclpy_minimal_action_client:/home/kiara/ros2_ws/install/examples_rclpy_guard_conditions:/home/kiara/ros2_ws/install/examples_rclpy_executors:/opt/ros/humble /usr/bin/cmake --install /home/kiara/final_ws/src/build/action_tutorials_interfaces
[4.359s] -- Install configuration: ""
[4.359s] -- Installing: /home/kiara/final_ws/src/install/action_tutorials_interfaces/share/ament_index/resource_index/rosidl_interfaces/action_tutorials_interfaces
[4.359s] -- Installing: /home/kiara/final_ws/src/install/action_tutorials_interfaces/include/action_tutorials_interfaces/action_tutorials_interfaces
[4.359s] -- Installing: /home/kiara/final_ws/src/install/action_tutorials_interfaces/include/action_tutorials_interfaces/action_tutorials_interfaces/action
[4.359s] -- Installing: /home/kiara/final_ws/src/install/action_tutorials_interfaces/include/action_tutorials_interfaces/action_tutorials_interfaces/action/detail
[4.359s] -- Installing: /home/kiara/final_ws/src/install/action_tutorials_interfaces/include/action_tutorials_interfaces/action_tutorials_interfaces/action/detail/fibonacci__functions.h
[4.360s] -- Installing: /home/kiara/final_ws/src/install/action_tutorials_interfaces/include/action_tutorials_interfaces/action_tutorials_interfaces/action/detail/fibonacci__functions.c
[4.360s] -- Installing: /home/kiara/final_ws/src/install/action_tutorials_interfaces/include/action_tutorials_interfaces/action_tutorials_interfaces/action/detail/fibonacci__struct.h
[4.360s] -- Installing: /home/kiara/final_ws/src/install/action_tutorials_interfaces/include/action_tutorials_interfaces/action_tutorials_interfaces/action/detail/fibonacci__type_support.h
[4.360s] -- Installing: /home/kiara/final_ws/src/install/action_tutorials_interfaces/include/action_tutorials_interfaces/action_tutorials_interfaces/action/fibonacci.h
[4.360s] -- Installing: /home/kiara/final_ws/src/install/action_tutorials_interfaces/include/action_tutorials_interfaces/action_tutorials_interfaces/msg
[4.360s] -- Installing: /home/kiara/final_ws/src/install/action_tutorials_interfaces/include/action_tutorials_interfaces/action_tutorials_interfaces/msg/rosidl_generator_c__visibility_control.h
[4.360s] -- Installing: /home/kiara/final_ws/src/install/action_tutorials_interfaces/share/action_tutorials_interfaces/environment/library_path.sh
[4.360s] -- Installing: /home/kiara/final_ws/src/install/action_tutorials_interfaces/share/action_tutorials_interfaces/environment/library_path.dsv
[4.360s] -- Installing: /home/kiara/final_ws/src/install/action_tutorials_interfaces/lib/libaction_tutorials_interfaces__rosidl_generator_c.so
[4.361s] -- Set runtime path of "/home/kiara/final_ws/src/install/action_tutorials_interfaces/lib/libaction_tutorials_interfaces__rosidl_generator_c.so" to ""
[4.361s] -- Up-to-date: /home/kiara/final_ws/src/install/action_tutorials_interfaces/include/action_tutorials_interfaces/action_tutorials_interfaces
[4.361s] -- Up-to-date: /home/kiara/final_ws/src/install/action_tutorials_interfaces/include/action_tutorials_interfaces/action_tutorials_interfaces/action
[4.361s] -- Up-to-date: /home/kiara/final_ws/src/install/action_tutorials_interfaces/include/action_tutorials_interfaces/action_tutorials_interfaces/action/detail
[4.361s] -- Installing: /home/kiara/final_ws/src/install/action_tutorials_interfaces/include/action_tutorials_interfaces/action_tutorials_interfaces/action/detail/fibonacci__rosidl_typesupport_fastrtps_c.h
[4.361s] -- Up-to-date: /home/kiara/final_ws/src/install/action_tutorials_interfaces/include/action_tutorials_interfaces/action_tutorials_interfaces/msg
[4.361s] -- Installing: /home/kiara/final_ws/src/install/action_tutorials_interfaces/include/action_tutorials_interfaces/action_tutorials_interfaces/msg/rosidl_typesupport_fastrtps_c__visibility_control.h
[4.361s] -- Installing: /home/kiara/final_ws/src/install/action_tutorials_interfaces/lib/libaction_tutorials_interfaces__rosidl_typesupport_fastrtps_c.so
[4.361s] -- Set runtime path of "/home/kiara/final_ws/src/install/action_tutorials_interfaces/lib/libaction_tutorials_interfaces__rosidl_typesupport_fastrtps_c.so" to ""
[4.361s] -- Up-to-date: /home/kiara/final_ws/src/install/action_tutorials_interfaces/include/action_tutorials_interfaces/action_tutorials_interfaces
[4.362s] -- Up-to-date: /home/kiara/final_ws/src/install/action_tutorials_interfaces/include/action_tutorials_interfaces/action_tutorials_interfaces/action
[4.362s] -- Up-to-date: /home/kiara/final_ws/src/install/action_tutorials_interfaces/include/action_tutorials_interfaces/action_tutorials_interfaces/action/detail
[4.362s] -- Installing: /home/kiara/final_ws/src/install/action_tutorials_interfaces/include/action_tutorials_interfaces/action_tutorials_interfaces/action/detail/fibonacci__rosidl_typesupport_introspection_c.h
[4.362s] -- Installing: /home/kiara/final_ws/src/install/action_tutorials_interfaces/include/action_tutorials_interfaces/action_tutorials_interfaces/action/detail/fibonacci__type_support.c
[4.362s] -- Up-to-date: /home/kiara/final_ws/src/install/action_tutorials_interfaces/include/action_tutorials_interfaces/action_tutorials_interfaces/msg
[4.362s] -- Installing: /home/kiara/final_ws/src/install/action_tutorials_interfaces/include/action_tutorials_interfaces/action_tutorials_interfaces/msg/rosidl_typesupport_introspection_c__visibility_control.h
[4.362s] -- Installing: /home/kiara/final_ws/src/install/action_tutorials_interfaces/lib/libaction_tutorials_interfaces__rosidl_typesupport_introspection_c.so
[4.362s] -- Set runtime path of "/home/kiara/final_ws/src/install/action_tutorials_interfaces/lib/libaction_tutorials_interfaces__rosidl_typesupport_introspection_c.so" to ""
[4.362s] -- Installing: /home/kiara/final_ws/src/install/action_tutorials_interfaces/lib/libaction_tutorials_interfaces__rosidl_typesupport_c.so
[4.363s] -- Set runtime path of "/home/kiara/final_ws/src/install/action_tutorials_interfaces/lib/libaction_tutorials_interfaces__rosidl_typesupport_c.so" to ""
[4.363s] -- Up-to-date: /home/kiara/final_ws/src/install/action_tutorials_interfaces/include/action_tutorials_interfaces/action_tutorials_interfaces
[4.363s] -- Up-to-date: /home/kiara/final_ws/src/install/action_tutorials_interfaces/include/action_tutorials_interfaces/action_tutorials_interfaces/action
[4.363s] -- Up-to-date: /home/kiara/final_ws/src/install/action_tutorials_interfaces/include/action_tutorials_interfaces/action_tutorials_interfaces/action/detail
[4.363s] -- Installing: /home/kiara/final_ws/src/install/action_tutorials_interfaces/include/action_tutorials_interfaces/action_tutorials_interfaces/action/detail/fibonacci__traits.hpp
[4.363s] -- Installing: /home/kiara/final_ws/src/install/action_tutorials_interfaces/include/action_tutorials_interfaces/action_tutorials_interfaces/action/detail/fibonacci__type_support.hpp
[4.363s] -- Installing: /home/kiara/final_ws/src/install/action_tutorials_interfaces/include/action_tutorials_interfaces/action_tutorials_interfaces/action/detail/fibonacci__builder.hpp
[4.363s] -- Installing: /home/kiara/final_ws/src/install/action_tutorials_interfaces/include/action_tutorials_interfaces/action_tutorials_interfaces/action/detail/fibonacci__struct.hpp
[4.363s] -- Installing: /home/kiara/final_ws/src/install/action_tutorials_interfaces/include/action_tutorials_interfaces/action_tutorials_interfaces/action/fibonacci.hpp
[4.363s] -- Up-to-date: /home/kiara/final_ws/src/install/action_tutorials_interfaces/include/action_tutorials_interfaces/action_tutorials_interfaces/msg
[4.364s] -- Installing: /home/kiara/final_ws/src/install/action_tutorials_interfaces/include/action_tutorials_interfaces/action_tutorials_interfaces/msg/rosidl_generator_cpp__visibility_control.hpp
[4.364s] -- Up-to-date: /home/kiara/final_ws/src/install/action_tutorials_interfaces/include/action_tutorials_interfaces/action_tutorials_interfaces
[4.364s] -- Up-to-date: /home/kiara/final_ws/src/install/action_tutorials_interfaces/include/action_tutorials_interfaces/action_tutorials_interfaces/action
[4.364s] -- Up-to-date: /home/kiara/final_ws/src/install/action_tutorials_interfaces/include/action_tutorials_interfaces/action_tutorials_interfaces/action/detail
[4.364s] -- Installing: /home/kiara/final_ws/src/install/action_tutorials_interfaces/include/action_tutorials_interfaces/action_tutorials_interfaces/action/detail/fibonacci__rosidl_typesupport_fastrtps_cpp.hpp
[4.364s] -- Installing: /home/kiara/final_ws/src/install/action_tutorials_interfaces/include/action_tutorials_interfaces/action_tutorials_interfaces/action/detail/dds_fastrtps
[4.364s] -- Up-to-date: /home/kiara/final_ws/src/install/action_tutorials_interfaces/include/action_tutorials_interfaces/action_tutorials_interfaces/msg
[4.364s] -- Installing: /home/kiara/final_ws/src/install/action_tutorials_interfaces/include/action_tutorials_interfaces/action_tutorials_interfaces/msg/rosidl_typesupport_fastrtps_cpp__visibility_control.h
[4.364s] -- Installing: /home/kiara/final_ws/src/install/action_tutorials_interfaces/lib/libaction_tutorials_interfaces__rosidl_typesupport_fastrtps_cpp.so
[4.364s] -- Set runtime path of "/home/kiara/final_ws/src/install/action_tutorials_interfaces/lib/libaction_tutorials_interfaces__rosidl_typesupport_fastrtps_cpp.so" to ""
[4.364s] -- Up-to-date: /home/kiara/final_ws/src/install/action_tutorials_interfaces/include/action_tutorials_interfaces/action_tutorials_interfaces
[4.364s] -- Up-to-date: /home/kiara/final_ws/src/install/action_tutorials_interfaces/include/action_tutorials_interfaces/action_tutorials_interfaces/action
[4.365s] -- Up-to-date: /home/kiara/final_ws/src/install/action_tutorials_interfaces/include/action_tutorials_interfaces/action_tutorials_interfaces/action/detail
[4.365s] -- Installing: /home/kiara/final_ws/src/install/action_tutorials_interfaces/include/action_tutorials_interfaces/action_tutorials_interfaces/action/detail/fibonacci__rosidl_typesupport_introspection_cpp.hpp
[4.365s] -- Installing: /home/kiara/final_ws/src/install/action_tutorials_interfaces/include/action_tutorials_interfaces/action_tutorials_interfaces/action/detail/fibonacci__type_support.cpp
[4.365s] -- Installing: /home/kiara/final_ws/src/install/action_tutorials_interfaces/lib/libaction_tutorials_interfaces__rosidl_typesupport_introspection_cpp.so
[4.365s] -- Set runtime path of "/home/kiara/final_ws/src/install/action_tutorials_interfaces/lib/libaction_tutorials_interfaces__rosidl_typesupport_introspection_cpp.so" to ""
[4.365s] -- Installing: /home/kiara/final_ws/src/install/action_tutorials_interfaces/lib/libaction_tutorials_interfaces__rosidl_typesupport_cpp.so
[4.365s] -- Set runtime path of "/home/kiara/final_ws/src/install/action_tutorials_interfaces/lib/libaction_tutorials_interfaces__rosidl_typesupport_cpp.so" to ""
[4.365s] -- Installing: /home/kiara/final_ws/src/install/action_tutorials_interfaces/share/action_tutorials_interfaces/environment/pythonpath.sh
[4.365s] -- Installing: /home/kiara/final_ws/src/install/action_tutorials_interfaces/share/action_tutorials_interfaces/environment/pythonpath.dsv
[4.365s] -- Installing: /home/kiara/final_ws/src/install/action_tutorials_interfaces/local/lib/python3.10/dist-packages/action_tutorials_interfaces-0.0.0-py3.10.egg-info
[4.365s] -- Installing: /home/kiara/final_ws/src/install/action_tutorials_interfaces/local/lib/python3.10/dist-packages/action_tutorials_interfaces-0.0.0-py3.10.egg-info/SOURCES.txt
[4.365s] -- Installing: /home/kiara/final_ws/src/install/action_tutorials_interfaces/local/lib/python3.10/dist-packages/action_tutorials_interfaces-0.0.0-py3.10.egg-info/dependency_links.txt
[4.365s] -- Installing: /home/kiara/final_ws/src/install/action_tutorials_interfaces/local/lib/python3.10/dist-packages/action_tutorials_interfaces-0.0.0-py3.10.egg-info/top_level.txt
[4.366s] -- Installing: /home/kiara/final_ws/src/install/action_tutorials_interfaces/local/lib/python3.10/dist-packages/action_tutorials_interfaces-0.0.0-py3.10.egg-info/PKG-INFO
[4.366s] -- Installing: /home/kiara/final_ws/src/install/action_tutorials_interfaces/local/lib/python3.10/dist-packages/action_tutorials_interfaces
[4.366s] -- Installing: /home/kiara/final_ws/src/install/action_tutorials_interfaces/local/lib/python3.10/dist-packages/action_tutorials_interfaces/action
[4.366s] -- Installing: /home/kiara/final_ws/src/install/action_tutorials_interfaces/local/lib/python3.10/dist-packages/action_tutorials_interfaces/action/_fibonacci.py
[4.366s] -- Installing: /home/kiara/final_ws/src/install/action_tutorials_interfaces/local/lib/python3.10/dist-packages/action_tutorials_interfaces/action/_fibonacci_s.c
[4.366s] -- Installing: /home/kiara/final_ws/src/install/action_tutorials_interfaces/local/lib/python3.10/dist-packages/action_tutorials_interfaces/action/__init__.py
[4.366s] -- Installing: /home/kiara/final_ws/src/install/action_tutorials_interfaces/local/lib/python3.10/dist-packages/action_tutorials_interfaces/action_tutorials_interfaces_s__rosidl_typesupport_fastrtps_c.cpython-310-x86_64-linux-gnu.so
[4.366s] -- Installing: /home/kiara/final_ws/src/install/action_tutorials_interfaces/local/lib/python3.10/dist-packages/action_tutorials_interfaces/libaction_tutorials_interfaces__rosidl_generator_py.so
[4.366s] -- Installing: /home/kiara/final_ws/src/install/action_tutorials_interfaces/local/lib/python3.10/dist-packages/action_tutorials_interfaces/_action_tutorials_interfaces_s.ep.rosidl_typesupport_fastrtps_c.c
[4.366s] -- Installing: /home/kiara/final_ws/src/install/action_tutorials_interfaces/local/lib/python3.10/dist-packages/action_tutorials_interfaces/action_tutorials_interfaces_s__rosidl_typesupport_c.cpython-310-x86_64-linux-gnu.so
[4.366s] -- Installing: /home/kiara/final_ws/src/install/action_tutorials_interfaces/local/lib/python3.10/dist-packages/action_tutorials_interfaces/_action_tutorials_interfaces_s.ep.rosidl_typesupport_c.c
[4.366s] -- Installing: /home/kiara/final_ws/src/install/action_tutorials_interfaces/local/lib/python3.10/dist-packages/action_tutorials_interfaces/action_tutorials_interfaces_s__rosidl_typesupport_introspection_c.cpython-310-x86_64-linux-gnu.so
[4.367s] -- Installing: /home/kiara/final_ws/src/install/action_tutorials_interfaces/local/lib/python3.10/dist-packages/action_tutorials_interfaces/_action_tutorials_interfaces_s.ep.rosidl_typesupport_introspection_c.c
[4.367s] -- Installing: /home/kiara/final_ws/src/install/action_tutorials_interfaces/local/lib/python3.10/dist-packages/action_tutorials_interfaces/__init__.py
[4.394s] Listing '/home/kiara/final_ws/src/install/action_tutorials_interfaces/local/lib/python3.10/dist-packages/action_tutorials_interfaces'...
[4.394s] Compiling '/home/kiara/final_ws/src/install/action_tutorials_interfaces/local/lib/python3.10/dist-packages/action_tutorials_interfaces/__init__.py'...
[4.394s] Listing '/home/kiara/final_ws/src/install/action_tutorials_interfaces/local/lib/python3.10/dist-packages/action_tutorials_interfaces/action'...
[4.394s] Compiling '/home/kiara/final_ws/src/install/action_tutorials_interfaces/local/lib/python3.10/dist-packages/action_tutorials_interfaces/action/__init__.py'...
[4.394s] Compiling '/home/kiara/final_ws/src/install/action_tutorials_interfaces/local/lib/python3.10/dist-packages/action_tutorials_interfaces/action/_fibonacci.py'...
[4.397s] -- Installing: /home/kiara/final_ws/src/install/action_tutorials_interfaces/local/lib/python3.10/dist-packages/action_tutorials_interfaces/action_tutorials_interfaces_s__rosidl_typesupport_fastrtps_c.cpython-310-x86_64-linux-gnu.so
[4.398s] -- Set runtime path of "/home/kiara/final_ws/src/install/action_tutorials_interfaces/local/lib/python3.10/dist-packages/action_tutorials_interfaces/action_tutorials_interfaces_s__rosidl_typesupport_fastrtps_c.cpython-310-x86_64-linux-gnu.so" to ""
[4.398s] -- Installing: /home/kiara/final_ws/src/install/action_tutorials_interfaces/local/lib/python3.10/dist-packages/action_tutorials_interfaces/action_tutorials_interfaces_s__rosidl_typesupport_introspection_c.cpython-310-x86_64-linux-gnu.so
[4.398s] -- Set runtime path of "/home/kiara/final_ws/src/install/action_tutorials_interfaces/local/lib/python3.10/dist-packages/action_tutorials_interfaces/action_tutorials_interfaces_s__rosidl_typesupport_introspection_c.cpython-310-x86_64-linux-gnu.so" to ""
[4.398s] -- Installing: /home/kiara/final_ws/src/install/action_tutorials_interfaces/local/lib/python3.10/dist-packages/action_tutorials_interfaces/action_tutorials_interfaces_s__rosidl_typesupport_c.cpython-310-x86_64-linux-gnu.so
[4.399s] -- Set runtime path of "/home/kiara/final_ws/src/install/action_tutorials_interfaces/local/lib/python3.10/dist-packages/action_tutorials_interfaces/action_tutorials_interfaces_s__rosidl_typesupport_c.cpython-310-x86_64-linux-gnu.so" to ""
[4.399s] -- Installing: /home/kiara/final_ws/src/install/action_tutorials_interfaces/lib/libaction_tutorials_interfaces__rosidl_generator_py.so
[4.399s] -- Set runtime path of "/home/kiara/final_ws/src/install/action_tutorials_interfaces/lib/libaction_tutorials_interfaces__rosidl_generator_py.so" to ""
[4.399s] -- Installing: /home/kiara/final_ws/src/install/action_tutorials_interfaces/share/action_tutorials_interfaces/action/Fibonacci.idl
[4.399s] -- Installing: /home/kiara/final_ws/src/install/action_tutorials_interfaces/share/action_tutorials_interfaces/action/Fibonacci.action
[4.400s] -- Installing: /home/kiara/final_ws/src/install/action_tutorials_interfaces/share/ament_index/resource_index/package_run_dependencies/action_tutorials_interfaces
[4.400s] -- Installing: /home/kiara/final_ws/src/install/action_tutorials_interfaces/share/ament_index/resource_index/parent_prefix_path/action_tutorials_interfaces
[4.400s] -- Installing: /home/kiara/final_ws/src/install/action_tutorials_interfaces/share/action_tutorials_interfaces/environment/ament_prefix_path.sh
[4.400s] -- Installing: /home/kiara/final_ws/src/install/action_tutorials_interfaces/share/action_tutorials_interfaces/environment/ament_prefix_path.dsv
[4.400s] -- Installing: /home/kiara/final_ws/src/install/action_tutorials_interfaces/share/action_tutorials_interfaces/environment/path.sh
[4.400s] -- Installing: /home/kiara/final_ws/src/install/action_tutorials_interfaces/share/action_tutorials_interfaces/environment/path.dsv
[4.400s] -- Installing: /home/kiara/final_ws/src/install/action_tutorials_interfaces/share/action_tutorials_interfaces/local_setup.bash
[4.401s] -- Installing: /home/kiara/final_ws/src/install/action_tutorials_interfaces/share/action_tutorials_interfaces/local_setup.sh
[4.401s] -- Installing: /home/kiara/final_ws/src/install/action_tutorials_interfaces/share/action_tutorials_interfaces/local_setup.zsh
[4.401s] -- Installing: /home/kiara/final_ws/src/install/action_tutorials_interfaces/share/action_tutorials_interfaces/local_setup.dsv
[4.401s] -- Installing: /home/kiara/final_ws/src/install/action_tutorials_interfaces/share/action_tutorials_interfaces/package.dsv
[4.401s] -- Installing: /home/kiara/final_ws/src/install/action_tutorials_interfaces/share/ament_index/resource_index/packages/action_tutorials_interfaces
[4.401s] -- Installing: /home/kiara/final_ws/src/install/action_tutorials_interfaces/share/action_tutorials_interfaces/cmake/export_action_tutorials_interfaces__rosidl_generator_cExport.cmake
[4.402s] -- Installing: /home/kiara/final_ws/src/install/action_tutorials_interfaces/share/action_tutorials_interfaces/cmake/export_action_tutorials_interfaces__rosidl_generator_cExport-noconfig.cmake
[4.402s] -- Installing: /home/kiara/final_ws/src/install/action_tutorials_interfaces/share/action_tutorials_interfaces/cmake/export_action_tutorials_interfaces__rosidl_typesupport_fastrtps_cExport.cmake
[4.402s] -- Installing: /home/kiara/final_ws/src/install/action_tutorials_interfaces/share/action_tutorials_interfaces/cmake/export_action_tutorials_interfaces__rosidl_typesupport_fastrtps_cExport-noconfig.cmake
[4.402s] -- Installing: /home/kiara/final_ws/src/install/action_tutorials_interfaces/share/action_tutorials_interfaces/cmake/action_tutorials_interfaces__rosidl_typesupport_introspection_cExport.cmake
[4.402s] -- Installing: /home/kiara/final_ws/src/install/action_tutorials_interfaces/share/action_tutorials_interfaces/cmake/action_tutorials_interfaces__rosidl_typesupport_introspection_cExport-noconfig.cmake
[4.402s] -- Installing: /home/kiara/final_ws/src/install/action_tutorials_interfaces/share/action_tutorials_interfaces/cmake/action_tutorials_interfaces__rosidl_typesupport_cExport.cmake
[4.402s] -- Installing: /home/kiara/final_ws/src/install/action_tutorials_interfaces/share/action_tutorials_interfaces/cmake/action_tutorials_interfaces__rosidl_typesupport_cExport-noconfig.cmake
[4.403s] -- Installing: /home/kiara/final_ws/src/install/action_tutorials_interfaces/share/action_tutorials_interfaces/cmake/export_action_tutorials_interfaces__rosidl_generator_cppExport.cmake
[4.403s] -- Installing: /home/kiara/final_ws/src/install/action_tutorials_interfaces/share/action_tutorials_interfaces/cmake/export_action_tutorials_interfaces__rosidl_typesupport_fastrtps_cppExport.cmake
[4.403s] -- Installing: /home/kiara/final_ws/src/install/action_tutorials_interfaces/share/action_tutorials_interfaces/cmake/export_action_tutorials_interfaces__rosidl_typesupport_fastrtps_cppExport-noconfig.cmake
[4.403s] -- Installing: /home/kiara/final_ws/src/install/action_tutorials_interfaces/share/action_tutorials_interfaces/cmake/action_tutorials_interfaces__rosidl_typesupport_introspection_cppExport.cmake
[4.403s] -- Installing: /home/kiara/final_ws/src/install/action_tutorials_interfaces/share/action_tutorials_interfaces/cmake/action_tutorials_interfaces__rosidl_typesupport_introspection_cppExport-noconfig.cmake
[4.403s] -- Installing: /home/kiara/final_ws/src/install/action_tutorials_interfaces/share/action_tutorials_interfaces/cmake/action_tutorials_interfaces__rosidl_typesupport_cppExport.cmake
[4.404s] -- Installing: /home/kiara/final_ws/src/install/action_tutorials_interfaces/share/action_tutorials_interfaces/cmake/action_tutorials_interfaces__rosidl_typesupport_cppExport-noconfig.cmake
[4.404s] -- Installing: /home/kiara/final_ws/src/install/action_tutorials_interfaces/share/action_tutorials_interfaces/cmake/export_action_tutorials_interfaces__rosidl_generator_pyExport.cmake
[4.404s] -- Installing: /home/kiara/final_ws/src/install/action_tutorials_interfaces/share/action_tutorials_interfaces/cmake/export_action_tutorials_interfaces__rosidl_generator_pyExport-noconfig.cmake
[4.404s] -- Installing: /home/kiara/final_ws/src/install/action_tutorials_interfaces/share/action_tutorials_interfaces/cmake/rosidl_cmake-extras.cmake
[4.404s] -- Installing: /home/kiara/final_ws/src/install/action_tutorials_interfaces/share/action_tutorials_interfaces/cmake/ament_cmake_export_dependencies-extras.cmake
[4.404s] -- Installing: /home/kiara/final_ws/src/install/action_tutorials_interfaces/share/action_tutorials_interfaces/cmake/ament_cmake_export_include_directories-extras.cmake
[4.404s] -- Installing: /home/kiara/final_ws/src/install/action_tutorials_interfaces/share/action_tutorials_interfaces/cmake/ament_cmake_export_libraries-extras.cmake
[4.405s] -- Installing: /home/kiara/final_ws/src/install/action_tutorials_interfaces/share/action_tutorials_interfaces/cmake/ament_cmake_export_targets-extras.cmake
[4.405s] -- Installing: /home/kiara/final_ws/src/install/action_tutorials_interfaces/share/action_tutorials_interfaces/cmake/rosidl_cmake_export_typesupport_targets-extras.cmake
[4.405s] -- Installing: /home/kiara/final_ws/src/install/action_tutorials_interfaces/share/action_tutorials_interfaces/cmake/rosidl_cmake_export_typesupport_libraries-extras.cmake
[4.405s] -- Installing: /home/kiara/final_ws/src/install/action_tutorials_interfaces/share/action_tutorials_interfaces/cmake/action_tutorials_interfacesConfig.cmake
[4.405s] -- Installing: /home/kiara/final_ws/src/install/action_tutorials_interfaces/share/action_tutorials_interfaces/cmake/action_tutorials_interfacesConfig-version.cmake
[4.405s] -- Installing: /home/kiara/final_ws/src/install/action_tutorials_interfaces/share/action_tutorials_interfaces/package.xml
[4.409s] Invoked command in '/home/kiara/final_ws/src/build/action_tutorials_interfaces' returned '0': CMAKE_PREFIX_PATH=${CMAKE_PREFIX_PATH}:/home/kiara/final_ws/src/install/py_srvcli:/home/kiara/final_ws/src/install/my_robot_controller:/home/kiara/final_ws/install/py_srvcli:/home/kiara/final_ws/install/my_robot_controller:/home/kiara/ros2_ws/install/py_pubsub:/home/kiara/ros2_ws/install/launch_testing_examples:/home/kiara/ros2_ws/install/examples_rclpy_pointcloud_publisher:/home/kiara/ros2_ws/install/examples_rclpy_minimal_subscriber:/home/kiara/ros2_ws/install/examples_rclpy_minimal_service:/home/kiara/ros2_ws/install/examples_rclpy_minimal_publisher:/home/kiara/ros2_ws/install/examples_rclpy_minimal_client:/home/kiara/ros2_ws/install/examples_rclpy_minimal_action_server:/home/kiara/ros2_ws/install/examples_rclpy_minimal_action_client:/home/kiara/ros2_ws/install/examples_rclpy_guard_conditions:/home/kiara/ros2_ws/install/examples_rclpy_executors:/opt/ros/humble /usr/bin/cmake --install /home/kiara/final_ws/src/build/action_tutorials_interfaces
