[0.076s] DEBUG:colcon:Command line arguments: ['/usr/bin/colcon', 'build']
[0.076s] DEBUG:colcon:Parsed command line arguments: Namespace(log_base=None, log_level=None, verb_name='build', build_base='build', install_base='install', merge_install=False, symlink_install=False, test_result_base=None, continue_on_error=False, executor='parallel', parallel_workers=12, event_handlers=None, ignore_user_meta=False, metas=['./colcon.meta'], base_paths=['.'], packages_ignore=None, packages_ignore_regex=None, paths=None, packages_up_to=None, packages_up_to_regex=None, packages_above=None, packages_above_and_dependencies=None, packages_above_depth=None, packages_select_by_dep=None, packages_skip_by_dep=None, packages_skip_up_to=None, packages_select_build_failed=False, packages_skip_build_finished=False, packages_select_test_failures=False, packages_skip_test_passed=False, packages_select=None, packages_skip=None, packages_select_regex=None, packages_skip_regex=None, packages_start=None, packages_end=None, allow_overriding=[], cmake_args=None, cmake_target=None, cmake_target_skip_unavailable=False, cmake_clean_cache=False, cmake_clean_first=False, cmake_force_configure=False, ament_cmake_args=None, catkin_cmake_args=None, catkin_skip_building_tests=False, mixin_files=None, mixin=None, verb_parser=<colcon_mixin.mixin.mixin_argument.MixinArgumentDecorator object at 0x7ca55e565f00>, verb_extension=<colcon_core.verb.build.BuildVerb object at 0x7ca55e565480>, main=<bound method BuildVerb.main of <colcon_core.verb.build.BuildVerb object at 0x7ca55e565480>>, mixin_verb=('build',))
[0.190s] Level 1:colcon.colcon_core.package_discovery:discover_packages(colcon_meta) check parameters
[0.190s] Level 1:colcon.colcon_core.package_discovery:discover_packages(recursive) check parameters
[0.190s] Level 1:colcon.colcon_core.package_discovery:discover_packages(ignore) check parameters
[0.190s] Level 1:colcon.colcon_core.package_discovery:discover_packages(path) check parameters
[0.190s] Level 1:colcon.colcon_core.package_discovery:discover_packages(colcon_meta) discover
[0.190s] Level 1:colcon.colcon_core.package_discovery:discover_packages(recursive) discover
[0.190s] INFO:colcon.colcon_core.package_discovery:Crawling recursively for packages in '/home/kiara/final_ws/src'
[0.190s] Level 1:colcon.colcon_core.package_identification:_identify(.) by extensions ['ignore', 'ignore_ament_install']
[0.190s] Level 1:colcon.colcon_core.package_identification:_identify(.) by extension 'ignore'
[0.190s] Level 1:colcon.colcon_core.package_identification:_identify(.) by extension 'ignore_ament_install'
[0.190s] Level 1:colcon.colcon_core.package_identification:_identify(.) by extensions ['colcon_pkg']
[0.190s] Level 1:colcon.colcon_core.package_identification:_identify(.) by extension 'colcon_pkg'
[0.190s] Level 1:colcon.colcon_core.package_identification:_identify(.) by extensions ['colcon_meta']
[0.190s] Level 1:colcon.colcon_core.package_identification:_identify(.) by extension 'colcon_meta'
[0.190s] Level 1:colcon.colcon_core.package_identification:_identify(.) by extensions ['ros']
[0.190s] Level 1:colcon.colcon_core.package_identification:_identify(.) by extension 'ros'
[0.204s] Level 1:colcon.colcon_core.package_identification:_identify(.) by extensions ['cmake', 'python']
[0.204s] Level 1:colcon.colcon_core.package_identification:_identify(.) by extension 'cmake'
[0.204s] Level 1:colcon.colcon_core.package_identification:_identify(.) by extension 'python'
[0.204s] Level 1:colcon.colcon_core.package_identification:_identify(.) by extensions ['python_setup_py']
[0.204s] Level 1:colcon.colcon_core.package_identification:_identify(.) by extension 'python_setup_py'
[0.204s] Level 1:colcon.colcon_core.package_identification:_identify(build) by extensions ['ignore', 'ignore_ament_install']
[0.204s] Level 1:colcon.colcon_core.package_identification:_identify(build) by extension 'ignore'
[0.204s] Level 1:colcon.colcon_core.package_identification:_identify(build) ignored
[0.204s] Level 1:colcon.colcon_core.package_identification:_identify(cpp_srvcli) by extensions ['ignore', 'ignore_ament_install']
[0.204s] Level 1:colcon.colcon_core.package_identification:_identify(cpp_srvcli) by extension 'ignore'
[0.204s] Level 1:colcon.colcon_core.package_identification:_identify(cpp_srvcli) by extension 'ignore_ament_install'
[0.204s] Level 1:colcon.colcon_core.package_identification:_identify(cpp_srvcli) by extensions ['colcon_pkg']
[0.204s] Level 1:colcon.colcon_core.package_identification:_identify(cpp_srvcli) by extension 'colcon_pkg'
[0.204s] Level 1:colcon.colcon_core.package_identification:_identify(cpp_srvcli) by extensions ['colcon_meta']
[0.204s] Level 1:colcon.colcon_core.package_identification:_identify(cpp_srvcli) by extension 'colcon_meta'
[0.205s] Level 1:colcon.colcon_core.package_identification:_identify(cpp_srvcli) by extensions ['ros']
[0.205s] Level 1:colcon.colcon_core.package_identification:_identify(cpp_srvcli) by extension 'ros'
[0.206s] DEBUG:colcon.colcon_core.package_identification:Package 'cpp_srvcli' with type 'ros.ament_cmake' and name 'cpp_srvcli'
[0.206s] Level 1:colcon.colcon_core.package_identification:_identify(install) by extensions ['ignore', 'ignore_ament_install']
[0.207s] Level 1:colcon.colcon_core.package_identification:_identify(install) by extension 'ignore'
[0.207s] Level 1:colcon.colcon_core.package_identification:_identify(install) ignored
[0.207s] Level 1:colcon.colcon_core.package_identification:_identify(log) by extensions ['ignore', 'ignore_ament_install']
[0.207s] Level 1:colcon.colcon_core.package_identification:_identify(log) by extension 'ignore'
[0.207s] Level 1:colcon.colcon_core.package_identification:_identify(log) ignored
[0.207s] Level 1:colcon.colcon_core.package_identification:_identify(my_robot_controller) by extensions ['ignore', 'ignore_ament_install']
[0.207s] Level 1:colcon.colcon_core.package_identification:_identify(my_robot_controller) by extension 'ignore'
[0.207s] Level 1:colcon.colcon_core.package_identification:_identify(my_robot_controller) by extension 'ignore_ament_install'
[0.207s] Level 1:colcon.colcon_core.package_identification:_identify(my_robot_controller) by extensions ['colcon_pkg']
[0.207s] Level 1:colcon.colcon_core.package_identification:_identify(my_robot_controller) by extension 'colcon_pkg'
[0.207s] Level 1:colcon.colcon_core.package_identification:_identify(my_robot_controller) by extensions ['colcon_meta']
[0.207s] Level 1:colcon.colcon_core.package_identification:_identify(my_robot_controller) by extension 'colcon_meta'
[0.207s] Level 1:colcon.colcon_core.package_identification:_identify(my_robot_controller) by extensions ['ros']
[0.207s] Level 1:colcon.colcon_core.package_identification:_identify(my_robot_controller) by extension 'ros'
[0.207s] DEBUG:colcon.colcon_core.package_identification:Package 'my_robot_controller' with type 'ros.ament_python' and name 'my_robot_controller'
[0.207s] Level 1:colcon.colcon_core.package_identification:_identify(py_srvcli) by extensions ['ignore', 'ignore_ament_install']
[0.207s] Level 1:colcon.colcon_core.package_identification:_identify(py_srvcli) by extension 'ignore'
[0.208s] Level 1:colcon.colcon_core.package_identification:_identify(py_srvcli) by extension 'ignore_ament_install'
[0.208s] Level 1:colcon.colcon_core.package_identification:_identify(py_srvcli) by extensions ['colcon_pkg']
[0.208s] Level 1:colcon.colcon_core.package_identification:_identify(py_srvcli) by extension 'colcon_pkg'
[0.208s] Level 1:colcon.colcon_core.package_identification:_identify(py_srvcli) by extensions ['colcon_meta']
[0.208s] Level 1:colcon.colcon_core.package_identification:_identify(py_srvcli) by extension 'colcon_meta'
[0.208s] Level 1:colcon.colcon_core.package_identification:_identify(py_srvcli) by extensions ['ros']
[0.208s] Level 1:colcon.colcon_core.package_identification:_identify(py_srvcli) by extension 'ros'
[0.208s] DEBUG:colcon.colcon_core.package_identification:Package 'py_srvcli' with type 'ros.ament_python' and name 'py_srvcli'
[0.208s] Level 1:colcon.colcon_core.package_identification:_identify(tutorial_interfaces) by extensions ['ignore', 'ignore_ament_install']
[0.208s] Level 1:colcon.colcon_core.package_identification:_identify(tutorial_interfaces) by extension 'ignore'
[0.208s] Level 1:colcon.colcon_core.package_identification:_identify(tutorial_interfaces) by extension 'ignore_ament_install'
[0.208s] Level 1:colcon.colcon_core.package_identification:_identify(tutorial_interfaces) by extensions ['colcon_pkg']
[0.208s] Level 1:colcon.colcon_core.package_identification:_identify(tutorial_interfaces) by extension 'colcon_pkg'
[0.208s] Level 1:colcon.colcon_core.package_identification:_identify(tutorial_interfaces) by extensions ['colcon_meta']
[0.208s] Level 1:colcon.colcon_core.package_identification:_identify(tutorial_interfaces) by extension 'colcon_meta'
[0.208s] Level 1:colcon.colcon_core.package_identification:_identify(tutorial_interfaces) by extensions ['ros']
[0.208s] Level 1:colcon.colcon_core.package_identification:_identify(tutorial_interfaces) by extension 'ros'
[0.209s] DEBUG:colcon.colcon_core.package_identification:Package 'tutorial_interfaces' with type 'ros.ament_cmake' and name 'tutorial_interfaces'
[0.209s] Level 1:colcon.colcon_core.package_discovery:discover_packages(recursive) using defaults
[0.209s] Level 1:colcon.colcon_core.package_discovery:discover_packages(ignore) discover
[0.209s] Level 1:colcon.colcon_core.package_discovery:discover_packages(ignore) using defaults
[0.209s] Level 1:colcon.colcon_core.package_discovery:discover_packages(path) discover
[0.209s] Level 1:colcon.colcon_core.package_discovery:discover_packages(path) using defaults
[0.223s] Level 1:colcon.colcon_core.package_discovery:discover_packages(prefix_path) check parameters
[0.223s] Level 1:colcon.colcon_core.package_discovery:discover_packages(prefix_path) discover
[0.224s] DEBUG:colcon.colcon_installed_package_information.package_discovery:Found 4 installed packages in /home/kiara/final_ws/install
[0.225s] DEBUG:colcon.colcon_installed_package_information.package_discovery:Found 25 installed packages in /home/kiara/ros2_ws/install
[0.226s] DEBUG:colcon.colcon_installed_package_information.package_discovery:Found 294 installed packages in /opt/ros/humble
[0.228s] Level 1:colcon.colcon_core.package_discovery:discover_packages(prefix_path) using defaults
[0.252s] Level 5:colcon.colcon_core.verb:set package 'cpp_srvcli' build argument 'cmake_args' from command line to 'None'
[0.252s] Level 5:colcon.colcon_core.verb:set package 'cpp_srvcli' build argument 'cmake_target' from command line to 'None'
[0.252s] Level 5:colcon.colcon_core.verb:set package 'cpp_srvcli' build argument 'cmake_target_skip_unavailable' from command line to 'False'
[0.252s] Level 5:colcon.colcon_core.verb:set package 'cpp_srvcli' build argument 'cmake_clean_cache' from command line to 'False'
[0.252s] Level 5:colcon.colcon_core.verb:set package 'cpp_srvcli' build argument 'cmake_clean_first' from command line to 'False'
[0.252s] Level 5:colcon.colcon_core.verb:set package 'cpp_srvcli' build argument 'cmake_force_configure' from command line to 'False'
[0.252s] Level 5:colcon.colcon_core.verb:set package 'cpp_srvcli' build argument 'ament_cmake_args' from command line to 'None'
[0.252s] Level 5:colcon.colcon_core.verb:set package 'cpp_srvcli' build argument 'catkin_cmake_args' from command line to 'None'
[0.252s] Level 5:colcon.colcon_core.verb:set package 'cpp_srvcli' build argument 'catkin_skip_building_tests' from command line to 'False'
[0.252s] DEBUG:colcon.colcon_core.verb:Building package 'cpp_srvcli' with the following arguments: {'ament_cmake_args': None, 'build_base': '/home/kiara/final_ws/src/build/cpp_srvcli', 'catkin_cmake_args': None, 'catkin_skip_building_tests': False, 'cmake_args': None, 'cmake_clean_cache': False, 'cmake_clean_first': False, 'cmake_force_configure': False, 'cmake_target': None, 'cmake_target_skip_unavailable': False, 'install_base': '/home/kiara/final_ws/src/install/cpp_srvcli', 'merge_install': False, 'path': '/home/kiara/final_ws/src/cpp_srvcli', 'symlink_install': False, 'test_result_base': None}
[0.252s] Level 5:colcon.colcon_core.verb:set package 'my_robot_controller' build argument 'cmake_args' from command line to 'None'
[0.252s] Level 5:colcon.colcon_core.verb:set package 'my_robot_controller' build argument 'cmake_target' from command line to 'None'
[0.252s] Level 5:colcon.colcon_core.verb:set package 'my_robot_controller' build argument 'cmake_target_skip_unavailable' from command line to 'False'
[0.252s] Level 5:colcon.colcon_core.verb:set package 'my_robot_controller' build argument 'cmake_clean_cache' from command line to 'False'
[0.252s] Level 5:colcon.colcon_core.verb:set package 'my_robot_controller' build argument 'cmake_clean_first' from command line to 'False'
[0.253s] Level 5:colcon.colcon_core.verb:set package 'my_robot_controller' build argument 'cmake_force_configure' from command line to 'False'
[0.253s] Level 5:colcon.colcon_core.verb:set package 'my_robot_controller' build argument 'ament_cmake_args' from command line to 'None'
[0.253s] Level 5:colcon.colcon_core.verb:set package 'my_robot_controller' build argument 'catkin_cmake_args' from command line to 'None'
[0.253s] Level 5:colcon.colcon_core.verb:set package 'my_robot_controller' build argument 'catkin_skip_building_tests' from command line to 'False'
[0.253s] DEBUG:colcon.colcon_core.verb:Building package 'my_robot_controller' with the following arguments: {'ament_cmake_args': None, 'build_base': '/home/kiara/final_ws/src/build/my_robot_controller', 'catkin_cmake_args': None, 'catkin_skip_building_tests': False, 'cmake_args': None, 'cmake_clean_cache': False, 'cmake_clean_first': False, 'cmake_force_configure': False, 'cmake_target': None, 'cmake_target_skip_unavailable': False, 'install_base': '/home/kiara/final_ws/src/install/my_robot_controller', 'merge_install': False, 'path': '/home/kiara/final_ws/src/my_robot_controller', 'symlink_install': False, 'test_result_base': None}
[0.253s] Level 5:colcon.colcon_core.verb:set package 'py_srvcli' build argument 'cmake_args' from command line to 'None'
[0.253s] Level 5:colcon.colcon_core.verb:set package 'py_srvcli' build argument 'cmake_target' from command line to 'None'
[0.253s] Level 5:colcon.colcon_core.verb:set package 'py_srvcli' build argument 'cmake_target_skip_unavailable' from command line to 'False'
[0.253s] Level 5:colcon.colcon_core.verb:set package 'py_srvcli' build argument 'cmake_clean_cache' from command line to 'False'
[0.253s] Level 5:colcon.colcon_core.verb:set package 'py_srvcli' build argument 'cmake_clean_first' from command line to 'False'
[0.253s] Level 5:colcon.colcon_core.verb:set package 'py_srvcli' build argument 'cmake_force_configure' from command line to 'False'
[0.253s] Level 5:colcon.colcon_core.verb:set package 'py_srvcli' build argument 'ament_cmake_args' from command line to 'None'
[0.253s] Level 5:colcon.colcon_core.verb:set package 'py_srvcli' build argument 'catkin_cmake_args' from command line to 'None'
[0.253s] Level 5:colcon.colcon_core.verb:set package 'py_srvcli' build argument 'catkin_skip_building_tests' from command line to 'False'
[0.253s] DEBUG:colcon.colcon_core.verb:Building package 'py_srvcli' with the following arguments: {'ament_cmake_args': None, 'build_base': '/home/kiara/final_ws/src/build/py_srvcli', 'catkin_cmake_args': None, 'catkin_skip_building_tests': False, 'cmake_args': None, 'cmake_clean_cache': False, 'cmake_clean_first': False, 'cmake_force_configure': False, 'cmake_target': None, 'cmake_target_skip_unavailable': False, 'install_base': '/home/kiara/final_ws/src/install/py_srvcli', 'merge_install': False, 'path': '/home/kiara/final_ws/src/py_srvcli', 'symlink_install': False, 'test_result_base': None}
[0.253s] Level 5:colcon.colcon_core.verb:set package 'tutorial_interfaces' build argument 'cmake_args' from command line to 'None'
[0.253s] Level 5:colcon.colcon_core.verb:set package 'tutorial_interfaces' build argument 'cmake_target' from command line to 'None'
[0.253s] Level 5:colcon.colcon_core.verb:set package 'tutorial_interfaces' build argument 'cmake_target_skip_unavailable' from command line to 'False'
[0.253s] Level 5:colcon.colcon_core.verb:set package 'tutorial_interfaces' build argument 'cmake_clean_cache' from command line to 'False'
[0.253s] Level 5:colcon.colcon_core.verb:set package 'tutorial_interfaces' build argument 'cmake_clean_first' from command line to 'False'
[0.253s] Level 5:colcon.colcon_core.verb:set package 'tutorial_interfaces' build argument 'cmake_force_configure' from command line to 'False'
[0.253s] Level 5:colcon.colcon_core.verb:set package 'tutorial_interfaces' build argument 'ament_cmake_args' from command line to 'None'
[0.253s] Level 5:colcon.colcon_core.verb:set package 'tutorial_interfaces' build argument 'catkin_cmake_args' from command line to 'None'
[0.253s] Level 5:colcon.colcon_core.verb:set package 'tutorial_interfaces' build argument 'catkin_skip_building_tests' from command line to 'False'
[0.253s] DEBUG:colcon.colcon_core.verb:Building package 'tutorial_interfaces' with the following arguments: {'ament_cmake_args': None, 'build_base': '/home/kiara/final_ws/src/build/tutorial_interfaces', 'catkin_cmake_args': None, 'catkin_skip_building_tests': False, 'cmake_args': None, 'cmake_clean_cache': False, 'cmake_clean_first': False, 'cmake_force_configure': False, 'cmake_target': None, 'cmake_target_skip_unavailable': False, 'install_base': '/home/kiara/final_ws/src/install/tutorial_interfaces', 'merge_install': False, 'path': '/home/kiara/final_ws/src/tutorial_interfaces', 'symlink_install': False, 'test_result_base': None}
[0.253s] INFO:colcon.colcon_core.executor:Executing jobs using 'parallel' executor
[0.254s] DEBUG:colcon.colcon_parallel_executor.executor.parallel:run_until_complete
[0.254s] INFO:colcon.colcon_ros.task.ament_cmake.build:Building ROS package in '/home/kiara/final_ws/src/cpp_srvcli' with build type 'ament_cmake'
[0.254s] INFO:colcon.colcon_cmake.task.cmake.build:Building CMake package in '/home/kiara/final_ws/src/cpp_srvcli'
[0.256s] INFO:colcon.colcon_core.plugin_system:Skipping extension 'colcon_core.shell.bat': Not used on non-Windows systems
[0.256s] INFO:colcon.colcon_core.shell:Skip shell extension 'powershell' for command environment: Not usable outside of PowerShell
[0.256s] DEBUG:colcon.colcon_core.shell:Skip shell extension 'dsv' for command environment
[0.259s] INFO:colcon.colcon_ros.task.ament_python.build:Building ROS package in '/home/kiara/final_ws/src/my_robot_controller' with build type 'ament_python'
[0.259s] Level 1:colcon.colcon_core.shell:create_environment_hook('my_robot_controller', 'ament_prefix_path')
[0.260s] INFO:colcon.colcon_core.shell:Creating environment hook '/home/kiara/final_ws/src/install/my_robot_controller/share/my_robot_controller/hook/ament_prefix_path.ps1'
[0.260s] INFO:colcon.colcon_core.shell:Creating environment descriptor '/home/kiara/final_ws/src/install/my_robot_controller/share/my_robot_controller/hook/ament_prefix_path.dsv'
[0.260s] INFO:colcon.colcon_core.shell:Creating environment hook '/home/kiara/final_ws/src/install/my_robot_controller/share/my_robot_controller/hook/ament_prefix_path.sh'
[0.261s] INFO:colcon.colcon_core.shell:Skip shell extension 'powershell' for command environment: Not usable outside of PowerShell
[0.261s] DEBUG:colcon.colcon_core.shell:Skip shell extension 'dsv' for command environment
[0.263s] INFO:colcon.colcon_ros.task.ament_python.build:Building ROS package in '/home/kiara/final_ws/src/py_srvcli' with build type 'ament_python'
[0.264s] Level 1:colcon.colcon_core.shell:create_environment_hook('py_srvcli', 'ament_prefix_path')
[0.264s] INFO:colcon.colcon_core.shell:Creating environment hook '/home/kiara/final_ws/src/install/py_srvcli/share/py_srvcli/hook/ament_prefix_path.ps1'
[0.264s] INFO:colcon.colcon_core.shell:Creating environment descriptor '/home/kiara/final_ws/src/install/py_srvcli/share/py_srvcli/hook/ament_prefix_path.dsv'
[0.264s] INFO:colcon.colcon_core.shell:Creating environment hook '/home/kiara/final_ws/src/install/py_srvcli/share/py_srvcli/hook/ament_prefix_path.sh'
[0.264s] INFO:colcon.colcon_core.shell:Skip shell extension 'powershell' for command environment: Not usable outside of PowerShell
[0.265s] DEBUG:colcon.colcon_core.shell:Skip shell extension 'dsv' for command environment
[0.267s] INFO:colcon.colcon_ros.task.ament_cmake.build:Building ROS package in '/home/kiara/final_ws/src/tutorial_interfaces' with build type 'ament_cmake'
[0.267s] INFO:colcon.colcon_cmake.task.cmake.build:Building CMake package in '/home/kiara/final_ws/src/tutorial_interfaces'
[0.267s] INFO:colcon.colcon_core.shell:Skip shell extension 'powershell' for command environment: Not usable outside of PowerShell
[0.267s] DEBUG:colcon.colcon_core.shell:Skip shell extension 'dsv' for command environment
[0.274s] DEBUG:colcon.colcon_core.event_handler.log_command:Invoking command in '/home/kiara/final_ws/src/build/cpp_srvcli': CMAKE_PREFIX_PATH=${CMAKE_PREFIX_PATH}:/home/kiara/final_ws/install/py_srvcli:/home/kiara/final_ws/install/my_robot_controller:/home/kiara/ros2_ws/install/py_pubsub:/home/kiara/ros2_ws/install/launch_testing_examples:/home/kiara/ros2_ws/install/examples_rclpy_pointcloud_publisher:/home/kiara/ros2_ws/install/examples_rclpy_minimal_subscriber:/home/kiara/ros2_ws/install/examples_rclpy_minimal_service:/home/kiara/ros2_ws/install/examples_rclpy_minimal_publisher:/home/kiara/ros2_ws/install/examples_rclpy_minimal_client:/home/kiara/ros2_ws/install/examples_rclpy_minimal_action_server:/home/kiara/ros2_ws/install/examples_rclpy_minimal_action_client:/home/kiara/ros2_ws/install/examples_rclpy_guard_conditions:/home/kiara/ros2_ws/install/examples_rclpy_executors:/opt/ros/humble /usr/bin/cmake /home/kiara/final_ws/src/cpp_srvcli -DCMAKE_INSTALL_PREFIX=/home/kiara/final_ws/src/install/cpp_srvcli
[0.473s] INFO:colcon.colcon_core.task.python.build:Building Python package in '/home/kiara/final_ws/src/my_robot_controller'
[0.474s] INFO:colcon.colcon_core.shell:Skip shell extension 'powershell' for command environment: Not usable outside of PowerShell
[0.474s] DEBUG:colcon.colcon_core.shell:Skip shell extension 'dsv' for command environment
[0.686s] INFO:colcon.colcon_core.task.python.build:Building Python package in '/home/kiara/final_ws/src/py_srvcli'
[0.687s] INFO:colcon.colcon_core.shell:Skip shell extension 'powershell' for command environment: Not usable outside of PowerShell
[0.687s] DEBUG:colcon.colcon_core.shell:Skip shell extension 'dsv' for command environment
[0.710s] DEBUG:colcon.colcon_core.event_handler.log_command:Invoking command in '/home/kiara/final_ws/src/build/tutorial_interfaces': CMAKE_PREFIX_PATH=${CMAKE_PREFIX_PATH}:/home/kiara/final_ws/install/py_srvcli:/home/kiara/final_ws/install/my_robot_controller:/home/kiara/ros2_ws/install/py_pubsub:/home/kiara/ros2_ws/install/launch_testing_examples:/home/kiara/ros2_ws/install/examples_rclpy_pointcloud_publisher:/home/kiara/ros2_ws/install/examples_rclpy_minimal_subscriber:/home/kiara/ros2_ws/install/examples_rclpy_minimal_service:/home/kiara/ros2_ws/install/examples_rclpy_minimal_publisher:/home/kiara/ros2_ws/install/examples_rclpy_minimal_client:/home/kiara/ros2_ws/install/examples_rclpy_minimal_action_server:/home/kiara/ros2_ws/install/examples_rclpy_minimal_action_client:/home/kiara/ros2_ws/install/examples_rclpy_guard_conditions:/home/kiara/ros2_ws/install/examples_rclpy_executors:/opt/ros/humble /usr/bin/cmake /home/kiara/final_ws/src/tutorial_interfaces -DCMAKE_INSTALL_PREFIX=/home/kiara/final_ws/src/install/tutorial_interfaces
[1.038s] DEBUG:colcon.colcon_core.event_handler.log_command:Invoking command in '/home/kiara/final_ws/src/py_srvcli': PYTHONPATH=/home/kiara/final_ws/src/build/py_srvcli/prefix_override:/usr/lib/python3/dist-packages/colcon_core/task/python/colcon_distutils_commands:/home/kiara/final_ws/src/install/py_srvcli/lib/python3.10/site-packages:${PYTHONPATH} /usr/bin/python3 -W ignore:setup.py install is deprecated -W ignore:easy_install command is deprecated setup.py egg_info --egg-base ../build/py_srvcli build --build-base /home/kiara/final_ws/src/build/py_srvcli/build install --record /home/kiara/final_ws/src/build/py_srvcli/install.log --single-version-externally-managed install_data
[1.263s] DEBUG:colcon.colcon_core.event_handler.log_command:Invoked command in '/home/kiara/final_ws/src/py_srvcli' returned '0': PYTHONPATH=/home/kiara/final_ws/src/build/py_srvcli/prefix_override:/usr/lib/python3/dist-packages/colcon_core/task/python/colcon_distutils_commands:/home/kiara/final_ws/src/install/py_srvcli/lib/python3.10/site-packages:${PYTHONPATH} /usr/bin/python3 -W ignore:setup.py install is deprecated -W ignore:easy_install command is deprecated setup.py egg_info --egg-base ../build/py_srvcli build --build-base /home/kiara/final_ws/src/build/py_srvcli/build install --record /home/kiara/final_ws/src/build/py_srvcli/install.log --single-version-externally-managed install_data
[1.266s] Level 1:colcon.colcon_core.environment:checking '/home/kiara/final_ws/src/install/py_srvcli' for CMake module files
[1.266s] Level 1:colcon.colcon_core.environment:checking '/home/kiara/final_ws/src/install/py_srvcli' for CMake config files
[1.267s] Level 1:colcon.colcon_core.environment:checking '/home/kiara/final_ws/src/install/py_srvcli/lib'
[1.267s] Level 1:colcon.colcon_core.environment:checking '/home/kiara/final_ws/src/install/py_srvcli/bin'
[1.268s] Level 1:colcon.colcon_core.environment:checking '/home/kiara/final_ws/src/install/py_srvcli/lib/pkgconfig/py_srvcli.pc'
[1.268s] Level 1:colcon.colcon_core.environment:checking '/home/kiara/final_ws/src/install/py_srvcli/lib/python3.10/site-packages'
[1.268s] Level 1:colcon.colcon_core.shell:create_environment_hook('py_srvcli', 'pythonpath')
[1.268s] INFO:colcon.colcon_core.shell:Creating environment hook '/home/kiara/final_ws/src/install/py_srvcli/share/py_srvcli/hook/pythonpath.ps1'
[1.269s] INFO:colcon.colcon_core.shell:Creating environment descriptor '/home/kiara/final_ws/src/install/py_srvcli/share/py_srvcli/hook/pythonpath.dsv'
[1.269s] INFO:colcon.colcon_core.shell:Creating environment hook '/home/kiara/final_ws/src/install/py_srvcli/share/py_srvcli/hook/pythonpath.sh'
[1.270s] Level 1:colcon.colcon_core.environment:checking '/home/kiara/final_ws/src/install/py_srvcli/bin'
[1.270s] Level 1:colcon.colcon_core.environment:create_environment_scripts_only(py_srvcli)
[1.271s] INFO:colcon.colcon_core.shell:Creating package script '/home/kiara/final_ws/src/install/py_srvcli/share/py_srvcli/package.ps1'
[1.272s] INFO:colcon.colcon_core.shell:Creating package descriptor '/home/kiara/final_ws/src/install/py_srvcli/share/py_srvcli/package.dsv'
[1.273s] INFO:colcon.colcon_core.shell:Creating package script '/home/kiara/final_ws/src/install/py_srvcli/share/py_srvcli/package.sh'
[1.274s] INFO:colcon.colcon_core.shell:Creating package script '/home/kiara/final_ws/src/install/py_srvcli/share/py_srvcli/package.bash'
[1.275s] INFO:colcon.colcon_core.shell:Creating package script '/home/kiara/final_ws/src/install/py_srvcli/share/py_srvcli/package.zsh'
[1.276s] Level 1:colcon.colcon_core.environment:create_file_with_runtime_dependencies(/home/kiara/final_ws/src/install/py_srvcli/share/colcon-core/packages/py_srvcli)
[1.283s] DEBUG:colcon.colcon_core.event_handler.log_command:Invoking command in '/home/kiara/final_ws/src/my_robot_controller': PYTHONPATH=/home/kiara/final_ws/src/build/my_robot_controller/prefix_override:/usr/lib/python3/dist-packages/colcon_core/task/python/colcon_distutils_commands:/home/kiara/final_ws/src/install/my_robot_controller/lib/python3.10/site-packages:${PYTHONPATH} /usr/bin/python3 -W ignore:setup.py install is deprecated -W ignore:easy_install command is deprecated setup.py egg_info --egg-base ../build/my_robot_controller build --build-base /home/kiara/final_ws/src/build/my_robot_controller/build install --record /home/kiara/final_ws/src/build/my_robot_controller/install.log --single-version-externally-managed install_data
[1.520s] Level 1:colcon.colcon_core.environment:checking '/home/kiara/final_ws/src/install/my_robot_controller' for CMake module files
[1.521s] DEBUG:colcon.colcon_core.event_handler.log_command:Invoked command in '/home/kiara/final_ws/src/my_robot_controller' returned '0': PYTHONPATH=/home/kiara/final_ws/src/build/my_robot_controller/prefix_override:/usr/lib/python3/dist-packages/colcon_core/task/python/colcon_distutils_commands:/home/kiara/final_ws/src/install/my_robot_controller/lib/python3.10/site-packages:${PYTHONPATH} /usr/bin/python3 -W ignore:setup.py install is deprecated -W ignore:easy_install command is deprecated setup.py egg_info --egg-base ../build/my_robot_controller build --build-base /home/kiara/final_ws/src/build/my_robot_controller/build install --record /home/kiara/final_ws/src/build/my_robot_controller/install.log --single-version-externally-managed install_data
[1.521s] Level 1:colcon.colcon_core.environment:checking '/home/kiara/final_ws/src/install/my_robot_controller' for CMake config files
[1.522s] Level 1:colcon.colcon_core.environment:checking '/home/kiara/final_ws/src/install/my_robot_controller/lib'
[1.522s] Level 1:colcon.colcon_core.environment:checking '/home/kiara/final_ws/src/install/my_robot_controller/bin'
[1.522s] Level 1:colcon.colcon_core.environment:checking '/home/kiara/final_ws/src/install/my_robot_controller/lib/pkgconfig/my_robot_controller.pc'
[1.522s] Level 1:colcon.colcon_core.environment:checking '/home/kiara/final_ws/src/install/my_robot_controller/lib/python3.10/site-packages'
[1.522s] Level 1:colcon.colcon_core.shell:create_environment_hook('my_robot_controller', 'pythonpath')
[1.522s] INFO:colcon.colcon_core.shell:Creating environment hook '/home/kiara/final_ws/src/install/my_robot_controller/share/my_robot_controller/hook/pythonpath.ps1'
[1.522s] INFO:colcon.colcon_core.shell:Creating environment descriptor '/home/kiara/final_ws/src/install/my_robot_controller/share/my_robot_controller/hook/pythonpath.dsv'
[1.523s] INFO:colcon.colcon_core.shell:Creating environment hook '/home/kiara/final_ws/src/install/my_robot_controller/share/my_robot_controller/hook/pythonpath.sh'
[1.523s] Level 1:colcon.colcon_core.environment:checking '/home/kiara/final_ws/src/install/my_robot_controller/bin'
[1.523s] Level 1:colcon.colcon_core.environment:create_environment_scripts_only(my_robot_controller)
[1.523s] INFO:colcon.colcon_core.shell:Creating package script '/home/kiara/final_ws/src/install/my_robot_controller/share/my_robot_controller/package.ps1'
[1.523s] INFO:colcon.colcon_core.shell:Creating package descriptor '/home/kiara/final_ws/src/install/my_robot_controller/share/my_robot_controller/package.dsv'
[1.524s] INFO:colcon.colcon_core.shell:Creating package script '/home/kiara/final_ws/src/install/my_robot_controller/share/my_robot_controller/package.sh'
[1.524s] INFO:colcon.colcon_core.shell:Creating package script '/home/kiara/final_ws/src/install/my_robot_controller/share/my_robot_controller/package.bash'
[1.524s] INFO:colcon.colcon_core.shell:Creating package script '/home/kiara/final_ws/src/install/my_robot_controller/share/my_robot_controller/package.zsh'
[1.524s] Level 1:colcon.colcon_core.environment:create_file_with_runtime_dependencies(/home/kiara/final_ws/src/install/my_robot_controller/share/colcon-core/packages/my_robot_controller)
[1.893s] DEBUG:colcon.colcon_core.event_handler.log_command:Invoked command in '/home/kiara/final_ws/src/build/cpp_srvcli' returned '0': CMAKE_PREFIX_PATH=${CMAKE_PREFIX_PATH}:/home/kiara/final_ws/install/py_srvcli:/home/kiara/final_ws/install/my_robot_controller:/home/kiara/ros2_ws/install/py_pubsub:/home/kiara/ros2_ws/install/launch_testing_examples:/home/kiara/ros2_ws/install/examples_rclpy_pointcloud_publisher:/home/kiara/ros2_ws/install/examples_rclpy_minimal_subscriber:/home/kiara/ros2_ws/install/examples_rclpy_minimal_service:/home/kiara/ros2_ws/install/examples_rclpy_minimal_publisher:/home/kiara/ros2_ws/install/examples_rclpy_minimal_client:/home/kiara/ros2_ws/install/examples_rclpy_minimal_action_server:/home/kiara/ros2_ws/install/examples_rclpy_minimal_action_client:/home/kiara/ros2_ws/install/examples_rclpy_guard_conditions:/home/kiara/ros2_ws/install/examples_rclpy_executors:/opt/ros/humble /usr/bin/cmake /home/kiara/final_ws/src/cpp_srvcli -DCMAKE_INSTALL_PREFIX=/home/kiara/final_ws/src/install/cpp_srvcli
[1.895s] DEBUG:colcon.colcon_core.event_handler.log_command:Invoking command in '/home/kiara/final_ws/src/build/cpp_srvcli': CMAKE_PREFIX_PATH=${CMAKE_PREFIX_PATH}:/home/kiara/final_ws/install/py_srvcli:/home/kiara/final_ws/install/my_robot_controller:/home/kiara/ros2_ws/install/py_pubsub:/home/kiara/ros2_ws/install/launch_testing_examples:/home/kiara/ros2_ws/install/examples_rclpy_pointcloud_publisher:/home/kiara/ros2_ws/install/examples_rclpy_minimal_subscriber:/home/kiara/ros2_ws/install/examples_rclpy_minimal_service:/home/kiara/ros2_ws/install/examples_rclpy_minimal_publisher:/home/kiara/ros2_ws/install/examples_rclpy_minimal_client:/home/kiara/ros2_ws/install/examples_rclpy_minimal_action_server:/home/kiara/ros2_ws/install/examples_rclpy_minimal_action_client:/home/kiara/ros2_ws/install/examples_rclpy_guard_conditions:/home/kiara/ros2_ws/install/examples_rclpy_executors:/opt/ros/humble /usr/bin/cmake --build /home/kiara/final_ws/src/build/cpp_srvcli -- -j12 -l12
[1.936s] DEBUG:colcon.colcon_core.event_handler.log_command:Invoked command in '/home/kiara/final_ws/src/build/cpp_srvcli' returned '0': CMAKE_PREFIX_PATH=${CMAKE_PREFIX_PATH}:/home/kiara/final_ws/install/py_srvcli:/home/kiara/final_ws/install/my_robot_controller:/home/kiara/ros2_ws/install/py_pubsub:/home/kiara/ros2_ws/install/launch_testing_examples:/home/kiara/ros2_ws/install/examples_rclpy_pointcloud_publisher:/home/kiara/ros2_ws/install/examples_rclpy_minimal_subscriber:/home/kiara/ros2_ws/install/examples_rclpy_minimal_service:/home/kiara/ros2_ws/install/examples_rclpy_minimal_publisher:/home/kiara/ros2_ws/install/examples_rclpy_minimal_client:/home/kiara/ros2_ws/install/examples_rclpy_minimal_action_server:/home/kiara/ros2_ws/install/examples_rclpy_minimal_action_client:/home/kiara/ros2_ws/install/examples_rclpy_guard_conditions:/home/kiara/ros2_ws/install/examples_rclpy_executors:/opt/ros/humble /usr/bin/cmake --build /home/kiara/final_ws/src/build/cpp_srvcli -- -j12 -l12
[1.949s] DEBUG:colcon.colcon_core.event_handler.log_command:Invoking command in '/home/kiara/final_ws/src/build/cpp_srvcli': CMAKE_PREFIX_PATH=${CMAKE_PREFIX_PATH}:/home/kiara/final_ws/install/py_srvcli:/home/kiara/final_ws/install/my_robot_controller:/home/kiara/ros2_ws/install/py_pubsub:/home/kiara/ros2_ws/install/launch_testing_examples:/home/kiara/ros2_ws/install/examples_rclpy_pointcloud_publisher:/home/kiara/ros2_ws/install/examples_rclpy_minimal_subscriber:/home/kiara/ros2_ws/install/examples_rclpy_minimal_service:/home/kiara/ros2_ws/install/examples_rclpy_minimal_publisher:/home/kiara/ros2_ws/install/examples_rclpy_minimal_client:/home/kiara/ros2_ws/install/examples_rclpy_minimal_action_server:/home/kiara/ros2_ws/install/examples_rclpy_minimal_action_client:/home/kiara/ros2_ws/install/examples_rclpy_guard_conditions:/home/kiara/ros2_ws/install/examples_rclpy_executors:/opt/ros/humble /usr/bin/cmake --install /home/kiara/final_ws/src/build/cpp_srvcli
[1.961s] Level 1:colcon.colcon_core.environment:create_environment_scripts_only(cpp_srvcli)
[1.962s] Level 1:colcon.colcon_core.environment:checking '/home/kiara/final_ws/src/install/cpp_srvcli' for CMake module files
[1.962s] DEBUG:colcon.colcon_core.event_handler.log_command:Invoked command in '/home/kiara/final_ws/src/build/cpp_srvcli' returned '0': CMAKE_PREFIX_PATH=${CMAKE_PREFIX_PATH}:/home/kiara/final_ws/install/py_srvcli:/home/kiara/final_ws/install/my_robot_controller:/home/kiara/ros2_ws/install/py_pubsub:/home/kiara/ros2_ws/install/launch_testing_examples:/home/kiara/ros2_ws/install/examples_rclpy_pointcloud_publisher:/home/kiara/ros2_ws/install/examples_rclpy_minimal_subscriber:/home/kiara/ros2_ws/install/examples_rclpy_minimal_service:/home/kiara/ros2_ws/install/examples_rclpy_minimal_publisher:/home/kiara/ros2_ws/install/examples_rclpy_minimal_client:/home/kiara/ros2_ws/install/examples_rclpy_minimal_action_server:/home/kiara/ros2_ws/install/examples_rclpy_minimal_action_client:/home/kiara/ros2_ws/install/examples_rclpy_guard_conditions:/home/kiara/ros2_ws/install/examples_rclpy_executors:/opt/ros/humble /usr/bin/cmake --install /home/kiara/final_ws/src/build/cpp_srvcli
[1.962s] Level 1:colcon.colcon_core.environment:checking '/home/kiara/final_ws/src/install/cpp_srvcli' for CMake config files
[1.963s] Level 1:colcon.colcon_core.shell:create_environment_hook('cpp_srvcli', 'cmake_prefix_path')
[1.963s] INFO:colcon.colcon_core.shell:Creating environment hook '/home/kiara/final_ws/src/install/cpp_srvcli/share/cpp_srvcli/hook/cmake_prefix_path.ps1'
[1.964s] INFO:colcon.colcon_core.shell:Creating environment descriptor '/home/kiara/final_ws/src/install/cpp_srvcli/share/cpp_srvcli/hook/cmake_prefix_path.dsv'
[1.964s] INFO:colcon.colcon_core.shell:Creating environment hook '/home/kiara/final_ws/src/install/cpp_srvcli/share/cpp_srvcli/hook/cmake_prefix_path.sh'
[1.965s] Level 1:colcon.colcon_core.environment:checking '/home/kiara/final_ws/src/install/cpp_srvcli/bin'
[1.965s] Level 1:colcon.colcon_core.environment:checking '/home/kiara/final_ws/src/install/cpp_srvcli/lib/pkgconfig/cpp_srvcli.pc'
[1.965s] Level 1:colcon.colcon_core.environment:checking '/home/kiara/final_ws/src/install/cpp_srvcli/lib/python3.10/site-packages'
[1.965s] Level 1:colcon.colcon_core.environment:checking '/home/kiara/final_ws/src/install/cpp_srvcli/bin'
[1.966s] INFO:colcon.colcon_core.shell:Creating package script '/home/kiara/final_ws/src/install/cpp_srvcli/share/cpp_srvcli/package.ps1'
[1.966s] INFO:colcon.colcon_core.shell:Creating package descriptor '/home/kiara/final_ws/src/install/cpp_srvcli/share/cpp_srvcli/package.dsv'
[1.967s] INFO:colcon.colcon_core.shell:Creating package script '/home/kiara/final_ws/src/install/cpp_srvcli/share/cpp_srvcli/package.sh'
[1.967s] INFO:colcon.colcon_core.shell:Creating package script '/home/kiara/final_ws/src/install/cpp_srvcli/share/cpp_srvcli/package.bash'
[1.968s] INFO:colcon.colcon_core.shell:Creating package script '/home/kiara/final_ws/src/install/cpp_srvcli/share/cpp_srvcli/package.zsh'
[1.968s] Level 1:colcon.colcon_core.environment:create_file_with_runtime_dependencies(/home/kiara/final_ws/src/install/cpp_srvcli/share/colcon-core/packages/cpp_srvcli)
[1.969s] Level 1:colcon.colcon_core.environment:create_environment_scripts_only(cpp_srvcli)
[1.969s] Level 1:colcon.colcon_core.environment:checking '/home/kiara/final_ws/src/install/cpp_srvcli' for CMake module files
[1.969s] Level 1:colcon.colcon_core.environment:checking '/home/kiara/final_ws/src/install/cpp_srvcli' for CMake config files
[1.970s] Level 1:colcon.colcon_core.shell:create_environment_hook('cpp_srvcli', 'cmake_prefix_path')
[1.970s] INFO:colcon.colcon_core.shell:Creating environment hook '/home/kiara/final_ws/src/install/cpp_srvcli/share/cpp_srvcli/hook/cmake_prefix_path.ps1'
[1.970s] INFO:colcon.colcon_core.shell:Creating environment descriptor '/home/kiara/final_ws/src/install/cpp_srvcli/share/cpp_srvcli/hook/cmake_prefix_path.dsv'
[1.971s] INFO:colcon.colcon_core.shell:Creating environment hook '/home/kiara/final_ws/src/install/cpp_srvcli/share/cpp_srvcli/hook/cmake_prefix_path.sh'
[1.971s] Level 1:colcon.colcon_core.environment:checking '/home/kiara/final_ws/src/install/cpp_srvcli/bin'
[1.972s] Level 1:colcon.colcon_core.environment:checking '/home/kiara/final_ws/src/install/cpp_srvcli/lib/pkgconfig/cpp_srvcli.pc'
[1.972s] Level 1:colcon.colcon_core.environment:checking '/home/kiara/final_ws/src/install/cpp_srvcli/lib/python3.10/site-packages'
[1.972s] Level 1:colcon.colcon_core.environment:checking '/home/kiara/final_ws/src/install/cpp_srvcli/bin'
[1.972s] INFO:colcon.colcon_core.shell:Creating package script '/home/kiara/final_ws/src/install/cpp_srvcli/share/cpp_srvcli/package.ps1'
[1.973s] INFO:colcon.colcon_core.shell:Creating package descriptor '/home/kiara/final_ws/src/install/cpp_srvcli/share/cpp_srvcli/package.dsv'
[1.973s] INFO:colcon.colcon_core.shell:Creating package script '/home/kiara/final_ws/src/install/cpp_srvcli/share/cpp_srvcli/package.sh'
[1.973s] INFO:colcon.colcon_core.shell:Creating package script '/home/kiara/final_ws/src/install/cpp_srvcli/share/cpp_srvcli/package.bash'
[1.974s] INFO:colcon.colcon_core.shell:Creating package script '/home/kiara/final_ws/src/install/cpp_srvcli/share/cpp_srvcli/package.zsh'
[1.974s] Level 1:colcon.colcon_core.environment:create_file_with_runtime_dependencies(/home/kiara/final_ws/src/install/cpp_srvcli/share/colcon-core/packages/cpp_srvcli)
[2.824s] DEBUG:colcon.colcon_core.event_handler.log_command:Invoked command in '/home/kiara/final_ws/src/build/tutorial_interfaces' returned '0': CMAKE_PREFIX_PATH=${CMAKE_PREFIX_PATH}:/home/kiara/final_ws/install/py_srvcli:/home/kiara/final_ws/install/my_robot_controller:/home/kiara/ros2_ws/install/py_pubsub:/home/kiara/ros2_ws/install/launch_testing_examples:/home/kiara/ros2_ws/install/examples_rclpy_pointcloud_publisher:/home/kiara/ros2_ws/install/examples_rclpy_minimal_subscriber:/home/kiara/ros2_ws/install/examples_rclpy_minimal_service:/home/kiara/ros2_ws/install/examples_rclpy_minimal_publisher:/home/kiara/ros2_ws/install/examples_rclpy_minimal_client:/home/kiara/ros2_ws/install/examples_rclpy_minimal_action_server:/home/kiara/ros2_ws/install/examples_rclpy_minimal_action_client:/home/kiara/ros2_ws/install/examples_rclpy_guard_conditions:/home/kiara/ros2_ws/install/examples_rclpy_executors:/opt/ros/humble /usr/bin/cmake /home/kiara/final_ws/src/tutorial_interfaces -DCMAKE_INSTALL_PREFIX=/home/kiara/final_ws/src/install/tutorial_interfaces
[2.826s] DEBUG:colcon.colcon_core.event_handler.log_command:Invoking command in '/home/kiara/final_ws/src/build/tutorial_interfaces': CMAKE_PREFIX_PATH=${CMAKE_PREFIX_PATH}:/home/kiara/final_ws/install/py_srvcli:/home/kiara/final_ws/install/my_robot_controller:/home/kiara/ros2_ws/install/py_pubsub:/home/kiara/ros2_ws/install/launch_testing_examples:/home/kiara/ros2_ws/install/examples_rclpy_pointcloud_publisher:/home/kiara/ros2_ws/install/examples_rclpy_minimal_subscriber:/home/kiara/ros2_ws/install/examples_rclpy_minimal_service:/home/kiara/ros2_ws/install/examples_rclpy_minimal_publisher:/home/kiara/ros2_ws/install/examples_rclpy_minimal_client:/home/kiara/ros2_ws/install/examples_rclpy_minimal_action_server:/home/kiara/ros2_ws/install/examples_rclpy_minimal_action_client:/home/kiara/ros2_ws/install/examples_rclpy_guard_conditions:/home/kiara/ros2_ws/install/examples_rclpy_executors:/opt/ros/humble /usr/bin/cmake --build /home/kiara/final_ws/src/build/tutorial_interfaces -- -j12 -l12
[5.099s] DEBUG:colcon.colcon_core.event_handler.log_command:Invoked command in '/home/kiara/final_ws/src/build/tutorial_interfaces' returned '0': CMAKE_PREFIX_PATH=${CMAKE_PREFIX_PATH}:/home/kiara/final_ws/install/py_srvcli:/home/kiara/final_ws/install/my_robot_controller:/home/kiara/ros2_ws/install/py_pubsub:/home/kiara/ros2_ws/install/launch_testing_examples:/home/kiara/ros2_ws/install/examples_rclpy_pointcloud_publisher:/home/kiara/ros2_ws/install/examples_rclpy_minimal_subscriber:/home/kiara/ros2_ws/install/examples_rclpy_minimal_service:/home/kiara/ros2_ws/install/examples_rclpy_minimal_publisher:/home/kiara/ros2_ws/install/examples_rclpy_minimal_client:/home/kiara/ros2_ws/install/examples_rclpy_minimal_action_server:/home/kiara/ros2_ws/install/examples_rclpy_minimal_action_client:/home/kiara/ros2_ws/install/examples_rclpy_guard_conditions:/home/kiara/ros2_ws/install/examples_rclpy_executors:/opt/ros/humble /usr/bin/cmake --build /home/kiara/final_ws/src/build/tutorial_interfaces -- -j12 -l12
[5.101s] DEBUG:colcon.colcon_core.event_handler.log_command:Invoking command in '/home/kiara/final_ws/src/build/tutorial_interfaces': CMAKE_PREFIX_PATH=${CMAKE_PREFIX_PATH}:/home/kiara/final_ws/install/py_srvcli:/home/kiara/final_ws/install/my_robot_controller:/home/kiara/ros2_ws/install/py_pubsub:/home/kiara/ros2_ws/install/launch_testing_examples:/home/kiara/ros2_ws/install/examples_rclpy_pointcloud_publisher:/home/kiara/ros2_ws/install/examples_rclpy_minimal_subscriber:/home/kiara/ros2_ws/install/examples_rclpy_minimal_service:/home/kiara/ros2_ws/install/examples_rclpy_minimal_publisher:/home/kiara/ros2_ws/install/examples_rclpy_minimal_client:/home/kiara/ros2_ws/install/examples_rclpy_minimal_action_server:/home/kiara/ros2_ws/install/examples_rclpy_minimal_action_client:/home/kiara/ros2_ws/install/examples_rclpy_guard_conditions:/home/kiara/ros2_ws/install/examples_rclpy_executors:/opt/ros/humble /usr/bin/cmake --install /home/kiara/final_ws/src/build/tutorial_interfaces
[5.150s] Level 1:colcon.colcon_core.environment:create_environment_scripts_only(tutorial_interfaces)
[5.151s] Level 1:colcon.colcon_core.environment:checking '/home/kiara/final_ws/src/install/tutorial_interfaces' for CMake module files
[5.151s] DEBUG:colcon.colcon_core.event_handler.log_command:Invoked command in '/home/kiara/final_ws/src/build/tutorial_interfaces' returned '0': CMAKE_PREFIX_PATH=${CMAKE_PREFIX_PATH}:/home/kiara/final_ws/install/py_srvcli:/home/kiara/final_ws/install/my_robot_controller:/home/kiara/ros2_ws/install/py_pubsub:/home/kiara/ros2_ws/install/launch_testing_examples:/home/kiara/ros2_ws/install/examples_rclpy_pointcloud_publisher:/home/kiara/ros2_ws/install/examples_rclpy_minimal_subscriber:/home/kiara/ros2_ws/install/examples_rclpy_minimal_service:/home/kiara/ros2_ws/install/examples_rclpy_minimal_publisher:/home/kiara/ros2_ws/install/examples_rclpy_minimal_client:/home/kiara/ros2_ws/install/examples_rclpy_minimal_action_server:/home/kiara/ros2_ws/install/examples_rclpy_minimal_action_client:/home/kiara/ros2_ws/install/examples_rclpy_guard_conditions:/home/kiara/ros2_ws/install/examples_rclpy_executors:/opt/ros/humble /usr/bin/cmake --install /home/kiara/final_ws/src/build/tutorial_interfaces
[5.152s] Level 1:colcon.colcon_core.environment:checking '/home/kiara/final_ws/src/install/tutorial_interfaces' for CMake config files
[5.152s] Level 1:colcon.colcon_core.shell:create_environment_hook('tutorial_interfaces', 'cmake_prefix_path')
[5.152s] INFO:colcon.colcon_core.shell:Creating environment hook '/home/kiara/final_ws/src/install/tutorial_interfaces/share/tutorial_interfaces/hook/cmake_prefix_path.ps1'
[5.153s] INFO:colcon.colcon_core.shell:Creating environment descriptor '/home/kiara/final_ws/src/install/tutorial_interfaces/share/tutorial_interfaces/hook/cmake_prefix_path.dsv'
[5.153s] INFO:colcon.colcon_core.shell:Creating environment hook '/home/kiara/final_ws/src/install/tutorial_interfaces/share/tutorial_interfaces/hook/cmake_prefix_path.sh'
[5.154s] Level 1:colcon.colcon_core.environment:checking '/home/kiara/final_ws/src/install/tutorial_interfaces/lib'
[5.154s] Level 1:colcon.colcon_core.shell:create_environment_hook('tutorial_interfaces', 'ld_library_path_lib')
[5.154s] INFO:colcon.colcon_core.shell:Creating environment hook '/home/kiara/final_ws/src/install/tutorial_interfaces/share/tutorial_interfaces/hook/ld_library_path_lib.ps1'
[5.155s] INFO:colcon.colcon_core.shell:Creating environment descriptor '/home/kiara/final_ws/src/install/tutorial_interfaces/share/tutorial_interfaces/hook/ld_library_path_lib.dsv'
[5.155s] INFO:colcon.colcon_core.shell:Creating environment hook '/home/kiara/final_ws/src/install/tutorial_interfaces/share/tutorial_interfaces/hook/ld_library_path_lib.sh'
[5.155s] Level 1:colcon.colcon_core.environment:checking '/home/kiara/final_ws/src/install/tutorial_interfaces/bin'
[5.156s] Level 1:colcon.colcon_core.environment:checking '/home/kiara/final_ws/src/install/tutorial_interfaces/lib/pkgconfig/tutorial_interfaces.pc'
[5.156s] Level 1:colcon.colcon_core.environment:checking '/home/kiara/final_ws/src/install/tutorial_interfaces/lib/python3.10/site-packages'
[5.156s] Level 1:colcon.colcon_core.environment:checking '/home/kiara/final_ws/src/install/tutorial_interfaces/bin'
[5.156s] INFO:colcon.colcon_core.shell:Creating package script '/home/kiara/final_ws/src/install/tutorial_interfaces/share/tutorial_interfaces/package.ps1'
[5.157s] INFO:colcon.colcon_core.shell:Creating package descriptor '/home/kiara/final_ws/src/install/tutorial_interfaces/share/tutorial_interfaces/package.dsv'
[5.157s] INFO:colcon.colcon_core.shell:Creating package script '/home/kiara/final_ws/src/install/tutorial_interfaces/share/tutorial_interfaces/package.sh'
[5.157s] INFO:colcon.colcon_core.shell:Creating package script '/home/kiara/final_ws/src/install/tutorial_interfaces/share/tutorial_interfaces/package.bash'
[5.158s] INFO:colcon.colcon_core.shell:Creating package script '/home/kiara/final_ws/src/install/tutorial_interfaces/share/tutorial_interfaces/package.zsh'
[5.158s] Level 1:colcon.colcon_core.environment:create_file_with_runtime_dependencies(/home/kiara/final_ws/src/install/tutorial_interfaces/share/colcon-core/packages/tutorial_interfaces)
[5.158s] Level 1:colcon.colcon_core.environment:create_environment_scripts_only(tutorial_interfaces)
[5.158s] Level 1:colcon.colcon_core.environment:checking '/home/kiara/final_ws/src/install/tutorial_interfaces' for CMake module files
[5.158s] Level 1:colcon.colcon_core.environment:checking '/home/kiara/final_ws/src/install/tutorial_interfaces' for CMake config files
[5.159s] Level 1:colcon.colcon_core.shell:create_environment_hook('tutorial_interfaces', 'cmake_prefix_path')
[5.159s] INFO:colcon.colcon_core.shell:Creating environment hook '/home/kiara/final_ws/src/install/tutorial_interfaces/share/tutorial_interfaces/hook/cmake_prefix_path.ps1'
[5.159s] INFO:colcon.colcon_core.shell:Creating environment descriptor '/home/kiara/final_ws/src/install/tutorial_interfaces/share/tutorial_interfaces/hook/cmake_prefix_path.dsv'
[5.159s] INFO:colcon.colcon_core.shell:Creating environment hook '/home/kiara/final_ws/src/install/tutorial_interfaces/share/tutorial_interfaces/hook/cmake_prefix_path.sh'
[5.159s] Level 1:colcon.colcon_core.environment:checking '/home/kiara/final_ws/src/install/tutorial_interfaces/lib'
[5.159s] Level 1:colcon.colcon_core.shell:create_environment_hook('tutorial_interfaces', 'ld_library_path_lib')
[5.160s] INFO:colcon.colcon_core.shell:Creating environment hook '/home/kiara/final_ws/src/install/tutorial_interfaces/share/tutorial_interfaces/hook/ld_library_path_lib.ps1'
[5.160s] INFO:colcon.colcon_core.shell:Creating environment descriptor '/home/kiara/final_ws/src/install/tutorial_interfaces/share/tutorial_interfaces/hook/ld_library_path_lib.dsv'
[5.160s] INFO:colcon.colcon_core.shell:Creating environment hook '/home/kiara/final_ws/src/install/tutorial_interfaces/share/tutorial_interfaces/hook/ld_library_path_lib.sh'
[5.160s] Level 1:colcon.colcon_core.environment:checking '/home/kiara/final_ws/src/install/tutorial_interfaces/bin'
[5.160s] Level 1:colcon.colcon_core.environment:checking '/home/kiara/final_ws/src/install/tutorial_interfaces/lib/pkgconfig/tutorial_interfaces.pc'
[5.160s] Level 1:colcon.colcon_core.environment:checking '/home/kiara/final_ws/src/install/tutorial_interfaces/lib/python3.10/site-packages'
[5.160s] Level 1:colcon.colcon_core.environment:checking '/home/kiara/final_ws/src/install/tutorial_interfaces/bin'
[5.161s] INFO:colcon.colcon_core.shell:Creating package script '/home/kiara/final_ws/src/install/tutorial_interfaces/share/tutorial_interfaces/package.ps1'
[5.161s] INFO:colcon.colcon_core.shell:Creating package descriptor '/home/kiara/final_ws/src/install/tutorial_interfaces/share/tutorial_interfaces/package.dsv'
[5.161s] INFO:colcon.colcon_core.shell:Creating package script '/home/kiara/final_ws/src/install/tutorial_interfaces/share/tutorial_interfaces/package.sh'
[5.162s] INFO:colcon.colcon_core.shell:Creating package script '/home/kiara/final_ws/src/install/tutorial_interfaces/share/tutorial_interfaces/package.bash'
[5.162s] INFO:colcon.colcon_core.shell:Creating package script '/home/kiara/final_ws/src/install/tutorial_interfaces/share/tutorial_interfaces/package.zsh'
[5.162s] Level 1:colcon.colcon_core.environment:create_file_with_runtime_dependencies(/home/kiara/final_ws/src/install/tutorial_interfaces/share/colcon-core/packages/tutorial_interfaces)
[5.162s] DEBUG:colcon.colcon_parallel_executor.executor.parallel:closing loop
[5.162s] DEBUG:colcon.colcon_parallel_executor.executor.parallel:loop closed
[5.162s] DEBUG:colcon.colcon_parallel_executor.executor.parallel:run_until_complete finished with '0'
[5.162s] DEBUG:colcon.colcon_core.event_reactor:joining thread
[5.169s] INFO:colcon.colcon_core.plugin_system:Skipping extension 'colcon_notification.desktop_notification.terminal_notifier': Not used on non-Darwin systems
[5.169s] INFO:colcon.colcon_core.plugin_system:Skipping extension 'colcon_notification.desktop_notification.win32': Not used on non-Windows systems
[5.169s] INFO:colcon.colcon_notification.desktop_notification:Sending desktop notification using 'notify2'
[5.188s] DEBUG:colcon.colcon_core.event_reactor:joined thread
[5.188s] INFO:colcon.colcon_core.shell:Creating prefix script '/home/kiara/final_ws/src/install/local_setup.ps1'
[5.189s] INFO:colcon.colcon_core.shell:Creating prefix util module '/home/kiara/final_ws/src/install/_local_setup_util_ps1.py'
[5.190s] INFO:colcon.colcon_core.shell:Creating prefix chain script '/home/kiara/final_ws/src/install/setup.ps1'
[5.191s] INFO:colcon.colcon_core.shell:Creating prefix script '/home/kiara/final_ws/src/install/local_setup.sh'
[5.192s] INFO:colcon.colcon_core.shell:Creating prefix util module '/home/kiara/final_ws/src/install/_local_setup_util_sh.py'
[5.192s] INFO:colcon.colcon_core.shell:Creating prefix chain script '/home/kiara/final_ws/src/install/setup.sh'
[5.193s] INFO:colcon.colcon_core.shell:Creating prefix script '/home/kiara/final_ws/src/install/local_setup.bash'
[5.193s] INFO:colcon.colcon_core.shell:Creating prefix chain script '/home/kiara/final_ws/src/install/setup.bash'
[5.194s] INFO:colcon.colcon_core.shell:Creating prefix script '/home/kiara/final_ws/src/install/local_setup.zsh'
[5.195s] INFO:colcon.colcon_core.shell:Creating prefix chain script '/home/kiara/final_ws/src/install/setup.zsh'
