[1.173s] Invoking command in '/home/kiara/final_ws/src/my_robot_controller': PYTHONPATH=/home/kiara/final_ws/build/my_robot_controller/prefix_override:/usr/lib/python3/dist-packages/colcon_core/task/python/colcon_distutils_commands:/home/kiara/final_ws/install/my_robot_controller/lib/python3.10/site-packages:${PYTHONPATH} /usr/bin/python3 -W ignore:setup.py install is deprecated -W ignore:easy_install command is deprecated setup.py egg_info --egg-base ../../build/my_robot_controller build --build-base /home/kiara/final_ws/build/my_robot_controller/build install --record /home/kiara/final_ws/build/my_robot_controller/install.log --single-version-externally-managed install_data
[1.373s] running egg_info
[1.373s] writing ../../build/my_robot_controller/my_robot_controller.egg-info/PKG-INFO
[1.373s] writing dependency_links to ../../build/my_robot_controller/my_robot_controller.egg-info/dependency_links.txt
[1.373s] writing entry points to ../../build/my_robot_controller/my_robot_controller.egg-info/entry_points.txt
[1.373s] writing requirements to ../../build/my_robot_controller/my_robot_controller.egg-info/requires.txt
[1.374s] writing top-level names to ../../build/my_robot_controller/my_robot_controller.egg-info/top_level.txt
[1.384s] reading manifest file '../../build/my_robot_controller/my_robot_controller.egg-info/SOURCES.txt'
[1.384s] writing manifest file '../../build/my_robot_controller/my_robot_controller.egg-info/SOURCES.txt'
[1.385s] running build
[1.385s] running build_py
[1.385s] running install
[1.385s] running install_lib
[1.386s] running install_data
[1.387s] running install_egg_info
[1.388s] removing '/home/kiara/final_ws/install/my_robot_controller/lib/python3.10/site-packages/my_robot_controller-0.0.0-py3.10.egg-info' (and everything under it)
[1.388s] Copying ../../build/my_robot_controller/my_robot_controller.egg-info to /home/kiara/final_ws/install/my_robot_controller/lib/python3.10/site-packages/my_robot_controller-0.0.0-py3.10.egg-info
[1.389s] running install_scripts
[1.418s] Installing listener script to /home/kiara/final_ws/install/my_robot_controller/lib/my_robot_controller
[1.419s] Installing talker script to /home/kiara/final_ws/install/my_robot_controller/lib/my_robot_controller
[1.419s] Installing test_node script to /home/kiara/final_ws/install/my_robot_controller/lib/my_robot_controller
[1.419s] writing list of installed files to '/home/kiara/final_ws/build/my_robot_controller/install.log'
[1.452s] Invoked command in '/home/kiara/final_ws/src/my_robot_controller' returned '0': PYTHONPATH=/home/kiara/final_ws/build/my_robot_controller/prefix_override:/usr/lib/python3/dist-packages/colcon_core/task/python/colcon_distutils_commands:/home/kiara/final_ws/install/my_robot_controller/lib/python3.10/site-packages:${PYTHONPATH} /usr/bin/python3 -W ignore:setup.py install is deprecated -W ignore:easy_install command is deprecated setup.py egg_info --egg-base ../../build/my_robot_controller build --build-base /home/kiara/final_ws/build/my_robot_controller/build install --record /home/kiara/final_ws/build/my_robot_controller/install.log --single-version-externally-managed install_data
