running egg_info
creating build/ros2tasks/ros2tasks.egg-info
writing build/ros2tasks/ros2tasks.egg-info/PKG-INFO
writing dependency_links to build/ros2tasks/ros2tasks.egg-info/dependency_links.txt
writing entry points to build/ros2tasks/ros2tasks.egg-info/entry_points.txt
writing requirements to build/ros2tasks/ros2tasks.egg-info/requires.txt
writing top-level names to build/ros2tasks/ros2tasks.egg-info/top_level.txt
writing manifest file 'build/ros2tasks/ros2tasks.egg-info/SOURCES.txt'
reading manifest file 'build/ros2tasks/ros2tasks.egg-info/SOURCES.txt'
adding license file 'LICENSE'
writing manifest file 'build/ros2tasks/ros2tasks.egg-info/SOURCES.txt'
running build
running build_py
creating /home/kiara/final_ws/src/ros2tasks/build/ros2tasks/build
creating /home/kiara/final_ws/src/ros2tasks/build/ros2tasks/build/lib
creating /home/kiara/final_ws/src/ros2tasks/build/ros2tasks/build/lib/ros2tasks
copying ros2tasks/image_publisher_node.py -> /home/kiara/final_ws/src/ros2tasks/build/ros2tasks/build/lib/ros2tasks
copying ros2tasks/vision_detector_node.py -> /home/kiara/final_ws/src/ros2tasks/build/ros2tasks/build/lib/ros2tasks
copying ros2tasks/__init__.py -> /home/kiara/final_ws/src/ros2tasks/build/ros2tasks/build/lib/ros2tasks
running install
running install_lib
creating /home/kiara/final_ws/src/ros2tasks/install/ros2tasks/lib/python3.10/site-packages/ros2tasks
copying /home/kiara/final_ws/src/ros2tasks/build/ros2tasks/build/lib/ros2tasks/image_publisher_node.py -> /home/kiara/final_ws/src/ros2tasks/install/ros2tasks/lib/python3.10/site-packages/ros2tasks
copying /home/kiara/final_ws/src/ros2tasks/build/ros2tasks/build/lib/ros2tasks/vision_detector_node.py -> /home/kiara/final_ws/src/ros2tasks/install/ros2tasks/lib/python3.10/site-packages/ros2tasks
copying /home/kiara/final_ws/src/ros2tasks/build/ros2tasks/build/lib/ros2tasks/__init__.py -> /home/kiara/final_ws/src/ros2tasks/install/ros2tasks/lib/python3.10/site-packages/ros2tasks
byte-compiling /home/kiara/final_ws/src/ros2tasks/install/ros2tasks/lib/python3.10/site-packages/ros2tasks/image_publisher_node.py to image_publisher_node.cpython-310.pyc
byte-compiling /home/kiara/final_ws/src/ros2tasks/install/ros2tasks/lib/python3.10/site-packages/ros2tasks/vision_detector_node.py to vision_detector_node.cpython-310.pyc
byte-compiling /home/kiara/final_ws/src/ros2tasks/install/ros2tasks/lib/python3.10/site-packages/ros2tasks/__init__.py to __init__.cpython-310.pyc
running install_data
creating /home/kiara/final_ws/src/ros2tasks/install/ros2tasks/share/ament_index
creating /home/kiara/final_ws/src/ros2tasks/install/ros2tasks/share/ament_index/resource_index
creating /home/kiara/final_ws/src/ros2tasks/install/ros2tasks/share/ament_index/resource_index/packages
copying resource/ros2tasks -> /home/kiara/final_ws/src/ros2tasks/install/ros2tasks/share/ament_index/resource_index/packages
copying package.xml -> /home/kiara/final_ws/src/ros2tasks/install/ros2tasks/share/ros2tasks
running install_egg_info
Copying build/ros2tasks/ros2tasks.egg-info to /home/kiara/final_ws/src/ros2tasks/install/ros2tasks/lib/python3.10/site-packages/ros2tasks-0.0.0-py3.10.egg-info
running install_scripts
Installing image_publisher script to /home/kiara/final_ws/src/ros2tasks/install/ros2tasks/lib/ros2tasks
Installing vision_detector_node script to /home/kiara/final_ws/src/ros2tasks/install/ros2tasks/lib/ros2tasks
writing list of installed files to '/home/kiara/final_ws/src/ros2tasks/build/ros2tasks/install.log'
