[0.087s] DEBUG:colcon:Command line arguments: ['/usr/bin/colcon', 'list', '-p', '--base-paths', '/home/kiara/final_ws']
[0.087s] DEBUG:colcon:Parsed command line arguments: Namespace(log_base=None, log_level=None, verb_name='list', build_base='build', ignore_user_meta=False, metas=['./colcon.meta'], base_paths=['/home/kiara/final_ws'], packages_ignore=None, packages_ignore_regex=None, paths=None, packages_up_to=None, packages_up_to_regex=None, packages_above=None, packages_above_and_dependencies=None, packages_above_depth=None, packages_select_by_dep=None, packages_skip_by_dep=None, packages_skip_up_to=None, packages_select_build_failed=False, packages_skip_build_finished=False, packages_select_test_failures=False, packages_skip_test_passed=False, packages_select=None, packages_skip=None, packages_select_regex=None, packages_skip_regex=None, packages_start=None, packages_end=None, allow_overriding=[], topological_order=False, names_only=False, paths_only=True, topological_graph=False, topological_graph_dot=False, topological_graph_density=False, topological_graph_legend=False, topological_graph_dot_cluster=False, topological_graph_dot_include_skipped=False, mixin_files=None, mixin=None, verb_parser=<colcon_mixin.mixin.mixin_argument.MixinArgumentDecorator object at 0x74d251c7b580>, verb_extension=<colcon_package_information.verb.list.ListVerb object at 0x74d251c7a650>, main=<bound method ListVerb.main of <colcon_package_information.verb.list.ListVerb object at 0x74d251c7a650>>, mixin_verb=('list',))
[0.254s] Level 1:colcon.colcon_core.package_discovery:discover_packages(colcon_meta) check parameters
[0.254s] Level 1:colcon.colcon_core.package_discovery:discover_packages(recursive) check parameters
[0.254s] Level 1:colcon.colcon_core.package_discovery:discover_packages(ignore) check parameters
[0.254s] Level 1:colcon.colcon_core.package_discovery:discover_packages(path) check parameters
[0.254s] Level 1:colcon.colcon_core.package_discovery:discover_packages(recursive) discover
[0.254s] INFO:colcon.colcon_core.package_discovery:Crawling recursively for packages in '/home/kiara/final_ws'
[0.255s] Level 1:colcon.colcon_core.package_identification:_identify(/home/kiara/final_ws) by extensions ['ignore', 'ignore_ament_install']
[0.255s] Level 1:colcon.colcon_core.package_identification:_identify(/home/kiara/final_ws) by extension 'ignore'
[0.255s] Level 1:colcon.colcon_core.package_identification:_identify(/home/kiara/final_ws) by extension 'ignore_ament_install'
[0.255s] Level 1:colcon.colcon_core.package_identification:_identify(/home/kiara/final_ws) by extensions ['colcon_pkg']
[0.255s] Level 1:colcon.colcon_core.package_identification:_identify(/home/kiara/final_ws) by extension 'colcon_pkg'
[0.255s] Level 1:colcon.colcon_core.package_identification:_identify(/home/kiara/final_ws) by extensions ['colcon_meta']
[0.255s] Level 1:colcon.colcon_core.package_identification:_identify(/home/kiara/final_ws) by extension 'colcon_meta'
[0.255s] Level 1:colcon.colcon_core.package_identification:_identify(/home/kiara/final_ws) by extensions ['ros']
[0.255s] Level 1:colcon.colcon_core.package_identification:_identify(/home/kiara/final_ws) by extension 'ros'
[0.268s] Level 1:colcon.colcon_core.package_identification:_identify(/home/kiara/final_ws) by extensions ['cmake', 'python']
[0.268s] Level 1:colcon.colcon_core.package_identification:_identify(/home/kiara/final_ws) by extension 'cmake'
[0.268s] Level 1:colcon.colcon_core.package_identification:_identify(/home/kiara/final_ws) by extension 'python'
[0.268s] Level 1:colcon.colcon_core.package_identification:_identify(/home/kiara/final_ws) by extensions ['python_setup_py']
[0.268s] Level 1:colcon.colcon_core.package_identification:_identify(/home/kiara/final_ws) by extension 'python_setup_py'
[0.268s] Level 1:colcon.colcon_core.package_identification:_identify(/home/kiara/final_ws/build) by extensions ['ignore', 'ignore_ament_install']
[0.268s] Level 1:colcon.colcon_core.package_identification:_identify(/home/kiara/final_ws/build) by extension 'ignore'
[0.268s] Level 1:colcon.colcon_core.package_identification:_identify(/home/kiara/final_ws/build) ignored
[0.268s] Level 1:colcon.colcon_core.package_identification:_identify(/home/kiara/final_ws/install) by extensions ['ignore', 'ignore_ament_install']
[0.268s] Level 1:colcon.colcon_core.package_identification:_identify(/home/kiara/final_ws/install) by extension 'ignore'
[0.268s] Level 1:colcon.colcon_core.package_identification:_identify(/home/kiara/final_ws/install) ignored
[0.268s] Level 1:colcon.colcon_core.package_identification:_identify(/home/kiara/final_ws/log) by extensions ['ignore', 'ignore_ament_install']
[0.268s] Level 1:colcon.colcon_core.package_identification:_identify(/home/kiara/final_ws/log) by extension 'ignore'
[0.268s] Level 1:colcon.colcon_core.package_identification:_identify(/home/kiara/final_ws/log) ignored
[0.268s] Level 1:colcon.colcon_core.package_identification:_identify(/home/kiara/final_ws/src) by extensions ['ignore', 'ignore_ament_install']
[0.268s] Level 1:colcon.colcon_core.package_identification:_identify(/home/kiara/final_ws/src) by extension 'ignore'
[0.268s] Level 1:colcon.colcon_core.package_identification:_identify(/home/kiara/final_ws/src) by extension 'ignore_ament_install'
[0.268s] Level 1:colcon.colcon_core.package_identification:_identify(/home/kiara/final_ws/src) by extensions ['colcon_pkg']
[0.268s] Level 1:colcon.colcon_core.package_identification:_identify(/home/kiara/final_ws/src) by extension 'colcon_pkg'
[0.269s] Level 1:colcon.colcon_core.package_identification:_identify(/home/kiara/final_ws/src) by extensions ['colcon_meta']
[0.269s] Level 1:colcon.colcon_core.package_identification:_identify(/home/kiara/final_ws/src) by extension 'colcon_meta'
[0.269s] Level 1:colcon.colcon_core.package_identification:_identify(/home/kiara/final_ws/src) by extensions ['ros']
[0.269s] Level 1:colcon.colcon_core.package_identification:_identify(/home/kiara/final_ws/src) by extension 'ros'
[0.269s] Level 1:colcon.colcon_core.package_identification:_identify(/home/kiara/final_ws/src) by extensions ['cmake', 'python']
[0.269s] Level 1:colcon.colcon_core.package_identification:_identify(/home/kiara/final_ws/src) by extension 'cmake'
[0.269s] Level 1:colcon.colcon_core.package_identification:_identify(/home/kiara/final_ws/src) by extension 'python'
[0.269s] Level 1:colcon.colcon_core.package_identification:_identify(/home/kiara/final_ws/src) by extensions ['python_setup_py']
[0.269s] Level 1:colcon.colcon_core.package_identification:_identify(/home/kiara/final_ws/src) by extension 'python_setup_py'
[0.269s] Level 1:colcon.colcon_core.package_identification:_identify(/home/kiara/final_ws/src/action_tutorials_interfaces) by extensions ['ignore', 'ignore_ament_install']
[0.269s] Level 1:colcon.colcon_core.package_identification:_identify(/home/kiara/final_ws/src/action_tutorials_interfaces) by extension 'ignore'
[0.269s] Level 1:colcon.colcon_core.package_identification:_identify(/home/kiara/final_ws/src/action_tutorials_interfaces) by extension 'ignore_ament_install'
[0.269s] Level 1:colcon.colcon_core.package_identification:_identify(/home/kiara/final_ws/src/action_tutorials_interfaces) by extensions ['colcon_pkg']
[0.269s] Level 1:colcon.colcon_core.package_identification:_identify(/home/kiara/final_ws/src/action_tutorials_interfaces) by extension 'colcon_pkg'
[0.269s] Level 1:colcon.colcon_core.package_identification:_identify(/home/kiara/final_ws/src/action_tutorials_interfaces) by extensions ['colcon_meta']
[0.269s] Level 1:colcon.colcon_core.package_identification:_identify(/home/kiara/final_ws/src/action_tutorials_interfaces) by extension 'colcon_meta'
[0.269s] Level 1:colcon.colcon_core.package_identification:_identify(/home/kiara/final_ws/src/action_tutorials_interfaces) by extensions ['ros']
[0.269s] Level 1:colcon.colcon_core.package_identification:_identify(/home/kiara/final_ws/src/action_tutorials_interfaces) by extension 'ros'
[0.286s] DEBUG:colcon.colcon_core.package_identification:Package '/home/kiara/final_ws/src/action_tutorials_interfaces' with type 'ros.ament_cmake' and name 'action_tutorials_interfaces'
[0.286s] Level 1:colcon.colcon_core.package_identification:_identify(/home/kiara/final_ws/src/build) by extensions ['ignore', 'ignore_ament_install']
[0.287s] Level 1:colcon.colcon_core.package_identification:_identify(/home/kiara/final_ws/src/build) by extension 'ignore'
[0.287s] Level 1:colcon.colcon_core.package_identification:_identify(/home/kiara/final_ws/src/build) ignored
[0.287s] Level 1:colcon.colcon_core.package_identification:_identify(/home/kiara/final_ws/src/cpp_srvcli) by extensions ['ignore', 'ignore_ament_install']
[0.287s] Level 1:colcon.colcon_core.package_identification:_identify(/home/kiara/final_ws/src/cpp_srvcli) by extension 'ignore'
[0.287s] Level 1:colcon.colcon_core.package_identification:_identify(/home/kiara/final_ws/src/cpp_srvcli) by extension 'ignore_ament_install'
[0.287s] Level 1:colcon.colcon_core.package_identification:_identify(/home/kiara/final_ws/src/cpp_srvcli) by extensions ['colcon_pkg']
[0.287s] Level 1:colcon.colcon_core.package_identification:_identify(/home/kiara/final_ws/src/cpp_srvcli) by extension 'colcon_pkg'
[0.287s] Level 1:colcon.colcon_core.package_identification:_identify(/home/kiara/final_ws/src/cpp_srvcli) by extensions ['colcon_meta']
[0.287s] Level 1:colcon.colcon_core.package_identification:_identify(/home/kiara/final_ws/src/cpp_srvcli) by extension 'colcon_meta'
[0.287s] Level 1:colcon.colcon_core.package_identification:_identify(/home/kiara/final_ws/src/cpp_srvcli) by extensions ['ros']
[0.287s] Level 1:colcon.colcon_core.package_identification:_identify(/home/kiara/final_ws/src/cpp_srvcli) by extension 'ros'
[0.288s] DEBUG:colcon.colcon_core.package_identification:Package '/home/kiara/final_ws/src/cpp_srvcli' with type 'ros.ament_cmake' and name 'cpp_srvcli'
[0.289s] Level 1:colcon.colcon_core.package_identification:_identify(/home/kiara/final_ws/src/install) by extensions ['ignore', 'ignore_ament_install']
[0.289s] Level 1:colcon.colcon_core.package_identification:_identify(/home/kiara/final_ws/src/install) by extension 'ignore'
[0.289s] Level 1:colcon.colcon_core.package_identification:_identify(/home/kiara/final_ws/src/install) ignored
[0.289s] Level 1:colcon.colcon_core.package_identification:_identify(/home/kiara/final_ws/src/log) by extensions ['ignore', 'ignore_ament_install']
[0.289s] Level 1:colcon.colcon_core.package_identification:_identify(/home/kiara/final_ws/src/log) by extension 'ignore'
[0.289s] Level 1:colcon.colcon_core.package_identification:_identify(/home/kiara/final_ws/src/log) ignored
[0.290s] Level 1:colcon.colcon_core.package_identification:_identify(/home/kiara/final_ws/src/my_robot_controller) by extensions ['ignore', 'ignore_ament_install']
[0.290s] Level 1:colcon.colcon_core.package_identification:_identify(/home/kiara/final_ws/src/my_robot_controller) by extension 'ignore'
[0.290s] Level 1:colcon.colcon_core.package_identification:_identify(/home/kiara/final_ws/src/my_robot_controller) by extension 'ignore_ament_install'
[0.290s] Level 1:colcon.colcon_core.package_identification:_identify(/home/kiara/final_ws/src/my_robot_controller) by extensions ['colcon_pkg']
[0.290s] Level 1:colcon.colcon_core.package_identification:_identify(/home/kiara/final_ws/src/my_robot_controller) by extension 'colcon_pkg'
[0.290s] Level 1:colcon.colcon_core.package_identification:_identify(/home/kiara/final_ws/src/my_robot_controller) by extensions ['colcon_meta']
[0.290s] Level 1:colcon.colcon_core.package_identification:_identify(/home/kiara/final_ws/src/my_robot_controller) by extension 'colcon_meta'
[0.290s] Level 1:colcon.colcon_core.package_identification:_identify(/home/kiara/final_ws/src/my_robot_controller) by extensions ['ros']
[0.290s] Level 1:colcon.colcon_core.package_identification:_identify(/home/kiara/final_ws/src/my_robot_controller) by extension 'ros'
[0.291s] DEBUG:colcon.colcon_core.package_identification:Package '/home/kiara/final_ws/src/my_robot_controller' with type 'ros.ament_python' and name 'my_robot_controller'
[0.292s] Level 1:colcon.colcon_core.package_identification:_identify(/home/kiara/final_ws/src/py_srvcli) by extensions ['ignore', 'ignore_ament_install']
[0.292s] Level 1:colcon.colcon_core.package_identification:_identify(/home/kiara/final_ws/src/py_srvcli) by extension 'ignore'
[0.292s] Level 1:colcon.colcon_core.package_identification:_identify(/home/kiara/final_ws/src/py_srvcli) by extension 'ignore_ament_install'
[0.292s] Level 1:colcon.colcon_core.package_identification:_identify(/home/kiara/final_ws/src/py_srvcli) by extensions ['colcon_pkg']
[0.292s] Level 1:colcon.colcon_core.package_identification:_identify(/home/kiara/final_ws/src/py_srvcli) by extension 'colcon_pkg'
[0.292s] Level 1:colcon.colcon_core.package_identification:_identify(/home/kiara/final_ws/src/py_srvcli) by extensions ['colcon_meta']
[0.292s] Level 1:colcon.colcon_core.package_identification:_identify(/home/kiara/final_ws/src/py_srvcli) by extension 'colcon_meta'
[0.292s] Level 1:colcon.colcon_core.package_identification:_identify(/home/kiara/final_ws/src/py_srvcli) by extensions ['ros']
[0.292s] Level 1:colcon.colcon_core.package_identification:_identify(/home/kiara/final_ws/src/py_srvcli) by extension 'ros'
[0.293s] DEBUG:colcon.colcon_core.package_identification:Package '/home/kiara/final_ws/src/py_srvcli' with type 'ros.ament_python' and name 'py_srvcli'
[0.294s] Level 1:colcon.colcon_core.package_identification:_identify(/home/kiara/final_ws/src/ros2tasks) by extensions ['ignore', 'ignore_ament_install']
[0.294s] Level 1:colcon.colcon_core.package_identification:_identify(/home/kiara/final_ws/src/ros2tasks) by extension 'ignore'
[0.294s] Level 1:colcon.colcon_core.package_identification:_identify(/home/kiara/final_ws/src/ros2tasks) by extension 'ignore_ament_install'
[0.294s] Level 1:colcon.colcon_core.package_identification:_identify(/home/kiara/final_ws/src/ros2tasks) by extensions ['colcon_pkg']
[0.294s] Level 1:colcon.colcon_core.package_identification:_identify(/home/kiara/final_ws/src/ros2tasks) by extension 'colcon_pkg'
[0.294s] Level 1:colcon.colcon_core.package_identification:_identify(/home/kiara/final_ws/src/ros2tasks) by extensions ['colcon_meta']
[0.294s] Level 1:colcon.colcon_core.package_identification:_identify(/home/kiara/final_ws/src/ros2tasks) by extension 'colcon_meta'
[0.294s] Level 1:colcon.colcon_core.package_identification:_identify(/home/kiara/final_ws/src/ros2tasks) by extensions ['ros']
[0.294s] Level 1:colcon.colcon_core.package_identification:_identify(/home/kiara/final_ws/src/ros2tasks) by extension 'ros'
[0.295s] DEBUG:colcon.colcon_core.package_identification:Package '/home/kiara/final_ws/src/ros2tasks' with type 'ros.ament_python' and name 'ros2tasks'
[0.295s] Level 1:colcon.colcon_core.package_identification:_identify(/home/kiara/final_ws/src/tutorial_interfaces) by extensions ['ignore', 'ignore_ament_install']
[0.295s] Level 1:colcon.colcon_core.package_identification:_identify(/home/kiara/final_ws/src/tutorial_interfaces) by extension 'ignore'
[0.295s] Level 1:colcon.colcon_core.package_identification:_identify(/home/kiara/final_ws/src/tutorial_interfaces) by extension 'ignore_ament_install'
[0.295s] Level 1:colcon.colcon_core.package_identification:_identify(/home/kiara/final_ws/src/tutorial_interfaces) by extensions ['colcon_pkg']
[0.295s] Level 1:colcon.colcon_core.package_identification:_identify(/home/kiara/final_ws/src/tutorial_interfaces) by extension 'colcon_pkg'
[0.295s] Level 1:colcon.colcon_core.package_identification:_identify(/home/kiara/final_ws/src/tutorial_interfaces) by extensions ['colcon_meta']
[0.295s] Level 1:colcon.colcon_core.package_identification:_identify(/home/kiara/final_ws/src/tutorial_interfaces) by extension 'colcon_meta'
[0.295s] Level 1:colcon.colcon_core.package_identification:_identify(/home/kiara/final_ws/src/tutorial_interfaces) by extensions ['ros']
[0.296s] Level 1:colcon.colcon_core.package_identification:_identify(/home/kiara/final_ws/src/tutorial_interfaces) by extension 'ros'
[0.296s] DEBUG:colcon.colcon_core.package_identification:Package '/home/kiara/final_ws/src/tutorial_interfaces' with type 'ros.ament_cmake' and name 'tutorial_interfaces'
[0.296s] Level 1:colcon.colcon_core.package_discovery:discover_packages(recursive) using defaults
