[0.609s] Invoking command in '/home/kiara/final_ws/src/my_robot_controller': PYTHONPATH=/home/kiara/final_ws/build/my_robot_controller/prefix_override:/usr/lib/python3/dist-packages/colcon_core/task/python/colcon_distutils_commands:/home/kiara/final_ws/install/my_robot_controller/lib/python3.10/site-packages:${PYTHONPATH} /usr/bin/python3 -W ignore:setup.py install is deprecated -W ignore:easy_install command is deprecated setup.py egg_info --egg-base ../../build/my_robot_controller build --build-base /home/kiara/final_ws/build/my_robot_controller/build install --record /home/kiara/final_ws/build/my_robot_controller/install.log --single-version-externally-managed install_data
[0.786s] running egg_info
[0.786s] writing ../../build/my_robot_controller/my_robot_controller.egg-info/PKG-INFO
[0.788s] writing dependency_links to ../../build/my_robot_controller/my_robot_controller.egg-info/dependency_links.txt
[0.789s] writing entry points to ../../build/my_robot_controller/my_robot_controller.egg-info/entry_points.txt
[0.789s] writing requirements to ../../build/my_robot_controller/my_robot_controller.egg-info/requires.txt
[0.789s] writing top-level names to ../../build/my_robot_controller/my_robot_controller.egg-info/top_level.txt
[0.790s] reading manifest file '../../build/my_robot_controller/my_robot_controller.egg-info/SOURCES.txt'
[0.790s] writing manifest file '../../build/my_robot_controller/my_robot_controller.egg-info/SOURCES.txt'
[0.790s] running build
[0.791s] running build_py
[0.791s] copying my_robot_controller/draw_circle.py -> /home/kiara/final_ws/build/my_robot_controller/build/lib/my_robot_controller
[0.791s] copying my_robot_controller/subscriber_member_function.py -> /home/kiara/final_ws/build/my_robot_controller/build/lib/my_robot_controller
[0.791s] copying my_robot_controller/my_first_node.py -> /home/kiara/final_ws/build/my_robot_controller/build/lib/my_robot_controller
[0.791s] running install
[0.791s] running install_lib
[0.792s] copying /home/kiara/final_ws/build/my_robot_controller/build/lib/my_robot_controller/draw_circle.py -> /home/kiara/final_ws/install/my_robot_controller/lib/python3.10/site-packages/my_robot_controller
[0.792s] copying /home/kiara/final_ws/build/my_robot_controller/build/lib/my_robot_controller/subscriber_member_function.py -> /home/kiara/final_ws/install/my_robot_controller/lib/python3.10/site-packages/my_robot_controller
[0.792s] copying /home/kiara/final_ws/build/my_robot_controller/build/lib/my_robot_controller/my_first_node.py -> /home/kiara/final_ws/install/my_robot_controller/lib/python3.10/site-packages/my_robot_controller
[0.792s] byte-compiling /home/kiara/final_ws/install/my_robot_controller/lib/python3.10/site-packages/my_robot_controller/draw_circle.py to draw_circle.cpython-310.pyc
[0.793s] byte-compiling /home/kiara/final_ws/install/my_robot_controller/lib/python3.10/site-packages/my_robot_controller/subscriber_member_function.py to subscriber_member_function.cpython-310.pyc
[0.793s] byte-compiling /home/kiara/final_ws/install/my_robot_controller/lib/python3.10/site-packages/my_robot_controller/my_first_node.py to my_first_node.cpython-310.pyc
[0.793s] running install_data
[0.793s] copying package.xml -> /home/kiara/final_ws/install/my_robot_controller/share/my_robot_controller
[0.793s] running install_egg_info
[0.795s] removing '/home/kiara/final_ws/install/my_robot_controller/lib/python3.10/site-packages/my_robot_controller-0.0.0-py3.10.egg-info' (and everything under it)
[0.795s] Copying ../../build/my_robot_controller/my_robot_controller.egg-info to /home/kiara/final_ws/install/my_robot_controller/lib/python3.10/site-packages/my_robot_controller-0.0.0-py3.10.egg-info
[0.795s] running install_scripts
[0.810s] Installing listerner script to /home/kiara/final_ws/install/my_robot_controller/lib/my_robot_controller
[0.810s] Installing talker script to /home/kiara/final_ws/install/my_robot_controller/lib/my_robot_controller
[0.811s] Installing test_node script to /home/kiara/final_ws/install/my_robot_controller/lib/my_robot_controller
[0.811s] writing list of installed files to '/home/kiara/final_ws/build/my_robot_controller/install.log'
[0.830s] Invoked command in '/home/kiara/final_ws/src/my_robot_controller' returned '0': PYTHONPATH=/home/kiara/final_ws/build/my_robot_controller/prefix_override:/usr/lib/python3/dist-packages/colcon_core/task/python/colcon_distutils_commands:/home/kiara/final_ws/install/my_robot_controller/lib/python3.10/site-packages:${PYTHONPATH} /usr/bin/python3 -W ignore:setup.py install is deprecated -W ignore:easy_install command is deprecated setup.py egg_info --egg-base ../../build/my_robot_controller build --build-base /home/kiara/final_ws/build/my_robot_controller/build install --record /home/kiara/final_ws/build/my_robot_controller/install.log --single-version-externally-managed install_data
