[0.465s] Invoking command in '/home/kiara/final_ws/src/ros2tasks': PYTHONPATH=/home/kiara/final_ws/build/ros2tasks/prefix_override:/usr/lib/python3/dist-packages/colcon_core/task/python/colcon_distutils_commands:/home/kiara/final_ws/install/ros2tasks/lib/python3.10/site-packages:${PYTHONPATH} /usr/bin/python3 -W ignore:setup.py install is deprecated -W ignore:easy_install command is deprecated setup.py egg_info --egg-base ../../build/ros2tasks build --build-base /home/kiara/final_ws/build/ros2tasks/build install --record /home/kiara/final_ws/build/ros2tasks/install.log --single-version-externally-managed install_data
[0.635s] running egg_info
[0.635s] writing ../../build/ros2tasks/ros2tasks.egg-info/PKG-INFO
[0.636s] writing dependency_links to ../../build/ros2tasks/ros2tasks.egg-info/dependency_links.txt
[0.636s] writing entry points to ../../build/ros2tasks/ros2tasks.egg-info/entry_points.txt
[0.636s] writing requirements to ../../build/ros2tasks/ros2tasks.egg-info/requires.txt
[0.636s] writing top-level names to ../../build/ros2tasks/ros2tasks.egg-info/top_level.txt
[0.637s] reading manifest file '../../build/ros2tasks/ros2tasks.egg-info/SOURCES.txt'
[0.637s] adding license file 'LICENSE'
[0.637s] writing manifest file '../../build/ros2tasks/ros2tasks.egg-info/SOURCES.txt'
[0.637s] running build
[0.637s] running build_py
[0.637s] copying ros2tasks/image_publisher_node.py -> /home/kiara/final_ws/build/ros2tasks/build/lib/ros2tasks
[0.638s] running install
[0.638s] running install_lib
[0.638s] copying /home/kiara/final_ws/build/ros2tasks/build/lib/ros2tasks/image_publisher_node.py -> /home/kiara/final_ws/install/ros2tasks/lib/python3.10/site-packages/ros2tasks
[0.645s] byte-compiling /home/kiara/final_ws/install/ros2tasks/lib/python3.10/site-packages/ros2tasks/image_publisher_node.py to image_publisher_node.cpython-310.pyc
[0.646s] running install_data
[0.646s] running install_egg_info
[0.647s] removing '/home/kiara/final_ws/install/ros2tasks/lib/python3.10/site-packages/ros2tasks-0.0.0-py3.10.egg-info' (and everything under it)
[0.647s] Copying ../../build/ros2tasks/ros2tasks.egg-info to /home/kiara/final_ws/install/ros2tasks/lib/python3.10/site-packages/ros2tasks-0.0.0-py3.10.egg-info
[0.648s] running install_scripts
[0.664s] Installing image_publisher script to /home/kiara/final_ws/install/ros2tasks/lib/ros2tasks
[0.664s] Installing vision_detector_node script to /home/kiara/final_ws/install/ros2tasks/lib/ros2tasks
[0.664s] writing list of installed files to '/home/kiara/final_ws/build/ros2tasks/install.log'
[0.682s] Invoked command in '/home/kiara/final_ws/src/ros2tasks' returned '0': PYTHONPATH=/home/kiara/final_ws/build/ros2tasks/prefix_override:/usr/lib/python3/dist-packages/colcon_core/task/python/colcon_distutils_commands:/home/kiara/final_ws/install/ros2tasks/lib/python3.10/site-packages:${PYTHONPATH} /usr/bin/python3 -W ignore:setup.py install is deprecated -W ignore:easy_install command is deprecated setup.py egg_info --egg-base ../../build/ros2tasks build --build-base /home/kiara/final_ws/build/ros2tasks/build install --record /home/kiara/final_ws/build/ros2tasks/install.log --single-version-externally-managed install_data
